2026-03-26T05:04:12.484+0700 [DEBUG] [org.gradle.launcher.daemon.bootstrap.DaemonMain] Assuming the daemon was started with following jvm opts: [-XX:MaxMetaspaceSize=256m, --add-opens=java.base/java.util=ALL-UNNAMED, --add-opens=java.base/java.lang=ALL-UNNAMED, --add-opens=java.base/java.lang.invoke=ALL-UNNAMED, --add-opens=java.prefs/java.util.prefs=ALL-UNNAMED, --add-opens=java.base/java.nio.charset=ALL-UNNAMED, --add-opens=java.base/java.net=ALL-UNNAMED, --add-opens=java.base/java.util.concurrent.atomic=ALL-UNNAMED, -Xmx1024m, -Dfile.encoding=UTF-8, -Duser.country=ID, -Duser.language=en, -Duser.variant]
2026-03-26T05:04:13.875+0700 [DEBUG] [org.gradle.internal.nativeintegration.services.NativeServices] Native-platform posix files integration is not available. Continuing with fallback.
2026-03-26T05:04:13.950+0700 [INFO] [org.gradle.launcher.daemon.server.Daemon] start() called on daemon - DefaultDaemonContext[uid=2dd82536-f77b-4408-a41a-03bc06cc08c4,javaHome=C:\Program Files\Microsoft\jdk-21.0.10.7-hotspot,daemonRegistryDir=C:\Users\Admin\Downloads\Auspoty\auspoty-flutter\android\.gradle_home\daemon,pid=1988,idleTimeout=120000,priority=NORMAL,applyInstrumentationAgent=true,daemonOpts=-XX:MaxMetaspaceSize=256m,--add-opens=java.base/java.util=ALL-UNNAMED,--add-opens=java.base/java.lang=ALL-UNNAMED,--add-opens=java.base/java.lang.invoke=ALL-UNNAMED,--add-opens=java.prefs/java.util.prefs=ALL-UNNAMED,--add-opens=java.base/java.nio.charset=ALL-UNNAMED,--add-opens=java.base/java.net=ALL-UNNAMED,--add-opens=java.base/java.util.concurrent.atomic=ALL-UNNAMED,-Xmx1024m,-Dfile.encoding=UTF-8,-Duser.country=ID,-Duser.language=en,-Duser.variant]
2026-03-26T05:04:14.502+0700 [DEBUG] [org.gradle.internal.remote.internal.inet.InetAddresses] Adding IP addresses for network interface Realtek PCIe GbE Family Controller-WFP Native MAC Layer LightWeight Filter-0000
2026-03-26T05:04:14.507+0700 [DEBUG] [org.gradle.internal.remote.internal.inet.InetAddresses] Is this a loopback interface? false
2026-03-26T05:04:14.508+0700 [DEBUG] [org.gradle.internal.remote.internal.inet.InetAddresses] Adding IP addresses for network interface Realtek PCIe GbE Family Controller-QoS Packet Scheduler-0000
2026-03-26T05:04:14.513+0700 [DEBUG] [org.gradle.internal.remote.internal.inet.InetAddresses] Is this a loopback interface? false
2026-03-26T05:04:14.514+0700 [DEBUG] [org.gradle.internal.remote.internal.inet.InetAddresses] Adding IP addresses for network interface Realtek PCIe GbE Family Controller-WFP 802.3 MAC Layer LightWeight Filter-0000
2026-03-26T05:04:14.518+0700 [DEBUG] [org.gradle.internal.remote.internal.inet.InetAddresses] Is this a loopback interface? false
2026-03-26T05:04:14.519+0700 [DEBUG] [org.gradle.internal.remote.internal.inet.InetAddresses] Adding IP addresses for network interface Microsoft Kernel Debug Network Adapter
2026-03-26T05:04:14.520+0700 [DEBUG] [org.gradle.internal.remote.internal.inet.InetAddresses] Is this a loopback interface? false
2026-03-26T05:04:14.520+0700 [DEBUG] [org.gradle.internal.remote.internal.inet.InetAddresses] Adding IP addresses for network interface WAN Miniport (IP)
2026-03-26T05:04:14.521+0700 [DEBUG] [org.gradle.internal.remote.internal.inet.InetAddresses] Is this a loopback interface? false
2026-03-26T05:04:14.523+0700 [DEBUG] [org.gradle.internal.remote.internal.inet.InetAddresses] Adding IP addresses for network interface WAN Miniport (IPv6)
2026-03-26T05:04:14.524+0700 [DEBUG] [org.gradle.internal.remote.internal.inet.InetAddresses] Is this a loopback interface? false
2026-03-26T05:04:14.524+0700 [DEBUG] [org.gradle.internal.remote.internal.inet.InetAddresses] Adding IP addresses for network interface WAN Miniport (Network Monitor)
2026-03-26T05:04:14.529+0700 [DEBUG] [org.gradle.internal.remote.internal.inet.InetAddresses] Is this a loopback interface? false
2026-03-26T05:04:14.548+0700 [DEBUG] [org.gradle.internal.remote.internal.inet.InetAddresses] Adding IP addresses for network interface Bluetooth Device (Personal Area Network)
2026-03-26T05:04:14.549+0700 [DEBUG] [org.gradle.internal.remote.internal.inet.InetAddresses] Is this a loopback interface? false
2026-03-26T05:04:14.643+0700 [DEBUG] [org.gradle.internal.remote.internal.inet.InetAddresses] Adding IP addresses for network interface Realtek PCIe GbE Family Controller
2026-03-26T05:04:14.670+0700 [DEBUG] [org.gradle.internal.remote.internal.inet.InetAddresses] Is this a loopback interface? false
2026-03-26T05:04:14.679+0700 [DEBUG] [org.gradle.internal.remote.internal.inet.InetAddresses] Adding remote address /fe80:0:0:0:492b:a422:6bab:96f4%ethernet_32773
2026-03-26T05:04:14.680+0700 [DEBUG] [org.gradle.internal.remote.internal.inet.InetAddresses] Adding IP addresses for network interface WAN Miniport (PPPOE)
2026-03-26T05:04:14.681+0700 [DEBUG] [org.gradle.internal.remote.internal.inet.InetAddresses] Is this a loopback interface? false
2026-03-26T05:04:14.682+0700 [DEBUG] [org.gradle.internal.remote.internal.inet.InetAddresses] Adding IP addresses for network interface Software Loopback Interface 1
2026-03-26T05:04:14.682+0700 [DEBUG] [org.gradle.internal.remote.internal.inet.InetAddresses] Is this a loopback interface? true
2026-03-26T05:04:14.683+0700 [DEBUG] [org.gradle.internal.remote.internal.inet.InetAddresses] Adding loopback address /0:0:0:0:0:0:0:1
2026-03-26T05:04:14.683+0700 [DEBUG] [org.gradle.internal.remote.internal.inet.InetAddresses] Adding loopback address /127.0.0.1
2026-03-26T05:04:14.683+0700 [DEBUG] [org.gradle.internal.remote.internal.inet.InetAddresses] Adding IP addresses for network interface Intel(R) Dual Band Wireless-AC 3168-WFP Native MAC Layer LightWeight Filter-0000
2026-03-26T05:04:14.726+0700 [DEBUG] [org.gradle.internal.remote.internal.inet.InetAddresses] Is this a loopback interface? false
2026-03-26T05:04:14.742+0700 [DEBUG] [org.gradle.internal.remote.internal.inet.InetAddresses] Adding IP addresses for network interface Intel(R) Dual Band Wireless-AC 3168-Virtual WiFi Filter Driver-0000
2026-03-26T05:04:14.765+0700 [DEBUG] [org.gradle.internal.remote.internal.inet.InetAddresses] Is this a loopback interface? false
2026-03-26T05:04:14.884+0700 [DEBUG] [org.gradle.internal.remote.internal.inet.InetAddresses] Adding IP addresses for network interface Intel(R) Dual Band Wireless-AC 3168-Native WiFi Filter Driver-0000
2026-03-26T05:04:14.926+0700 [DEBUG] [org.gradle.internal.remote.internal.inet.InetAddresses] Is this a loopback interface? false
2026-03-26T05:04:14.927+0700 [DEBUG] [org.gradle.internal.remote.internal.inet.InetAddresses] Adding IP addresses for network interface Intel(R) Dual Band Wireless-AC 3168-QoS Packet Scheduler-0000
2026-03-26T05:04:14.967+0700 [DEBUG] [org.gradle.internal.remote.internal.inet.InetAddresses] Is this a loopback interface? false
2026-03-26T05:04:14.974+0700 [DEBUG] [org.gradle.internal.remote.internal.inet.InetAddresses] Adding IP addresses for network interface Intel(R) Dual Band Wireless-AC 3168-WFP 802.3 MAC Layer LightWeight Filter-0000
2026-03-26T05:04:14.977+0700 [DEBUG] [org.gradle.internal.remote.internal.inet.InetAddresses] Is this a loopback interface? false
2026-03-26T05:04:14.978+0700 [DEBUG] [org.gradle.internal.remote.internal.inet.InetAddresses] Adding IP addresses for network interface Microsoft Wi-Fi Direct Virtual Adapter-WFP Native MAC Layer LightWeight Filter-0000
2026-03-26T05:04:14.995+0700 [DEBUG] [org.gradle.internal.remote.internal.inet.InetAddresses] Is this a loopback interface? false
2026-03-26T05:04:14.996+0700 [DEBUG] [org.gradle.internal.remote.internal.inet.InetAddresses] Adding IP addresses for network interface Microsoft Wi-Fi Direct Virtual Adapter-Native WiFi Filter Driver-0000
2026-03-26T05:04:15.007+0700 [DEBUG] [org.gradle.internal.remote.internal.inet.InetAddresses] Is this a loopback interface? false
2026-03-26T05:04:15.008+0700 [DEBUG] [org.gradle.internal.remote.internal.inet.InetAddresses] Adding IP addresses for network interface Microsoft Wi-Fi Direct Virtual Adapter-QoS Packet Scheduler-0000
2026-03-26T05:04:15.018+0700 [DEBUG] [org.gradle.internal.remote.internal.inet.InetAddresses] Is this a loopback interface? false
2026-03-26T05:04:15.020+0700 [DEBUG] [org.gradle.internal.remote.internal.inet.InetAddresses] Adding IP addresses for network interface Microsoft Wi-Fi Direct Virtual Adapter-WFP 802.3 MAC Layer LightWeight Filter-0000
2026-03-26T05:04:15.023+0700 [DEBUG] [org.gradle.internal.remote.internal.inet.InetAddresses] Is this a loopback interface? false
2026-03-26T05:04:15.024+0700 [DEBUG] [org.gradle.internal.remote.internal.inet.InetAddresses] Adding IP addresses for network interface Microsoft Wi-Fi Direct Virtual Adapter #2-WFP Native MAC Layer LightWeight Filter-0000
2026-03-26T05:04:15.027+0700 [DEBUG] [org.gradle.internal.remote.internal.inet.InetAddresses] Is this a loopback interface? false
2026-03-26T05:04:15.028+0700 [DEBUG] [org.gradle.internal.remote.internal.inet.InetAddresses] Adding IP addresses for network interface Microsoft Wi-Fi Direct Virtual Adapter #2-Native WiFi Filter Driver-0000
2026-03-26T05:04:15.035+0700 [DEBUG] [org.gradle.internal.remote.internal.inet.InetAddresses] Is this a loopback interface? false
2026-03-26T05:04:15.038+0700 [DEBUG] [org.gradle.internal.remote.internal.inet.InetAddresses] Adding IP addresses for network interface Microsoft Wi-Fi Direct Virtual Adapter #2-QoS Packet Scheduler-0000
2026-03-26T05:04:15.045+0700 [DEBUG] [org.gradle.internal.remote.internal.inet.InetAddresses] Is this a loopback interface? false
2026-03-26T05:04:15.046+0700 [DEBUG] [org.gradle.internal.remote.internal.inet.InetAddresses] Adding IP addresses for network interface Microsoft Wi-Fi Direct Virtual Adapter #2-WFP 802.3 MAC Layer LightWeight Filter-0000
2026-03-26T05:04:15.048+0700 [DEBUG] [org.gradle.internal.remote.internal.inet.InetAddresses] Is this a loopback interface? false
2026-03-26T05:04:15.049+0700 [DEBUG] [org.gradle.internal.remote.internal.inet.InetAddresses] Adding IP addresses for network interface Intel(R) Dual Band Wireless-AC 3168
2026-03-26T05:04:15.051+0700 [DEBUG] [org.gradle.internal.remote.internal.inet.InetAddresses] Is this a loopback interface? false
2026-03-26T05:04:15.052+0700 [DEBUG] [org.gradle.internal.remote.internal.inet.InetAddresses] Adding remote address /fe80:0:0:0:bc0d:19f2:4744:5054%wireless_32768
2026-03-26T05:04:15.053+0700 [DEBUG] [org.gradle.internal.remote.internal.inet.InetAddresses] Adding remote address /192.168.1.4
2026-03-26T05:04:15.053+0700 [DEBUG] [org.gradle.internal.remote.internal.inet.InetAddresses] Adding IP addresses for network interface Microsoft Wi-Fi Direct Virtual Adapter
2026-03-26T05:04:15.055+0700 [DEBUG] [org.gradle.internal.remote.internal.inet.InetAddresses] Is this a loopback interface? false
2026-03-26T05:04:15.055+0700 [DEBUG] [org.gradle.internal.remote.internal.inet.InetAddresses] Adding remote address /fe80:0:0:0:a372:a82b:85b:1053%wireless_32769
2026-03-26T05:04:15.058+0700 [DEBUG] [org.gradle.internal.remote.internal.inet.InetAddresses] Adding IP addresses for network interface Microsoft Wi-Fi Direct Virtual Adapter #2
2026-03-26T05:04:15.073+0700 [DEBUG] [org.gradle.internal.remote.internal.inet.InetAddresses] Is this a loopback interface? false
2026-03-26T05:04:15.082+0700 [DEBUG] [org.gradle.internal.remote.internal.inet.InetAddresses] Adding remote address /fe80:0:0:0:a680:2c27:eb3d:b5bc%wireless_32770
2026-03-26T05:04:15.084+0700 [DEBUG] [org.gradle.internal.remote.internal.inet.InetAddresses] Adding IP addresses for network interface Microsoft Teredo Tunneling Adapter
2026-03-26T05:04:15.084+0700 [DEBUG] [org.gradle.internal.remote.internal.inet.InetAddresses] Is this a loopback interface? false
2026-03-26T05:04:15.085+0700 [DEBUG] [org.gradle.internal.remote.internal.inet.InetAddresses] Adding IP addresses for network interface Microsoft IP-HTTPS Platform Adapter
2026-03-26T05:04:15.086+0700 [DEBUG] [org.gradle.internal.remote.internal.inet.InetAddresses] Is this a loopback interface? false
2026-03-26T05:04:15.087+0700 [DEBUG] [org.gradle.internal.remote.internal.inet.InetAddresses] Adding IP addresses for network interface Microsoft 6to4 Adapter
2026-03-26T05:04:15.089+0700 [DEBUG] [org.gradle.internal.remote.internal.inet.InetAddresses] Is this a loopback interface? false
2026-03-26T05:04:15.090+0700 [DEBUG] [org.gradle.internal.remote.internal.inet.InetAddresses] Adding IP addresses for network interface WAN Miniport (SSTP)
2026-03-26T05:04:15.090+0700 [DEBUG] [org.gradle.internal.remote.internal.inet.InetAddresses] Is this a loopback interface? false
2026-03-26T05:04:15.090+0700 [DEBUG] [org.gradle.internal.remote.internal.inet.InetAddresses] Adding IP addresses for network interface WAN Miniport (IKEv2)
2026-03-26T05:04:15.091+0700 [DEBUG] [org.gradle.internal.remote.internal.inet.InetAddresses] Is this a loopback interface? false
2026-03-26T05:04:15.091+0700 [DEBUG] [org.gradle.internal.remote.internal.inet.InetAddresses] Adding IP addresses for network interface WAN Miniport (L2TP)
2026-03-26T05:04:15.091+0700 [DEBUG] [org.gradle.internal.remote.internal.inet.InetAddresses] Is this a loopback interface? false
2026-03-26T05:04:15.092+0700 [DEBUG] [org.gradle.internal.remote.internal.inet.InetAddresses] Adding IP addresses for network interface WAN Miniport (PPTP)
2026-03-26T05:04:15.092+0700 [DEBUG] [org.gradle.internal.remote.internal.inet.InetAddresses] Is this a loopback interface? false
2026-03-26T05:04:15.103+0700 [DEBUG] [org.gradle.internal.remote.internal.inet.TcpIncomingConnector] Listening on [f0d4093e-a1ba-4f5f-911a-2b44acad2fd8 port:53276, addresses:[localhost/127.0.0.1]].
2026-03-26T05:04:15.345+0700 [DEBUG] [org.gradle.launcher.daemon.server.Daemon] Daemon starting at: Thu Mar 26 05:04:15 WIB 2026, with address: [f0d4093e-a1ba-4f5f-911a-2b44acad2fd8 port:53276, addresses:[localhost/127.0.0.1]]
2026-03-26T05:04:15.350+0700 [INFO] [org.gradle.launcher.daemon.server.DaemonRegistryUpdater] Advertising the daemon address to the clients: [f0d4093e-a1ba-4f5f-911a-2b44acad2fd8 port:53276, addresses:[localhost/127.0.0.1]]
2026-03-26T05:04:15.350+0700 [DEBUG] [org.gradle.launcher.daemon.server.DaemonRegistryUpdater] Advertised daemon context: DefaultDaemonContext[uid=2dd82536-f77b-4408-a41a-03bc06cc08c4,javaHome=C:\Program Files\Microsoft\jdk-21.0.10.7-hotspot,daemonRegistryDir=C:\Users\Admin\Downloads\Auspoty\auspoty-flutter\android\.gradle_home\daemon,pid=1988,idleTimeout=120000,priority=NORMAL,applyInstrumentationAgent=true,daemonOpts=-XX:MaxMetaspaceSize=256m,--add-opens=java.base/java.util=ALL-UNNAMED,--add-opens=java.base/java.lang=ALL-UNNAMED,--add-opens=java.base/java.lang.invoke=ALL-UNNAMED,--add-opens=java.prefs/java.util.prefs=ALL-UNNAMED,--add-opens=java.base/java.nio.charset=ALL-UNNAMED,--add-opens=java.base/java.net=ALL-UNNAMED,--add-opens=java.base/java.util.concurrent.atomic=ALL-UNNAMED,-Xmx1024m,-Dfile.encoding=UTF-8,-Duser.country=ID,-Duser.language=en,-Duser.variant]
2026-03-26T05:04:15.354+0700 [DEBUG] [org.gradle.launcher.daemon.registry.PersistentDaemonRegistry] Storing daemon address: [f0d4093e-a1ba-4f5f-911a-2b44acad2fd8 port:53276, addresses:[localhost/127.0.0.1]], context: DefaultDaemonContext[uid=2dd82536-f77b-4408-a41a-03bc06cc08c4,javaHome=C:\Program Files\Microsoft\jdk-21.0.10.7-hotspot,daemonRegistryDir=C:\Users\Admin\Downloads\Auspoty\auspoty-flutter\android\.gradle_home\daemon,pid=1988,idleTimeout=120000,priority=NORMAL,applyInstrumentationAgent=true,daemonOpts=-XX:MaxMetaspaceSize=256m,--add-opens=java.base/java.util=ALL-UNNAMED,--add-opens=java.base/java.lang=ALL-UNNAMED,--add-opens=java.base/java.lang.invoke=ALL-UNNAMED,--add-opens=java.prefs/java.util.prefs=ALL-UNNAMED,--add-opens=java.base/java.nio.charset=ALL-UNNAMED,--add-opens=java.base/java.net=ALL-UNNAMED,--add-opens=java.base/java.util.concurrent.atomic=ALL-UNNAMED,-Xmx1024m,-Dfile.encoding=UTF-8,-Duser.country=ID,-Duser.language=en,-Duser.variant]
2026-03-26T05:04:15.408+0700 [DEBUG] [org.gradle.cache.internal.DefaultFileLockManager] Waiting to acquire exclusive lock on daemon addresses registry.
2026-03-26T05:04:15.435+0700 [DEBUG] [org.gradle.cache.internal.DefaultFileLockManager] Lock acquired on daemon addresses registry.
2026-03-26T05:04:15.447+0700 [DEBUG] [org.gradle.cache.internal.DefaultFileLockManager] Releasing lock on daemon addresses registry.
2026-03-26T05:04:15.523+0700 [DEBUG] [org.gradle.cache.internal.DefaultFileLockManager] Waiting to acquire exclusive lock on daemon addresses registry.
2026-03-26T05:04:15.536+0700 [DEBUG] [org.gradle.cache.internal.DefaultFileLockManager] Lock acquired on daemon addresses registry.
2026-03-26T05:04:15.591+0700 [DEBUG] [org.gradle.cache.internal.DefaultFileLockManager] Releasing lock on daemon addresses registry.
2026-03-26T05:04:15.594+0700 [LIFECYCLE] [org.gradle.launcher.daemon.server.Daemon] Daemon server started.
2026-03-26T05:04:15.640+0700 [DEBUG] [org.gradle.launcher.daemon.bootstrap.DaemonStartupCommunication] Completed writing the daemon greeting. Closing streams...
2026-03-26T05:04:15.667+0700 [DEBUG] [org.gradle.launcher.daemon.server.Daemon] stopOnExpiration() called on daemon
2026-03-26T05:04:15.669+0700 [DEBUG] [org.gradle.launcher.daemon.server.Daemon] awaitExpiration() called on daemon
2026-03-26T05:04:15.670+0700 [DEBUG] [org.gradle.launcher.daemon.server.DaemonStateCoordinator] daemon is running. Sleeping until state changes.
2026-03-26T05:04:15.809+0700 [DEBUG] [org.gradle.internal.remote.internal.inet.TcpIncomingConnector] Accepted connection from /127.0.0.1:53279 to /127.0.0.1:53276.
2026-03-26T05:04:16.489+0700 [DEBUG] [org.gradle.launcher.daemon.server.SynchronizedDispatchConnection] thread 30: received class org.gradle.launcher.daemon.protocol.Build
2026-03-26T05:04:16.490+0700 [DEBUG] [org.gradle.launcher.daemon.server.DefaultDaemonConnection] thread 30: Received non-IO message from client: Build{id=81454d4c-2aec-42df-89b2-c488eb247680, currentDir=C:\Users\Admin\Downloads\Auspoty\auspoty-flutter\android}
2026-03-26T05:04:16.491+0700 [INFO] [org.gradle.launcher.daemon.server.DefaultIncomingConnectionHandler] Received command: Build{id=81454d4c-2aec-42df-89b2-c488eb247680, currentDir=C:\Users\Admin\Downloads\Auspoty\auspoty-flutter\android}.
2026-03-26T05:04:16.491+0700 [DEBUG] [org.gradle.launcher.daemon.server.DefaultIncomingConnectionHandler] Starting executing command: Build{id=81454d4c-2aec-42df-89b2-c488eb247680, currentDir=C:\Users\Admin\Downloads\Auspoty\auspoty-flutter\android} with connection: socket connection from /127.0.0.1:53276 to /127.0.0.1:53279.
2026-03-26T05:04:16.502+0700 [DEBUG] [org.gradle.launcher.daemon.server.DaemonStateCoordinator] Command execution: started DaemonCommandExecution[command = Build{id=81454d4c-2aec-42df-89b2-c488eb247680, currentDir=C:\Users\Admin\Downloads\Auspoty\auspoty-flutter\android}, connection = DefaultDaemonConnection: socket connection from /127.0.0.1:53276 to /127.0.0.1:53279] after 0.0 minutes of idle
2026-03-26T05:04:16.503+0700 [INFO] [org.gradle.launcher.daemon.server.DaemonRegistryUpdater] Marking the daemon as busy, address: [f0d4093e-a1ba-4f5f-911a-2b44acad2fd8 port:53276, addresses:[localhost/127.0.0.1]]
2026-03-26T05:04:16.504+0700 [DEBUG] [org.gradle.launcher.daemon.registry.PersistentDaemonRegistry] Marking busy by address: [f0d4093e-a1ba-4f5f-911a-2b44acad2fd8 port:53276, addresses:[localhost/127.0.0.1]]
2026-03-26T05:04:16.508+0700 [DEBUG] [org.gradle.cache.internal.DefaultFileLockManager] Waiting to acquire exclusive lock on daemon addresses registry.
2026-03-26T05:04:16.510+0700 [DEBUG] [org.gradle.cache.internal.DefaultFileLockManager] Lock acquired on daemon addresses registry.
2026-03-26T05:04:16.517+0700 [DEBUG] [org.gradle.cache.internal.DefaultFileLockManager] Releasing lock on daemon addresses registry.
2026-03-26T05:04:16.519+0700 [DEBUG] [org.gradle.launcher.daemon.server.DaemonStateCoordinator] resetting idle timer
2026-03-26T05:04:16.520+0700 [DEBUG] [org.gradle.launcher.daemon.server.DaemonStateCoordinator] daemon is running. Sleeping until state changes.
2026-03-26T05:04:16.525+0700 [INFO] [org.gradle.launcher.daemon.server.exec.StartBuildOrRespondWithBusy] Daemon is about to start building Build{id=81454d4c-2aec-42df-89b2-c488eb247680, currentDir=C:\Users\Admin\Downloads\Auspoty\auspoty-flutter\android}. Dispatching build started information...
2026-03-26T05:04:16.526+0700 [DEBUG] [org.gradle.launcher.daemon.server.SynchronizedDispatchConnection] thread 32: dispatching org.gradle.launcher.daemon.protocol.BuildStarted@43355d33
2026-03-26T05:04:16.572+0700 [DEBUG] [org.gradle.launcher.daemon.server.exec.EstablishBuildEnvironment] Configuring env variables: [USERDOMAIN_ROAMINGPROFILE, PROCESSOR_LEVEL, TRAE_BRAND_NAME, PYTHON_BASIC_REPL, SAFE_RM_PROTECTION_FLAG, TRAE_SANDBOX_STORAGE_PATH, SESSIONNAME, ALLUSERSPROFILE, PROCESSOR_ARCHITECTURE, VSCODE_GIT_IPC_HANDLE, PSModulePath, TERM_PRODUCT, SystemDrive, SAFE_RM_AUTO_ADD_TEMP, VSCODE_INJECTION, COLORTERM, DIRNAME, USERNAME, VSCODE_GIT_ASKPASS_NODE, TERM_PROGRAM_VERSION, CMD_LINE_ARGS, ProgramFiles(x86), GIT_ASKPASS, TRAE_SANDBOX_TRACE_FILE, VSCODE_STABLE, FPS_BROWSER_USER_PROFILE_STRING, APP_HOME, SAFE_RM_SOURCE_FLAG, PATHEXT, DriverData, TRAE_JWT_TOKEN_PATH, VSCODE_A11Y_MODE, TRAE_AI_SHELL_ID, AI_AGENT, TRAE_SANDBOX_COMMAND_LINE, ProgramData, TRAE_SANDBOX_CONFIG_NAME, ProgramW6432, HOMEPATH, PROCESSOR_IDENTIFIER, TRAE_PREVENT_SHELL_HISTORY, ProgramFiles, PUBLIC, TRAE_SANDBOX_LOG_DIR, windir, _SKIP, LOCALAPPDATA, ChocolateyLastPathUpdate, USERDOMAIN, FPS_BROWSER_APP_PROFILE_STRING, LOGONSERVER, JAVA_HOME, PROMPT, TRAE_SANDBOX_SOURCE_FLAG_PATH, LANG, VSCODE_GIT_ASKPASS_MAIN, OneDrive, =C:, APPDATA, AHA_CHROME_CRASHPAD_PIPE_NAME, PYTHONSTARTUP, JAVA_EXE, VSCODE_GIT_ASKPASS_EXTRA_ARGS, ChocolateyInstall, TRAE_SANDBOX_CLI_PATH, SAFE_RM_DENIED_PATH, SAFE_RM_ALLOWED_PATH, CommonProgramFiles, Path, OS, TERM_PROGRAM, COMPUTERNAME, VSCODE_ENV_PREPEND, PROCESSOR_REVISION, CLASSPATH, CommonProgramW6432, ComSpec, VSCODE_NONCE, APP_BASE_NAME, TRAE_SANDBOX_DUMP_DIR, SystemRoot, TEMP, HOMEDRIVE, USERPROFILE, TMP, CommonProgramFiles(x86), NUMBER_OF_PROCESSORS, isArchMatched]
2026-03-26T05:04:16.587+0700 [DEBUG] [org.gradle.launcher.daemon.server.exec.LogToClient] About to start relaying all logs to the client via the connection.
2026-03-26T05:04:16.587+0700 [INFO] [org.gradle.launcher.daemon.server.exec.LogToClient] The client will now receive all logging from the daemon (pid: 1988). The daemon log file: C:\Users\Admin\Downloads\Auspoty\auspoty-flutter\android\.gradle_home\daemon\8.5\daemon-1988.out.log
2026-03-26T05:04:16.593+0700 [DEBUG] [org.gradle.launcher.daemon.server.exec.RequestStopIfSingleUsedDaemon] Requesting daemon stop after processing Build{id=81454d4c-2aec-42df-89b2-c488eb247680, currentDir=C:\Users\Admin\Downloads\Auspoty\auspoty-flutter\android}
2026-03-26T05:04:16.594+0700 [LIFECYCLE] [org.gradle.launcher.daemon.server.DaemonStateCoordinator] Daemon will be stopped at the end of the build 
2026-03-26T05:04:16.594+0700 [DEBUG] [org.gradle.launcher.daemon.server.DaemonStateCoordinator] Stop as soon as idle requested. The daemon is busy: true
2026-03-26T05:04:16.594+0700 [DEBUG] [org.gradle.launcher.daemon.server.DaemonStateCoordinator] daemon stop has been requested. Sleeping until state changes.
2026-03-26T05:04:16.597+0700 [DEBUG] [org.gradle.launcher.daemon.server.exec.ExecuteBuild] The daemon has started executing the build.
2026-03-26T05:04:16.597+0700 [DEBUG] [org.gradle.launcher.daemon.server.exec.ExecuteBuild] Executing build with daemon context: DefaultDaemonContext[uid=2dd82536-f77b-4408-a41a-03bc06cc08c4,javaHome=C:\Program Files\Microsoft\jdk-21.0.10.7-hotspot,daemonRegistryDir=C:\Users\Admin\Downloads\Auspoty\auspoty-flutter\android\.gradle_home\daemon,pid=1988,idleTimeout=120000,priority=NORMAL,applyInstrumentationAgent=true,daemonOpts=-XX:MaxMetaspaceSize=256m,--add-opens=java.base/java.util=ALL-UNNAMED,--add-opens=java.base/java.lang=ALL-UNNAMED,--add-opens=java.base/java.lang.invoke=ALL-UNNAMED,--add-opens=java.prefs/java.util.prefs=ALL-UNNAMED,--add-opens=java.base/java.nio.charset=ALL-UNNAMED,--add-opens=java.base/java.net=ALL-UNNAMED,--add-opens=java.base/java.util.concurrent.atomic=ALL-UNNAMED,-Xmx1024m,-Dfile.encoding=UTF-8,-Duser.country=ID,-Duser.language=en,-Duser.variant]
Using 4 worker leases.
Configuration on demand is an incubating feature.
Received JVM installation metadata from 'C:\Program Files\Microsoft\jdk-21.0.10.7-hotspot': {JAVA_HOME=C:\Program Files\Microsoft\jdk-21.0.10.7-hotspot, JAVA_VERSION=21.0.10, JAVA_VENDOR=Microsoft, RUNTIME_NAME=OpenJDK Runtime Environment, RUNTIME_VERSION=21.0.10+7-LTS, VM_NAME=OpenJDK 64-Bit Server VM, VM_VERSION=21.0.10+7-LTS, VM_VENDOR=Microsoft, OS_ARCH=amd64}
Watching the file system is configured to be enabled if available
Now considering [C:\Users\Admin\Downloads\Auspoty\auspoty-flutter\android] as hierarchies to watch
File system watching is active
Starting Build
Compiling settings file 'C:\Users\Admin\Downloads\Auspoty\auspoty-flutter\android\settings.gradle' using SubsetScriptTransformer.
Now considering [C:\flutter\packages\flutter_tools\gradle, C:\Users\Admin\Downloads\Auspoty\auspoty-flutter\android] as hierarchies to watch
Generating C:\Users\Admin\Downloads\Auspoty\auspoty-flutter\android\.gradle_home\caches\8.5\generated-gradle-jars\gradle-api-8.5.jar
Closing daemon's stdin at end of input.
The daemon will no longer process any standard input.
thread 30: client disconnection detected, canceling the build
Daemon is stopping immediately the build was canceled after a stop was requested
Stop requested. Daemon is removing its presence from the registry...
Unable to execute command Build{id=81454d4c-2aec-42df-89b2-c488eb247680, currentDir=C:\Users\Admin\Downloads\Auspoty\auspoty-flutter\android} from socket connection from /127.0.0.1:53276 to /127.0.0.1:53279. Dispatching the failure to the daemon client
org.gradle.internal.remote.internal.MessageIOException: Could not write '/127.0.0.1:53279'.
	at org.gradle.internal.remote.internal.inet.SocketConnection.flush(SocketConnection.java:140)
	at org.gradle.launcher.daemon.server.SynchronizedDispatchConnection.dispatchAndFlush(SynchronizedDispatchConnection.java:57)
	at org.gradle.launcher.daemon.server.DefaultDaemonConnection.completed(DefaultDaemonConnection.java:149)
	at org.gradle.launcher.daemon.server.exec.StartBuildOrRespondWithBusy.doBuild(StartBuildOrRespondWithBusy.java:61)
	at org.gradle.launcher.daemon.server.exec.BuildCommandOnly.execute(BuildCommandOnly.java:37)
	at org.gradle.launcher.daemon.server.api.DaemonCommandExecution.proceed(DaemonCommandExecution.java:104)
	at org.gradle.launcher.daemon.server.exec.ReturnResult.execute(ReturnResult.java:36)
	at org.gradle.launcher.daemon.server.api.DaemonCommandExecution.proceed(DaemonCommandExecution.java:104)
	at org.gradle.launcher.daemon.server.api.HandleReportStatus.execute(HandleReportStatus.java:33)
	at org.gradle.launcher.daemon.server.api.DaemonCommandExecution.proceed(DaemonCommandExecution.java:104)
	at org.gradle.launcher.daemon.server.exec.HandleCancel.execute(HandleCancel.java:39)
	at org.gradle.launcher.daemon.server.api.DaemonCommandExecution.proceed(DaemonCommandExecution.java:104)
	at org.gradle.launcher.daemon.server.api.HandleInvalidateVirtualFileSystem.execute(HandleInvalidateVirtualFileSystem.java:46)
	at org.gradle.launcher.daemon.server.api.DaemonCommandExecution.proceed(DaemonCommandExecution.java:104)
	at org.gradle.launcher.daemon.server.api.HandleStop.execute(HandleStop.java:46)
	at org.gradle.launcher.daemon.server.api.DaemonCommandExecution.proceed(DaemonCommandExecution.java:104)
	at org.gradle.launcher.daemon.server.exec.DaemonCommandExecuter.executeCommand(DaemonCommandExecuter.java:55)
	at org.gradle.launcher.daemon.server.DefaultIncomingConnectionHandler$ConnectionWorker.handleCommand(DefaultIncomingConnectionHandler.java:161)
	at org.gradle.launcher.daemon.server.DefaultIncomingConnectionHandler$ConnectionWorker.receiveAndHandleCommand(DefaultIncomingConnectionHandler.java:134)
	at org.gradle.launcher.daemon.server.DefaultIncomingConnectionHandler$ConnectionWorker.run(DefaultIncomingConnectionHandler.java:122)
	at org.gradle.internal.concurrent.ExecutorPolicy$CatchAndRecordFailures.onExecute(ExecutorPolicy.java:64)
	at org.gradle.internal.concurrent.AbstractManagedExecutor$1.run(AbstractManagedExecutor.java:47)
	at java.base/java.util.concurrent.ThreadPoolExecutor.runWorker(ThreadPoolExecutor.java:1144)
	at java.base/java.util.concurrent.ThreadPoolExecutor$Worker.run(ThreadPoolExecutor.java:642)
	at java.base/java.lang.Thread.run(Thread.java:1583)
Caused by: java.io.IOException: Connection reset by peer
	at java.base/sun.nio.ch.SocketDispatcher.write0(Native Method)
	at java.base/sun.nio.ch.SocketDispatcher.write(SocketDispatcher.java:54)
	at java.base/sun.nio.ch.IOUtil.writeFromNativeBuffer(IOUtil.java:137)
	at java.base/sun.nio.ch.IOUtil.write(IOUtil.java:81)
	at java.base/sun.nio.ch.IOUtil.write(IOUtil.java:58)
	at java.base/sun.nio.ch.SocketChannelImpl.write(SocketChannelImpl.java:542)
	at org.gradle.internal.remote.internal.inet.SocketConnection$SocketOutputStream.writeWithNonBlockingRetry(SocketConnection.java:279)
	at org.gradle.internal.remote.internal.inet.SocketConnection$SocketOutputStream.writeBufferToChannel(SocketConnection.java:267)
	at org.gradle.internal.remote.internal.inet.SocketConnection$SocketOutputStream.flush(SocketConnection.java:261)
	at org.gradle.internal.remote.internal.inet.SocketConnection.flush(SocketConnection.java:138)
	... 24 more
Daemon vm is shutting down... The daemon has exited normally or was terminated in response to a user interrupt.
