#
# There is insufficient memory for the Java Runtime Environment to continue.
# Native memory allocation (malloc) failed to allocate 752016 bytes. Error detail: Chunk::new
# Possible reasons:
#   The system is out of physical RAM or swap space
#   This process is running with CompressedOops enabled, and the Java Heap may be blocking the growth of the native heap
# Possible solutions:
#   Reduce memory load on the system
#   Increase physical memory or swap space
#   Check if swap backing store is full
#   Decrease Java heap size (-Xmx/-Xms)
#   Decrease number of Java threads
#   Decrease Java thread stack sizes (-Xss)
#   Set larger code cache with -XX:ReservedCodeCacheSize=
#   JVM is running with Unscaled Compressed Oops mode in which the Java heap is
#     placed in the first 4GB address space. The Java Heap base address is the
#     maximum limit for the native heap growth. Please use -XX:HeapBaseMinAddress
#     to set the Java Heap base and to place the Java Heap above 4GB virtual address.
# This output file may be truncated or incomplete.
#
#  Out of Memory Error (arena.cpp:168), pid=12704, tid=9060
#
# JRE version: OpenJDK Runtime Environment Microsoft-13106404 (21.0.10+7) (build 21.0.10+7-LTS)
# Java VM: OpenJDK 64-Bit Server VM Microsoft-13106404 (21.0.10+7-LTS, mixed mode, sharing, tiered, compressed oops, compressed class ptrs, g1 gc, windows-amd64)
# No core dump will be written. Minidumps are not enabled by default on client versions of Windows
#

---------------  S U M M A R Y ------------

Command Line: --add-opens=java.base/java.lang=ALL-UNNAMED --add-opens=java.base/java.lang.invoke=ALL-UNNAMED --add-opens=java.base/java.util=ALL-UNNAMED --add-opens=java.prefs/java.util.prefs=ALL-UNNAMED --add-exports=jdk.compiler/com.sun.tools.javac.api=ALL-UNNAMED --add-exports=jdk.compiler/com.sun.tools.javac.util=ALL-UNNAMED --add-opens=java.base/java.util=ALL-UNNAMED --add-opens=java.prefs/java.util.prefs=ALL-UNNAMED --add-opens=java.base/java.nio.charset=ALL-UNNAMED --add-opens=java.base/java.net=ALL-UNNAMED --add-opens=java.base/java.util.concurrent.atomic=ALL-UNNAMED --add-opens=java.xml/javax.xml.namespace=ALL-UNNAMED -XX:MaxMetaspaceSize=1024m -Xmx2048m -Dfile.encoding=UTF-8 -Duser.country=ID -Duser.language=en -Duser.variant -javaagent:C:\Users\Admin\.gradle\wrapper\dists\gradle-8.13-all\54h0s9kvb6g2sinako7ub77ku\gradle-8.13\lib\agents\gradle-instrumentation-agent-8.13.jar org.gradle.launcher.daemon.bootstrap.GradleDaemon 8.13

Host: AMD Ryzen 3 3250U with Radeon Graphics         , 4 cores, 3G,  Windows 11 , 64 bit Build 26100 (10.0.26100.7920)
Time: Sat Apr 11 11:12:11 2026 SE Asia Standard Time elapsed time: 231.949445 seconds (0d 0h 3m 51s)

---------------  T H R E A D  ---------------

Current thread (0x0000019b27849080):  JavaThread "C2 CompilerThread0" daemon [_thread_in_native, id=9060, stack(0x0000007504000000,0x0000007504100000) (1024K)]


Current CompileTask:
C2:231949 13608       4       org.gradle.internal.component.model.DefaultExternalModuleComponentGraphResolveState$DefaultConfigurationGraphResolveState::getAttributes (5 bytes)

Stack: [0x0000007504000000,0x0000007504100000]
Native frames: (J=compiled Java code, j=interpreted, Vv=VM code, C=native code)
V  [jvm.dll+0x6dfe69]  (no source info available)
V  [jvm.dll+0x8bfe4b]  (no source info available)
V  [jvm.dll+0x8c23da]  (no source info available)
V  [jvm.dll+0x8c2ab3]  (no source info available)
V  [jvm.dll+0x28a9e6]  (no source info available)
V  [jvm.dll+0xc903d]  (no source info available)
V  [jvm.dll+0xc958c]  (no source info available)
V  [jvm.dll+0x301a5e]  (no source info available)
V  [jvm.dll+0x6097f7]  (no source info available)
V  [jvm.dll+0x25b9a7]  (no source info available)
V  [jvm.dll+0x2540ac]  (no source info available)
V  [jvm.dll+0x251b81]  (no source info available)
V  [jvm.dll+0x1d1adf]  (no source info available)
V  [jvm.dll+0x26195a]  (no source info available)
V  [jvm.dll+0x25fcc5]  (no source info available)
V  [jvm.dll+0x402155]  (no source info available)
V  [jvm.dll+0x86ab8d]  (no source info available)
V  [jvm.dll+0x6e141d]  (no source info available)
C  [ucrtbase.dll+0x37b0]  (no source info available)
C  [KERNEL32.DLL+0x2e8d7]  (no source info available)
C  [ntdll.dll+0x8c48c]  (no source info available)


---------------  P R O C E S S  ---------------

Threads class SMR info:
_java_thread_list=0x0000019b660f4220, length=75, elements={
0x0000019b0931f020, 0x0000019b278421e0, 0x0000019b27845970, 0x0000019b278463d0,
0x0000019b27846e30, 0x0000019b27847890, 0x0000019b278482f0, 0x0000019b27849080,
0x0000019b2785c750, 0x0000019b27cabf50, 0x0000019b27d0df00, 0x0000019b62607550,
0x0000019b62606ec0, 0x0000019b62608270, 0x0000019b62609620, 0x0000019b62607be0,
0x0000019b62609cb0, 0x0000019b62608900, 0x0000019b62608f90, 0x0000019b61bdf860,
0x0000019b61bdf1d0, 0x0000019b61bde4b0, 0x0000019b61bdfef0, 0x0000019b61be0580,
0x0000019b61be0c10, 0x0000019b61be1930, 0x0000019b61be1fc0, 0x0000019b61bdeb40,
0x0000019b61be5440, 0x0000019b61be3370, 0x0000019b61be3a00, 0x0000019b61be4db0,
0x0000019b61be5ad0, 0x0000019b61be2650, 0x0000019b61be4720, 0x0000019b627f3bf0,
0x0000019b627f1b20, 0x0000019b627f3560, 0x0000019b627f21b0, 0x0000019b627f0770,
0x0000019b627f4280, 0x0000019b627f0e00, 0x0000019b627f4910, 0x0000019b627f7700,
0x0000019b627f4fa0, 0x0000019b627f5630, 0x0000019b652447d0, 0x0000019b65244e60,
0x0000019b65242d90, 0x0000019b652454f0, 0x0000019b65242070, 0x0000019b65245b80,
0x0000019b65242700, 0x0000019b65246210, 0x0000019b652468a0, 0x0000019b65243420,
0x0000019b65246f30, 0x0000019b65243ab0, 0x0000019b652482e0, 0x0000019b652475c0,
0x0000019b65249690, 0x0000019b65248970, 0x0000019b65247c50, 0x0000019b65bb4d60,
0x0000019b65bb6110, 0x0000019b65bb5a80, 0x0000019b65bb6e30, 0x0000019b65bb81e0,
0x0000019b65bbbcf0, 0x0000019b65bbc380, 0x0000019b650c21b0, 0x0000019b650c1b20,
0x0000019b650c1490, 0x0000019b650c6350, 0x0000019b650c4910
}

Java Threads: ( => current thread )
  0x0000019b0931f020 JavaThread "main"                              [_thread_blocked, id=12468, stack(0x0000007503200000,0x0000007503300000) (1024K)]
  0x0000019b278421e0 JavaThread "Reference Handler"          daemon [_thread_blocked, id=10984, stack(0x0000007503a00000,0x0000007503b00000) (1024K)]
  0x0000019b27845970 JavaThread "Finalizer"                  daemon [_thread_blocked, id=9368, stack(0x0000007503b00000,0x0000007503c00000) (1024K)]
  0x0000019b278463d0 JavaThread "Signal Dispatcher"          daemon [_thread_blocked, id=12016, stack(0x0000007503c00000,0x0000007503d00000) (1024K)]
  0x0000019b27846e30 JavaThread "Attach Listener"            daemon [_thread_blocked, id=6244, stack(0x0000007503d00000,0x0000007503e00000) (1024K)]
  0x0000019b27847890 JavaThread "Service Thread"             daemon [_thread_blocked, id=8860, stack(0x0000007503e00000,0x0000007503f00000) (1024K)]
  0x0000019b278482f0 JavaThread "Monitor Deflation Thread"   daemon [_thread_blocked, id=9492, stack(0x0000007503f00000,0x0000007504000000) (1024K)]
=>0x0000019b27849080 JavaThread "C2 CompilerThread0"         daemon [_thread_in_native, id=9060, stack(0x0000007504000000,0x0000007504100000) (1024K)]
  0x0000019b2785c750 JavaThread "C1 CompilerThread0"         daemon [_thread_blocked, id=9780, stack(0x0000007504100000,0x0000007504200000) (1024K)]
  0x0000019b27cabf50 JavaThread "Common-Cleaner"             daemon [_thread_blocked, id=11236, stack(0x0000007504200000,0x0000007504300000) (1024K)]
  0x0000019b27d0df00 JavaThread "Notification Thread"        daemon [_thread_blocked, id=9228, stack(0x0000007504300000,0x0000007504400000) (1024K)]
  0x0000019b62607550 JavaThread "Daemon health stats"               [_thread_blocked, id=11336, stack(0x0000007504700000,0x0000007504800000) (1024K)]
  0x0000019b62606ec0 JavaThread "Incoming local TCP Connector on port 59495"        [_thread_in_native, id=2864, stack(0x0000007504800000,0x0000007504900000) (1024K)]
  0x0000019b62608270 JavaThread "Daemon periodic checks"            [_thread_blocked, id=1160, stack(0x0000007504900000,0x0000007504a00000) (1024K)]
  0x0000019b62609620 JavaThread "Daemon"                            [_thread_blocked, id=8272, stack(0x0000007505000000,0x0000007505100000) (1024K)]
  0x0000019b62607be0 JavaThread "Handler for socket connection from /127.0.0.1:59495 to /127.0.0.1:59496"        [_thread_in_native, id=6304, stack(0x0000007505100000,0x0000007505200000) (1024K)]
  0x0000019b62609cb0 JavaThread "Cancel handler"                    [_thread_blocked, id=12836, stack(0x0000007505200000,0x0000007505300000) (1024K)]
  0x0000019b62608900 JavaThread "Daemon worker"                     [_thread_in_native, id=12188, stack(0x0000007505300000,0x0000007505400000) (1024K)]
  0x0000019b62608f90 JavaThread "Asynchronous log dispatcher for DefaultDaemonConnection: socket connection from /127.0.0.1:59495 to /127.0.0.1:59496"        [_thread_blocked, id=9256, stack(0x0000007505400000,0x0000007505500000) (1024K)]
  0x0000019b61bdf860 JavaThread "Stdin handler"                     [_thread_blocked, id=11332, stack(0x0000007505500000,0x0000007505600000) (1024K)]
  0x0000019b61bdf1d0 JavaThread "Daemon client event forwarder"        [_thread_blocked, id=3120, stack(0x0000007505600000,0x0000007505700000) (1024K)]
  0x0000019b61bde4b0 JavaThread "Cache worker for journal cache (C:\Users\Admin\.gradle\caches\journal-1)"        [_thread_blocked, id=8376, stack(0x0000007505700000,0x0000007505800000) (1024K)]
  0x0000019b61bdfef0 JavaThread "File lock request listener"        [_thread_in_native, id=13200, stack(0x0000007505800000,0x0000007505900000) (1024K)]
  0x0000019b61be0580 JavaThread "Cache worker for file hash cache (C:\Users\Admin\.gradle\caches\8.13\fileHashes)"        [_thread_blocked, id=10996, stack(0x0000007505900000,0x0000007505a00000) (1024K)]
  0x0000019b61be0c10 JavaThread "File lock release action executor"        [_thread_blocked, id=4580, stack(0x0000007505a00000,0x0000007505b00000) (1024K)]
  0x0000019b61be1930 JavaThread "Cache worker for file hash cache (C:\Users\Admin\Downloads\Auspoty\auspoty-flutter\android\.gradle\8.13\fileHashes)"        [_thread_blocked, id=10208, stack(0x0000007505b00000,0x0000007505c00000) (1024K)]
  0x0000019b61be1fc0 JavaThread "Cache worker for Build Output Cleanup Cache (C:\Users\Admin\Downloads\Auspoty\auspoty-flutter\android\.gradle\buildOutputCleanup)"        [_thread_blocked, id=7536, stack(0x0000007505c00000,0x0000007505d00000) (1024K)]
  0x0000019b61bdeb40 JavaThread "File watcher server"        daemon [_thread_in_native, id=13220, stack(0x0000007505d00000,0x0000007505e00000) (1024K)]
  0x0000019b61be5440 JavaThread "File watcher consumer"      daemon [_thread_blocked, id=11376, stack(0x0000007505e00000,0x0000007505f00000) (1024K)]
  0x0000019b61be3370 JavaThread "jar transforms"                    [_thread_blocked, id=1916, stack(0x0000007505f00000,0x0000007506000000) (1024K)]
  0x0000019b61be3a00 JavaThread "Cache worker for checksums cache (C:\Users\Admin\Downloads\Auspoty\auspoty-flutter\android\.gradle\8.13\checksums)"        [_thread_blocked, id=1712, stack(0x0000007506000000,0x0000007506100000) (1024K)]
  0x0000019b61be4db0 JavaThread "Cache worker for file content cache (C:\Users\Admin\.gradle\caches\8.13\fileContent)"        [_thread_blocked, id=8436, stack(0x0000007506100000,0x0000007506200000) (1024K)]
  0x0000019b61be5ad0 JavaThread "Cache worker for cache directory md-supplier (C:\Users\Admin\.gradle\caches\8.13\md-supplier)"        [_thread_blocked, id=11724, stack(0x0000007506200000,0x0000007506300000) (1024K)]
  0x0000019b61be2650 JavaThread "Cache worker for cache directory md-rule (C:\Users\Admin\.gradle\caches\8.13\md-rule)"        [_thread_blocked, id=5364, stack(0x0000007506300000,0x0000007506400000) (1024K)]
  0x0000019b61be4720 JavaThread "Cache worker for Build Output Cleanup Cache (C:\flutter\packages\flutter_tools\gradle\.gradle\buildOutputCleanup)"        [_thread_blocked, id=12768, stack(0x0000007506400000,0x0000007506500000) (1024K)]
  0x0000019b627f3bf0 JavaThread "Unconstrained build operations"        [_thread_blocked, id=5936, stack(0x0000007502b00000,0x0000007502c00000) (1024K)]
  0x0000019b627f1b20 JavaThread "Unconstrained build operations Thread 2"        [_thread_blocked, id=12492, stack(0x0000007502c00000,0x0000007502d00000) (1024K)]
  0x0000019b627f3560 JavaThread "Unconstrained build operations Thread 3"        [_thread_blocked, id=10096, stack(0x0000007502d00000,0x0000007502e00000) (1024K)]
  0x0000019b627f21b0 JavaThread "Unconstrained build operations Thread 4"        [_thread_blocked, id=3340, stack(0x0000007506500000,0x0000007506600000) (1024K)]
  0x0000019b627f0770 JavaThread "Unconstrained build operations Thread 5"        [_thread_blocked, id=2960, stack(0x0000007506600000,0x0000007506700000) (1024K)]
  0x0000019b627f4280 JavaThread "Unconstrained build operations Thread 6"        [_thread_blocked, id=12280, stack(0x0000007506700000,0x0000007506800000) (1024K)]
  0x0000019b627f0e00 JavaThread "Unconstrained build operations Thread 7"        [_thread_blocked, id=10612, stack(0x0000007506800000,0x0000007506900000) (1024K)]
  0x0000019b627f4910 JavaThread "Unconstrained build operations Thread 8"        [_thread_blocked, id=11944, stack(0x0000007506900000,0x0000007506a00000) (1024K)]
  0x0000019b627f7700 JavaThread "Unconstrained build operations Thread 9"        [_thread_blocked, id=11956, stack(0x0000007506a00000,0x0000007506b00000) (1024K)]
  0x0000019b627f4fa0 JavaThread "Memory manager"                    [_thread_blocked, id=2036, stack(0x0000007506b00000,0x0000007506c00000) (1024K)]
  0x0000019b627f5630 JavaThread "build event listener"              [_thread_blocked, id=2304, stack(0x0000007504e00000,0x0000007504f00000) (1024K)]
  0x0000019b652447d0 JavaThread "Execution worker"                  [_thread_blocked, id=12408, stack(0x0000007506d00000,0x0000007506e00000) (1024K)]
  0x0000019b65244e60 JavaThread "Execution worker Thread 2"         [_thread_blocked, id=3764, stack(0x0000007506e00000,0x0000007506f00000) (1024K)]
  0x0000019b65242d90 JavaThread "Execution worker Thread 3"         [_thread_blocked, id=9912, stack(0x0000007506f00000,0x0000007507000000) (1024K)]
  0x0000019b652454f0 JavaThread "Cache worker for execution history cache (C:\flutter\packages\flutter_tools\gradle\.gradle\8.13\executionHistory)"        [_thread_blocked, id=8020, stack(0x0000007507000000,0x0000007507100000) (1024K)]
  0x0000019b65242070 JavaThread "Unconstrained build operations Thread 10"        [_thread_blocked, id=11912, stack(0x0000007507100000,0x0000007507200000) (1024K)]
  0x0000019b65245b80 JavaThread "Unconstrained build operations Thread 11"        [_thread_blocked, id=6096, stack(0x0000007507200000,0x0000007507300000) (1024K)]
  0x0000019b65242700 JavaThread "Unconstrained build operations Thread 12"        [_thread_blocked, id=10968, stack(0x0000007507300000,0x0000007507400000) (1024K)]
  0x0000019b65246210 JavaThread "Unconstrained build operations Thread 13"        [_thread_blocked, id=12136, stack(0x0000007507400000,0x0000007507500000) (1024K)]
  0x0000019b652468a0 JavaThread "Unconstrained build operations Thread 14"        [_thread_blocked, id=13184, stack(0x0000007507500000,0x0000007507600000) (1024K)]
  0x0000019b65243420 JavaThread "Unconstrained build operations Thread 15"        [_thread_blocked, id=12112, stack(0x0000007507600000,0x0000007507700000) (1024K)]
  0x0000019b65246f30 JavaThread "Unconstrained build operations Thread 16"        [_thread_blocked, id=13228, stack(0x0000007507700000,0x0000007507800000) (1024K)]
  0x0000019b65243ab0 JavaThread "Unconstrained build operations Thread 17"        [_thread_blocked, id=11156, stack(0x0000007507800000,0x0000007507900000) (1024K)]
  0x0000019b652482e0 JavaThread "Unconstrained build operations Thread 18"        [_thread_blocked, id=4296, stack(0x0000007507900000,0x0000007507a00000) (1024K)]
  0x0000019b652475c0 JavaThread "Unconstrained build operations Thread 19"        [_thread_blocked, id=8888, stack(0x0000007507a00000,0x0000007507b00000) (1024K)]
  0x0000019b65249690 JavaThread "Unconstrained build operations Thread 20"        [_thread_blocked, id=12716, stack(0x0000007507b00000,0x0000007507c00000) (1024K)]
  0x0000019b65248970 JavaThread "Unconstrained build operations Thread 21"        [_thread_blocked, id=10184, stack(0x0000007507c00000,0x0000007507d00000) (1024K)]
  0x0000019b65247c50 JavaThread "Unconstrained build operations Thread 22"        [_thread_blocked, id=3852, stack(0x0000007507d00000,0x0000007507e00000) (1024K)]
  0x0000019b65bb4d60 JavaThread "Unconstrained build operations Thread 23"        [_thread_blocked, id=13156, stack(0x0000007507e00000,0x0000007507f00000) (1024K)]
  0x0000019b65bb6110 JavaThread "Unconstrained build operations Thread 24"        [_thread_blocked, id=7080, stack(0x0000007507f00000,0x0000007508000000) (1024K)]
  0x0000019b65bb5a80 JavaThread "Unconstrained build operations Thread 25"        [_thread_blocked, id=12252, stack(0x0000007508000000,0x0000007508100000) (1024K)]
  0x0000019b65bb6e30 JavaThread "Unconstrained build operations Thread 26"        [_thread_blocked, id=11424, stack(0x0000007508100000,0x0000007508200000) (1024K)]
  0x0000019b65bb81e0 JavaThread "Unconstrained build operations Thread 27"        [_thread_blocked, id=6636, stack(0x0000007508200000,0x0000007508300000) (1024K)]
  0x0000019b65bbbcf0 JavaThread "Unconstrained build operations Thread 28"        [_thread_blocked, id=9472, stack(0x0000007508300000,0x0000007508400000) (1024K)]
  0x0000019b65bbc380 JavaThread "Unconstrained build operations Thread 29"        [_thread_blocked, id=8280, stack(0x0000007508400000,0x0000007508500000) (1024K)]
  0x0000019b650c21b0 JavaThread "jar transforms Thread 2"           [_thread_blocked, id=12456, stack(0x0000007508500000,0x0000007508600000) (1024K)]
  0x0000019b650c1b20 JavaThread "jar transforms Thread 3"           [_thread_blocked, id=9268, stack(0x0000007508600000,0x0000007508700000) (1024K)]
  0x0000019b650c1490 JavaThread "jar transforms Thread 4"           [_thread_blocked, id=11384, stack(0x0000007508700000,0x0000007508800000) (1024K)]
  0x0000019b650c6350 JavaThread "build event listener"              [_thread_blocked, id=10624, stack(0x0000007504a00000,0x0000007504b00000) (1024K)]
  0x0000019b650c4910 JavaThread "Problems report writer"            [_thread_blocked, id=12920, stack(0x0000007504b00000,0x0000007504c00000) (1024K)]
Total: 75

Other Threads:
  0x0000019b27823d30 VMThread "VM Thread"                           [id=10408, stack(0x0000007503900000,0x0000007503a00000) (1024K)]
  0x0000019b27810ed0 WatcherThread "VM Periodic Task Thread"        [id=10816, stack(0x0000007503800000,0x0000007503900000) (1024K)]
  0x0000019b0b704a90 WorkerThread "GC Thread#0"                     [id=8112, stack(0x0000007503300000,0x0000007503400000) (1024K)]
  0x0000019b27d174c0 WorkerThread "GC Thread#1"                     [id=12572, stack(0x0000007504400000,0x0000007504500000) (1024K)]
  0x0000019b27e0bb60 WorkerThread "GC Thread#2"                     [id=7256, stack(0x0000007504500000,0x0000007504600000) (1024K)]
  0x0000019b619424e0 WorkerThread "GC Thread#3"                     [id=10128, stack(0x0000007504600000,0x0000007504700000) (1024K)]
  0x0000019b09325880 ConcurrentGCThread "G1 Main Marker"            [id=12364, stack(0x0000007503400000,0x0000007503500000) (1024K)]
  0x0000019b0b717040 WorkerThread "G1 Conc#0"                       [id=11548, stack(0x0000007503500000,0x0000007503600000) (1024K)]
  0x0000019b276dc2b0 ConcurrentGCThread "G1 Refine#0"               [id=9560, stack(0x0000007503600000,0x0000007503700000) (1024K)]
  0x0000019b276e0a10 ConcurrentGCThread "G1 Service"                [id=11560, stack(0x0000007503700000,0x0000007503800000) (1024K)]
Total: 10

Threads with active compile tasks:
C2 CompilerThread0  232148 13608       4       org.gradle.internal.component.model.DefaultExternalModuleComponentGraphResolveState$DefaultConfigurationGraphResolveState::getAttributes (5 bytes)
Total: 1

VM state: not at safepoint (normal execution)

VM Mutex/Monitor currently owned by a thread: None

Heap address: 0x0000000080000000, size: 2048 MB, Compressed Oops mode: 32-bit

CDS archive(s) mapped at: [0x0000019b28000000-0x0000019b28c80000-0x0000019b28c80000), size 13107200, SharedBaseAddress: 0x0000019b28000000, ArchiveRelocationMode: 1.
Compressed class space mapped at: 0x0000019b29000000-0x0000019b5d000000, reserved size: 872415232
Narrow klass base: 0x0000019b28000000, Narrow klass shift: 0, Narrow klass range: 0x100000000

GC Precious Log:
 CardTable entry size: 512
 Card Set container configuration: InlinePtr #cards 5 size 8 Array Of Cards #cards 12 size 40 Howl #buckets 4 coarsen threshold 1843 Howl Bitmap #cards 512 size 80 coarsen threshold 460 Card regions per heap region 1 cards per card region 2048
 CPUs: 4 total, 4 available
 Memory: 3521M
 Large Page Support: Disabled
 NUMA Support: Disabled
 Compressed Oops: Enabled (32-bit)
 Heap Region Size: 1M
 Heap Min Capacity: 8M
 Heap Initial Capacity: 56M
 Heap Max Capacity: 2G
 Pre-touch: Disabled
 Parallel Workers: 4
 Concurrent Workers: 1
 Concurrent Refinement Workers: 4
 Periodic GC: Disabled

Heap:
 garbage-first heap   total 226304K, used 162765K [0x0000000080000000, 0x0000000100000000)
  region size 1024K, 52 young (53248K), 9 survivors (9216K)
 Metaspace       used 104960K, committed 107264K, reserved 983040K
  class space    used 14802K, committed 15936K, reserved 851968K

Heap Regions: E=young(eden), S=young(survivor), O=old, HS=humongous(starts), HC=humongous(continues), CS=collection set, F=free, TAMS=top-at-mark-start, PB=parsable bottom
|   0|0x0000000080000000, 0x0000000080100000, 0x0000000080100000|100%|HS|  |TAMS 0x0000000080000000| PB 0x0000000080000000| Complete 
|   1|0x0000000080100000, 0x0000000080200000, 0x0000000080200000|100%|HC|  |TAMS 0x0000000080100000| PB 0x0000000080100000| Complete 
|   2|0x0000000080200000, 0x0000000080300000, 0x0000000080300000|100%|HC|  |TAMS 0x0000000080200000| PB 0x0000000080200000| Complete 
|   3|0x0000000080300000, 0x0000000080400000, 0x0000000080400000|100%| O|  |TAMS 0x0000000080300000| PB 0x0000000080300000| Untracked 
|   4|0x0000000080400000, 0x0000000080500000, 0x0000000080500000|100%| O|  |TAMS 0x0000000080400000| PB 0x0000000080400000| Untracked 
|   5|0x0000000080500000, 0x0000000080600000, 0x0000000080600000|100%| O|  |TAMS 0x0000000080500000| PB 0x0000000080500000| Untracked 
|   6|0x0000000080600000, 0x0000000080700000, 0x0000000080700000|100%| O|  |TAMS 0x0000000080600000| PB 0x0000000080600000| Untracked 
|   7|0x0000000080700000, 0x0000000080800000, 0x0000000080800000|100%| O|  |TAMS 0x0000000080700000| PB 0x0000000080700000| Untracked 
|   8|0x0000000080800000, 0x0000000080900000, 0x0000000080900000|100%|HS|  |TAMS 0x0000000080800000| PB 0x0000000080800000| Complete 
|   9|0x0000000080900000, 0x0000000080a00000, 0x0000000080a00000|100%| O|  |TAMS 0x0000000080900000| PB 0x0000000080900000| Untracked 
|  10|0x0000000080a00000, 0x0000000080b00000, 0x0000000080b00000|100%| O|  |TAMS 0x0000000080a00000| PB 0x0000000080a00000| Untracked 
|  11|0x0000000080b00000, 0x0000000080c00000, 0x0000000080c00000|100%| O|  |TAMS 0x0000000080b00000| PB 0x0000000080b00000| Untracked 
|  12|0x0000000080c00000, 0x0000000080d00000, 0x0000000080d00000|100%| O|  |TAMS 0x0000000080c00000| PB 0x0000000080c00000| Untracked 
|  13|0x0000000080d00000, 0x0000000080e00000, 0x0000000080e00000|100%| O|  |TAMS 0x0000000080d00000| PB 0x0000000080d00000| Untracked 
|  14|0x0000000080e00000, 0x0000000080f00000, 0x0000000080f00000|100%| O|  |TAMS 0x0000000080e00000| PB 0x0000000080e00000| Untracked 
|  15|0x0000000080f00000, 0x0000000081000000, 0x0000000081000000|100%| O|  |TAMS 0x0000000080f00000| PB 0x0000000080f00000| Untracked 
|  16|0x0000000081000000, 0x0000000081100000, 0x0000000081100000|100%| O|  |TAMS 0x0000000081000000| PB 0x0000000081000000| Untracked 
|  17|0x0000000081100000, 0x0000000081200000, 0x0000000081200000|100%| O|  |TAMS 0x0000000081100000| PB 0x0000000081100000| Untracked 
|  18|0x0000000081200000, 0x0000000081300000, 0x0000000081300000|100%| O|  |TAMS 0x0000000081200000| PB 0x0000000081200000| Untracked 
|  19|0x0000000081300000, 0x0000000081400000, 0x0000000081400000|100%| O|  |TAMS 0x0000000081300000| PB 0x0000000081300000| Untracked 
|  20|0x0000000081400000, 0x0000000081500000, 0x0000000081500000|100%| O|  |TAMS 0x0000000081400000| PB 0x0000000081400000| Untracked 
|  21|0x0000000081500000, 0x0000000081600000, 0x0000000081600000|100%| O|  |TAMS 0x0000000081500000| PB 0x0000000081500000| Untracked 
|  22|0x0000000081600000, 0x0000000081700000, 0x0000000081700000|100%| O|  |TAMS 0x0000000081600000| PB 0x0000000081600000| Untracked 
|  23|0x0000000081700000, 0x0000000081800000, 0x0000000081800000|100%| O|  |TAMS 0x0000000081700000| PB 0x0000000081700000| Untracked 
|  24|0x0000000081800000, 0x0000000081900000, 0x0000000081900000|100%| O|  |TAMS 0x0000000081800000| PB 0x0000000081800000| Untracked 
|  25|0x0000000081900000, 0x0000000081a00000, 0x0000000081a00000|100%| O|  |TAMS 0x0000000081900000| PB 0x0000000081900000| Untracked 
|  26|0x0000000081a00000, 0x0000000081b00000, 0x0000000081b00000|100%| O|  |TAMS 0x0000000081a00000| PB 0x0000000081a00000| Untracked 
|  27|0x0000000081b00000, 0x0000000081c00000, 0x0000000081c00000|100%| O|  |TAMS 0x0000000081b00000| PB 0x0000000081b00000| Untracked 
|  28|0x0000000081c00000, 0x0000000081d00000, 0x0000000081d00000|100%| O|  |TAMS 0x0000000081c00000| PB 0x0000000081c00000| Untracked 
|  29|0x0000000081d00000, 0x0000000081e00000, 0x0000000081e00000|100%| O|  |TAMS 0x0000000081d00000| PB 0x0000000081d00000| Untracked 
|  30|0x0000000081e00000, 0x0000000081f00000, 0x0000000081f00000|100%| O|  |TAMS 0x0000000081e00000| PB 0x0000000081e00000| Untracked 
|  31|0x0000000081f00000, 0x0000000082000000, 0x0000000082000000|100%| O|  |TAMS 0x0000000081f00000| PB 0x0000000081f00000| Untracked 
|  32|0x0000000082000000, 0x0000000082100000, 0x0000000082100000|100%| O|  |TAMS 0x0000000082000000| PB 0x0000000082000000| Untracked 
|  33|0x0000000082100000, 0x0000000082200000, 0x0000000082200000|100%| O|  |TAMS 0x0000000082100000| PB 0x0000000082100000| Untracked 
|  34|0x0000000082200000, 0x0000000082300000, 0x0000000082300000|100%| O|  |TAMS 0x0000000082200000| PB 0x0000000082200000| Untracked 
|  35|0x0000000082300000, 0x0000000082400000, 0x0000000082400000|100%| O|  |TAMS 0x0000000082300000| PB 0x0000000082300000| Untracked 
|  36|0x0000000082400000, 0x0000000082500000, 0x0000000082500000|100%| O|  |TAMS 0x0000000082400000| PB 0x0000000082400000| Untracked 
|  37|0x0000000082500000, 0x0000000082600000, 0x0000000082600000|100%| O|  |TAMS 0x0000000082500000| PB 0x0000000082500000| Untracked 
|  38|0x0000000082600000, 0x0000000082700000, 0x0000000082700000|100%| O|  |TAMS 0x0000000082600000| PB 0x0000000082600000| Untracked 
|  39|0x0000000082700000, 0x0000000082800000, 0x0000000082800000|100%| O|  |TAMS 0x0000000082700000| PB 0x0000000082700000| Untracked 
|  40|0x0000000082800000, 0x0000000082900000, 0x0000000082900000|100%| O|  |TAMS 0x0000000082800000| PB 0x0000000082800000| Untracked 
|  41|0x0000000082900000, 0x0000000082a00000, 0x0000000082a00000|100%| O|  |TAMS 0x0000000082900000| PB 0x0000000082900000| Untracked 
|  42|0x0000000082a00000, 0x0000000082b00000, 0x0000000082b00000|100%| O|  |TAMS 0x0000000082a00000| PB 0x0000000082a00000| Untracked 
|  43|0x0000000082b00000, 0x0000000082c00000, 0x0000000082c00000|100%|HS|  |TAMS 0x0000000082b00000| PB 0x0000000082b00000| Complete 
|  44|0x0000000082c00000, 0x0000000082d00000, 0x0000000082d00000|100%|HC|  |TAMS 0x0000000082c00000| PB 0x0000000082c00000| Complete 
|  45|0x0000000082d00000, 0x0000000082e00000, 0x0000000082e00000|100%| O|  |TAMS 0x0000000082d00000| PB 0x0000000082d00000| Untracked 
|  46|0x0000000082e00000, 0x0000000082f00000, 0x0000000082f00000|100%| O|  |TAMS 0x0000000082e00000| PB 0x0000000082e00000| Untracked 
|  47|0x0000000082f00000, 0x0000000083000000, 0x0000000083000000|100%|HS|  |TAMS 0x0000000082f00000| PB 0x0000000082f00000| Complete 
|  48|0x0000000083000000, 0x0000000083100000, 0x0000000083100000|100%|HC|  |TAMS 0x0000000083000000| PB 0x0000000083000000| Complete 
|  49|0x0000000083100000, 0x0000000083200000, 0x0000000083200000|100%|HS|  |TAMS 0x0000000083100000| PB 0x0000000083100000| Complete 
|  50|0x0000000083200000, 0x0000000083300000, 0x0000000083300000|100%|HC|  |TAMS 0x0000000083200000| PB 0x0000000083200000| Complete 
|  51|0x0000000083300000, 0x0000000083400000, 0x0000000083400000|100%|HC|  |TAMS 0x0000000083300000| PB 0x0000000083300000| Complete 
|  52|0x0000000083400000, 0x0000000083500000, 0x0000000083500000|100%| O|  |TAMS 0x0000000083400000| PB 0x0000000083400000| Untracked 
|  53|0x0000000083500000, 0x0000000083600000, 0x0000000083600000|100%| O|  |TAMS 0x0000000083500000| PB 0x0000000083500000| Untracked 
|  54|0x0000000083600000, 0x0000000083700000, 0x0000000083700000|100%| O|  |TAMS 0x0000000083600000| PB 0x0000000083600000| Untracked 
|  55|0x0000000083700000, 0x0000000083800000, 0x0000000083800000|100%| O|  |TAMS 0x0000000083700000| PB 0x0000000083700000| Untracked 
|  56|0x0000000083800000, 0x0000000083900000, 0x0000000083900000|100%|HS|  |TAMS 0x0000000083800000| PB 0x0000000083800000| Complete 
|  57|0x0000000083900000, 0x0000000083a00000, 0x0000000083a00000|100%|HC|  |TAMS 0x0000000083900000| PB 0x0000000083900000| Complete 
|  58|0x0000000083a00000, 0x0000000083b00000, 0x0000000083b00000|100%|HC|  |TAMS 0x0000000083a00000| PB 0x0000000083a00000| Complete 
|  59|0x0000000083b00000, 0x0000000083c00000, 0x0000000083c00000|100%| O|  |TAMS 0x0000000083b00000| PB 0x0000000083b00000| Untracked 
|  60|0x0000000083c00000, 0x0000000083d00000, 0x0000000083d00000|100%| O|  |TAMS 0x0000000083c00000| PB 0x0000000083c00000| Untracked 
|  61|0x0000000083d00000, 0x0000000083e00000, 0x0000000083e00000|100%| O|  |TAMS 0x0000000083d00000| PB 0x0000000083d00000| Untracked 
|  62|0x0000000083e00000, 0x0000000083f00000, 0x0000000083f00000|100%| O|  |TAMS 0x0000000083e00000| PB 0x0000000083e00000| Untracked 
|  63|0x0000000083f00000, 0x0000000084000000, 0x0000000084000000|100%| O|  |TAMS 0x0000000083f00000| PB 0x0000000083f00000| Untracked 
|  64|0x0000000084000000, 0x0000000084100000, 0x0000000084100000|100%| O|  |TAMS 0x0000000084000000| PB 0x0000000084000000| Untracked 
|  65|0x0000000084100000, 0x0000000084100000, 0x0000000084200000|  0%| F|  |TAMS 0x0000000084100000| PB 0x0000000084100000| Untracked 
|  66|0x0000000084200000, 0x0000000084300000, 0x0000000084300000|100%| O|  |TAMS 0x0000000084200000| PB 0x0000000084200000| Untracked 
|  67|0x0000000084300000, 0x0000000084400000, 0x0000000084400000|100%| O|  |TAMS 0x0000000084300000| PB 0x0000000084300000| Untracked 
|  68|0x0000000084400000, 0x0000000084500000, 0x0000000084500000|100%|HS|  |TAMS 0x0000000084400000| PB 0x0000000084400000| Complete 
|  69|0x0000000084500000, 0x0000000084600000, 0x0000000084600000|100%| O|  |TAMS 0x0000000084500000| PB 0x0000000084500000| Untracked 
|  70|0x0000000084600000, 0x0000000084700000, 0x0000000084700000|100%| O|  |TAMS 0x0000000084600000| PB 0x0000000084600000| Untracked 
|  71|0x0000000084700000, 0x0000000084800000, 0x0000000084800000|100%| O|  |TAMS 0x0000000084700000| PB 0x0000000084700000| Untracked 
|  72|0x0000000084800000, 0x0000000084900000, 0x0000000084900000|100%| O|  |TAMS 0x0000000084800000| PB 0x0000000084800000| Untracked 
|  73|0x0000000084900000, 0x0000000084900000, 0x0000000084a00000|  0%| F|  |TAMS 0x0000000084900000| PB 0x0000000084900000| Untracked 
|  74|0x0000000084a00000, 0x0000000084b00000, 0x0000000084b00000|100%|HS|  |TAMS 0x0000000084a00000| PB 0x0000000084a00000| Complete 
|  75|0x0000000084b00000, 0x0000000084c00000, 0x0000000084c00000|100%|HC|  |TAMS 0x0000000084b00000| PB 0x0000000084b00000| Complete 
|  76|0x0000000084c00000, 0x0000000084d00000, 0x0000000084d00000|100%|HS|  |TAMS 0x0000000084c00000| PB 0x0000000084c00000| Complete 
|  77|0x0000000084d00000, 0x0000000084e00000, 0x0000000084e00000|100%|HS|  |TAMS 0x0000000084d00000| PB 0x0000000084d00000| Complete 
|  78|0x0000000084e00000, 0x0000000084f00000, 0x0000000084f00000|100%|HS|  |TAMS 0x0000000084e00000| PB 0x0000000084e00000| Complete 
|  79|0x0000000084f00000, 0x0000000085000000, 0x0000000085000000|100%|HS|  |TAMS 0x0000000084f00000| PB 0x0000000084f00000| Complete 
|  80|0x0000000085000000, 0x0000000085100000, 0x0000000085100000|100%|HS|  |TAMS 0x0000000085000000| PB 0x0000000085000000| Complete 
|  81|0x0000000085100000, 0x0000000085200000, 0x0000000085200000|100%| O|  |TAMS 0x0000000085100000| PB 0x0000000085100000| Untracked 
|  82|0x0000000085200000, 0x0000000085300000, 0x0000000085300000|100%| O|  |TAMS 0x0000000085200000| PB 0x0000000085200000| Untracked 
|  83|0x0000000085300000, 0x0000000085400000, 0x0000000085400000|100%| O|  |TAMS 0x0000000085300000| PB 0x0000000085300000| Untracked 
|  84|0x0000000085400000, 0x0000000085500000, 0x0000000085500000|100%| O|  |TAMS 0x0000000085400000| PB 0x0000000085400000| Untracked 
|  85|0x0000000085500000, 0x0000000085600000, 0x0000000085600000|100%|HS|  |TAMS 0x0000000085500000| PB 0x0000000085500000| Complete 
|  86|0x0000000085600000, 0x0000000085700000, 0x0000000085700000|100%|HC|  |TAMS 0x0000000085600000| PB 0x0000000085600000| Complete 
|  87|0x0000000085700000, 0x0000000085800000, 0x0000000085800000|100%| O|  |TAMS 0x0000000085700000| PB 0x0000000085700000| Untracked 
|  88|0x0000000085800000, 0x0000000085900000, 0x0000000085900000|100%| O|  |TAMS 0x0000000085800000| PB 0x0000000085800000| Untracked 
|  89|0x0000000085900000, 0x0000000085a00000, 0x0000000085a00000|100%| O|  |TAMS 0x0000000085900000| PB 0x0000000085900000| Untracked 
|  90|0x0000000085a00000, 0x0000000085b00000, 0x0000000085b00000|100%| O|  |TAMS 0x0000000085a00000| PB 0x0000000085a00000| Untracked 
|  91|0x0000000085b00000, 0x0000000085c00000, 0x0000000085c00000|100%| O|  |TAMS 0x0000000085b00000| PB 0x0000000085b00000| Untracked 
|  92|0x0000000085c00000, 0x0000000085d00000, 0x0000000085d00000|100%| O|  |TAMS 0x0000000085c00000| PB 0x0000000085c00000| Untracked 
|  93|0x0000000085d00000, 0x0000000085e00000, 0x0000000085e00000|100%| O|  |TAMS 0x0000000085d00000| PB 0x0000000085d00000| Untracked 
|  94|0x0000000085e00000, 0x0000000085f00000, 0x0000000085f00000|100%| O|  |TAMS 0x0000000085e00000| PB 0x0000000085e00000| Untracked 
|  95|0x0000000085f00000, 0x0000000086000000, 0x0000000086000000|100%|HS|  |TAMS 0x0000000085f00000| PB 0x0000000085f00000| Complete 
|  96|0x0000000086000000, 0x0000000086100000, 0x0000000086100000|100%| O|  |TAMS 0x0000000086000000| PB 0x0000000086000000| Untracked 
|  97|0x0000000086100000, 0x0000000086200000, 0x0000000086200000|100%| O|  |TAMS 0x0000000086100000| PB 0x0000000086100000| Untracked 
|  98|0x0000000086200000, 0x0000000086300000, 0x0000000086300000|100%| O|  |TAMS 0x0000000086200000| PB 0x0000000086200000| Untracked 
|  99|0x0000000086300000, 0x0000000086400000, 0x0000000086400000|100%| O|  |TAMS 0x0000000086300000| PB 0x0000000086300000| Untracked 
| 100|0x0000000086400000, 0x0000000086500000, 0x0000000086500000|100%| O|  |TAMS 0x0000000086400000| PB 0x0000000086400000| Untracked 
| 101|0x0000000086500000, 0x0000000086600000, 0x0000000086600000|100%| O|  |TAMS 0x0000000086500000| PB 0x0000000086500000| Untracked 
| 102|0x0000000086600000, 0x0000000086700000, 0x0000000086700000|100%| O|  |TAMS 0x0000000086600000| PB 0x0000000086600000| Untracked 
| 103|0x0000000086700000, 0x00000000867438c8, 0x0000000086800000| 26%| O|  |TAMS 0x0000000086700000| PB 0x0000000086700000| Untracked 
| 104|0x0000000086800000, 0x0000000086900000, 0x0000000086900000|100%| O|  |TAMS 0x0000000086800000| PB 0x0000000086800000| Untracked 
| 105|0x0000000086900000, 0x0000000086900000, 0x0000000086a00000|  0%| F|  |TAMS 0x0000000086900000| PB 0x0000000086900000| Untracked 
| 106|0x0000000086a00000, 0x0000000086a00000, 0x0000000086b00000|  0%| F|  |TAMS 0x0000000086a00000| PB 0x0000000086a00000| Untracked 
| 107|0x0000000086b00000, 0x0000000086bafcc8, 0x0000000086c00000| 68%| S|CS|TAMS 0x0000000086b00000| PB 0x0000000086b00000| Complete 
| 108|0x0000000086c00000, 0x0000000086d00000, 0x0000000086d00000|100%| O|  |TAMS 0x0000000086c00000| PB 0x0000000086c00000| Untracked 
| 109|0x0000000086d00000, 0x0000000086e00000, 0x0000000086e00000|100%| O|  |TAMS 0x0000000086d00000| PB 0x0000000086d00000| Untracked 
| 110|0x0000000086e00000, 0x0000000086f00000, 0x0000000086f00000|100%| S|CS|TAMS 0x0000000086e00000| PB 0x0000000086e00000| Complete 
| 111|0x0000000086f00000, 0x0000000087000000, 0x0000000087000000|100%| S|CS|TAMS 0x0000000086f00000| PB 0x0000000086f00000| Complete 
| 112|0x0000000087000000, 0x0000000087100000, 0x0000000087100000|100%| S|CS|TAMS 0x0000000087000000| PB 0x0000000087000000| Complete 
| 113|0x0000000087100000, 0x0000000087200000, 0x0000000087200000|100%| S|CS|TAMS 0x0000000087100000| PB 0x0000000087100000| Complete 
| 114|0x0000000087200000, 0x0000000087200000, 0x0000000087300000|  0%| F|  |TAMS 0x0000000087200000| PB 0x0000000087200000| Untracked 
| 115|0x0000000087300000, 0x0000000087300000, 0x0000000087400000|  0%| F|  |TAMS 0x0000000087300000| PB 0x0000000087300000| Untracked 
| 116|0x0000000087400000, 0x0000000087400000, 0x0000000087500000|  0%| F|  |TAMS 0x0000000087400000| PB 0x0000000087400000| Untracked 
| 117|0x0000000087500000, 0x0000000087500000, 0x0000000087600000|  0%| F|  |TAMS 0x0000000087500000| PB 0x0000000087500000| Untracked 
| 118|0x0000000087600000, 0x0000000087600000, 0x0000000087700000|  0%| F|  |TAMS 0x0000000087600000| PB 0x0000000087600000| Untracked 
| 119|0x0000000087700000, 0x0000000087700000, 0x0000000087800000|  0%| F|  |TAMS 0x0000000087700000| PB 0x0000000087700000| Untracked 
| 120|0x0000000087800000, 0x0000000087900000, 0x0000000087900000|100%| S|CS|TAMS 0x0000000087800000| PB 0x0000000087800000| Complete 
| 121|0x0000000087900000, 0x0000000087a00000, 0x0000000087a00000|100%| S|CS|TAMS 0x0000000087900000| PB 0x0000000087900000| Complete 
| 122|0x0000000087a00000, 0x0000000087b00000, 0x0000000087b00000|100%| S|CS|TAMS 0x0000000087a00000| PB 0x0000000087a00000| Complete 
| 123|0x0000000087b00000, 0x0000000087c00000, 0x0000000087c00000|100%| S|CS|TAMS 0x0000000087b00000| PB 0x0000000087b00000| Complete 
| 124|0x0000000087c00000, 0x0000000087c00000, 0x0000000087d00000|  0%| F|  |TAMS 0x0000000087c00000| PB 0x0000000087c00000| Untracked 
| 125|0x0000000087d00000, 0x0000000087d00000, 0x0000000087e00000|  0%| F|  |TAMS 0x0000000087d00000| PB 0x0000000087d00000| Untracked 
| 126|0x0000000087e00000, 0x0000000087e00000, 0x0000000087f00000|  0%| F|  |TAMS 0x0000000087e00000| PB 0x0000000087e00000| Untracked 
| 127|0x0000000087f00000, 0x0000000087f00000, 0x0000000088000000|  0%| F|  |TAMS 0x0000000087f00000| PB 0x0000000087f00000| Untracked 
| 128|0x0000000088000000, 0x0000000088000000, 0x0000000088100000|  0%| F|  |TAMS 0x0000000088000000| PB 0x0000000088000000| Untracked 
| 129|0x0000000088100000, 0x0000000088100000, 0x0000000088200000|  0%| F|  |TAMS 0x0000000088100000| PB 0x0000000088100000| Untracked 
| 130|0x0000000088200000, 0x0000000088200000, 0x0000000088300000|  0%| F|  |TAMS 0x0000000088200000| PB 0x0000000088200000| Untracked 
| 131|0x0000000088300000, 0x0000000088300000, 0x0000000088400000|  0%| F|  |TAMS 0x0000000088300000| PB 0x0000000088300000| Untracked 
| 132|0x0000000088400000, 0x0000000088400000, 0x0000000088500000|  0%| F|  |TAMS 0x0000000088400000| PB 0x0000000088400000| Untracked 
| 133|0x0000000088500000, 0x0000000088500000, 0x0000000088600000|  0%| F|  |TAMS 0x0000000088500000| PB 0x0000000088500000| Untracked 
| 134|0x0000000088600000, 0x0000000088600000, 0x0000000088700000|  0%| F|  |TAMS 0x0000000088600000| PB 0x0000000088600000| Untracked 
| 135|0x0000000088700000, 0x0000000088700000, 0x0000000088800000|  0%| F|  |TAMS 0x0000000088700000| PB 0x0000000088700000| Untracked 
| 136|0x0000000088800000, 0x0000000088800000, 0x0000000088900000|  0%| F|  |TAMS 0x0000000088800000| PB 0x0000000088800000| Untracked 
| 137|0x0000000088900000, 0x0000000088900000, 0x0000000088a00000|  0%| F|  |TAMS 0x0000000088900000| PB 0x0000000088900000| Untracked 
| 138|0x0000000088a00000, 0x0000000088a00000, 0x0000000088b00000|  0%| F|  |TAMS 0x0000000088a00000| PB 0x0000000088a00000| Untracked 
| 139|0x0000000088b00000, 0x0000000088b00000, 0x0000000088c00000|  0%| F|  |TAMS 0x0000000088b00000| PB 0x0000000088b00000| Untracked 
| 140|0x0000000088c00000, 0x0000000088c00000, 0x0000000088d00000|  0%| F|  |TAMS 0x0000000088c00000| PB 0x0000000088c00000| Untracked 
| 141|0x0000000088d00000, 0x0000000088d00000, 0x0000000088e00000|  0%| F|  |TAMS 0x0000000088d00000| PB 0x0000000088d00000| Untracked 
| 142|0x0000000088e00000, 0x0000000088e00000, 0x0000000088f00000|  0%| F|  |TAMS 0x0000000088e00000| PB 0x0000000088e00000| Untracked 
| 143|0x0000000088f00000, 0x0000000088f00000, 0x0000000089000000|  0%| F|  |TAMS 0x0000000088f00000| PB 0x0000000088f00000| Untracked 
| 144|0x0000000089000000, 0x0000000089000000, 0x0000000089100000|  0%| F|  |TAMS 0x0000000089000000| PB 0x0000000089000000| Untracked 
| 145|0x0000000089100000, 0x0000000089100000, 0x0000000089200000|  0%| F|  |TAMS 0x0000000089100000| PB 0x0000000089100000| Untracked 
| 146|0x0000000089200000, 0x0000000089200000, 0x0000000089300000|  0%| F|  |TAMS 0x0000000089200000| PB 0x0000000089200000| Untracked 
| 147|0x0000000089300000, 0x0000000089300000, 0x0000000089400000|  0%| F|  |TAMS 0x0000000089300000| PB 0x0000000089300000| Untracked 
| 148|0x0000000089400000, 0x0000000089400000, 0x0000000089500000|  0%| F|  |TAMS 0x0000000089400000| PB 0x0000000089400000| Untracked 
| 149|0x0000000089500000, 0x0000000089500000, 0x0000000089600000|  0%| F|  |TAMS 0x0000000089500000| PB 0x0000000089500000| Untracked 
| 150|0x0000000089600000, 0x0000000089600000, 0x0000000089700000|  0%| F|  |TAMS 0x0000000089600000| PB 0x0000000089600000| Untracked 
| 151|0x0000000089700000, 0x0000000089700000, 0x0000000089800000|  0%| F|  |TAMS 0x0000000089700000| PB 0x0000000089700000| Untracked 
| 152|0x0000000089800000, 0x0000000089800000, 0x0000000089900000|  0%| F|  |TAMS 0x0000000089800000| PB 0x0000000089800000| Untracked 
| 153|0x0000000089900000, 0x0000000089900000, 0x0000000089a00000|  0%| F|  |TAMS 0x0000000089900000| PB 0x0000000089900000| Untracked 
| 154|0x0000000089a00000, 0x0000000089a00000, 0x0000000089b00000|  0%| F|  |TAMS 0x0000000089a00000| PB 0x0000000089a00000| Untracked 
| 155|0x0000000089b00000, 0x0000000089b00000, 0x0000000089c00000|  0%| F|  |TAMS 0x0000000089b00000| PB 0x0000000089b00000| Untracked 
| 156|0x0000000089c00000, 0x0000000089c00000, 0x0000000089d00000|  0%| F|  |TAMS 0x0000000089c00000| PB 0x0000000089c00000| Untracked 
| 157|0x0000000089d00000, 0x0000000089d00000, 0x0000000089e00000|  0%| F|  |TAMS 0x0000000089d00000| PB 0x0000000089d00000| Untracked 
| 158|0x0000000089e00000, 0x0000000089e00000, 0x0000000089f00000|  0%| F|  |TAMS 0x0000000089e00000| PB 0x0000000089e00000| Untracked 
| 159|0x0000000089f00000, 0x0000000089f00000, 0x000000008a000000|  0%| F|  |TAMS 0x0000000089f00000| PB 0x0000000089f00000| Untracked 
| 160|0x000000008a000000, 0x000000008a000000, 0x000000008a100000|  0%| F|  |TAMS 0x000000008a000000| PB 0x000000008a000000| Untracked 
| 161|0x000000008a100000, 0x000000008a100000, 0x000000008a200000|  0%| F|  |TAMS 0x000000008a100000| PB 0x000000008a100000| Untracked 
| 162|0x000000008a200000, 0x000000008a200000, 0x000000008a300000|  0%| F|  |TAMS 0x000000008a200000| PB 0x000000008a200000| Untracked 
| 163|0x000000008a300000, 0x000000008a300000, 0x000000008a400000|  0%| F|  |TAMS 0x000000008a300000| PB 0x000000008a300000| Untracked 
| 164|0x000000008a400000, 0x000000008a400000, 0x000000008a500000|  0%| F|  |TAMS 0x000000008a400000| PB 0x000000008a400000| Untracked 
| 165|0x000000008a500000, 0x000000008a500000, 0x000000008a600000|  0%| F|  |TAMS 0x000000008a500000| PB 0x000000008a500000| Untracked 
| 166|0x000000008a600000, 0x000000008a600000, 0x000000008a700000|  0%| F|  |TAMS 0x000000008a600000| PB 0x000000008a600000| Untracked 
| 167|0x000000008a700000, 0x000000008a700000, 0x000000008a800000|  0%| F|  |TAMS 0x000000008a700000| PB 0x000000008a700000| Untracked 
| 168|0x000000008a800000, 0x000000008a800000, 0x000000008a900000|  0%| F|  |TAMS 0x000000008a800000| PB 0x000000008a800000| Untracked 
| 169|0x000000008a900000, 0x000000008a900000, 0x000000008aa00000|  0%| F|  |TAMS 0x000000008a900000| PB 0x000000008a900000| Untracked 
| 170|0x000000008aa00000, 0x000000008aa00000, 0x000000008ab00000|  0%| F|  |TAMS 0x000000008aa00000| PB 0x000000008aa00000| Untracked 
| 171|0x000000008ab00000, 0x000000008ab00000, 0x000000008ac00000|  0%| F|  |TAMS 0x000000008ab00000| PB 0x000000008ab00000| Untracked 
| 172|0x000000008ac00000, 0x000000008ac00000, 0x000000008ad00000|  0%| F|  |TAMS 0x000000008ac00000| PB 0x000000008ac00000| Untracked 
| 173|0x000000008ad00000, 0x000000008ad00000, 0x000000008ae00000|  0%| F|  |TAMS 0x000000008ad00000| PB 0x000000008ad00000| Untracked 
| 174|0x000000008ae00000, 0x000000008af00000, 0x000000008af00000|100%| E|  |TAMS 0x000000008ae00000| PB 0x000000008ae00000| Complete 
| 175|0x000000008af00000, 0x000000008b000000, 0x000000008b000000|100%| E|CS|TAMS 0x000000008af00000| PB 0x000000008af00000| Complete 
| 176|0x000000008b000000, 0x000000008b100000, 0x000000008b100000|100%| E|CS|TAMS 0x000000008b000000| PB 0x000000008b000000| Complete 
| 177|0x000000008b100000, 0x000000008b200000, 0x000000008b200000|100%| E|CS|TAMS 0x000000008b100000| PB 0x000000008b100000| Complete 
| 178|0x000000008b200000, 0x000000008b300000, 0x000000008b300000|100%| E|CS|TAMS 0x000000008b200000| PB 0x000000008b200000| Complete 
| 179|0x000000008b300000, 0x000000008b400000, 0x000000008b400000|100%| E|CS|TAMS 0x000000008b300000| PB 0x000000008b300000| Complete 
| 180|0x000000008b400000, 0x000000008b500000, 0x000000008b500000|100%| E|CS|TAMS 0x000000008b400000| PB 0x000000008b400000| Complete 
| 181|0x000000008b500000, 0x000000008b600000, 0x000000008b600000|100%| E|CS|TAMS 0x000000008b500000| PB 0x000000008b500000| Complete 
| 182|0x000000008b600000, 0x000000008b700000, 0x000000008b700000|100%| E|CS|TAMS 0x000000008b600000| PB 0x000000008b600000| Complete 
| 183|0x000000008b700000, 0x000000008b800000, 0x000000008b800000|100%| E|CS|TAMS 0x000000008b700000| PB 0x000000008b700000| Complete 
| 184|0x000000008b800000, 0x000000008b900000, 0x000000008b900000|100%| E|CS|TAMS 0x000000008b800000| PB 0x000000008b800000| Complete 
| 185|0x000000008b900000, 0x000000008ba00000, 0x000000008ba00000|100%| E|CS|TAMS 0x000000008b900000| PB 0x000000008b900000| Complete 
| 186|0x000000008ba00000, 0x000000008bb00000, 0x000000008bb00000|100%| E|CS|TAMS 0x000000008ba00000| PB 0x000000008ba00000| Complete 
| 187|0x000000008bb00000, 0x000000008bc00000, 0x000000008bc00000|100%| E|CS|TAMS 0x000000008bb00000| PB 0x000000008bb00000| Complete 
| 188|0x000000008bc00000, 0x000000008bd00000, 0x000000008bd00000|100%| E|CS|TAMS 0x000000008bc00000| PB 0x000000008bc00000| Complete 
| 189|0x000000008bd00000, 0x000000008be00000, 0x000000008be00000|100%| E|CS|TAMS 0x000000008bd00000| PB 0x000000008bd00000| Complete 
| 190|0x000000008be00000, 0x000000008bf00000, 0x000000008bf00000|100%| E|CS|TAMS 0x000000008be00000| PB 0x000000008be00000| Complete 
| 191|0x000000008bf00000, 0x000000008c000000, 0x000000008c000000|100%| E|CS|TAMS 0x000000008bf00000| PB 0x000000008bf00000| Complete 
| 192|0x000000008c000000, 0x000000008c100000, 0x000000008c100000|100%| E|CS|TAMS 0x000000008c000000| PB 0x000000008c000000| Complete 
| 193|0x000000008c100000, 0x000000008c200000, 0x000000008c200000|100%| E|CS|TAMS 0x000000008c100000| PB 0x000000008c100000| Complete 
| 194|0x000000008c200000, 0x000000008c300000, 0x000000008c300000|100%| E|CS|TAMS 0x000000008c200000| PB 0x000000008c200000| Complete 
| 195|0x000000008c300000, 0x000000008c400000, 0x000000008c400000|100%| E|CS|TAMS 0x000000008c300000| PB 0x000000008c300000| Complete 
| 196|0x000000008c400000, 0x000000008c500000, 0x000000008c500000|100%| E|CS|TAMS 0x000000008c400000| PB 0x000000008c400000| Complete 
| 197|0x000000008c500000, 0x000000008c600000, 0x000000008c600000|100%| E|CS|TAMS 0x000000008c500000| PB 0x000000008c500000| Complete 
| 198|0x000000008c600000, 0x000000008c700000, 0x000000008c700000|100%| E|CS|TAMS 0x000000008c600000| PB 0x000000008c600000| Complete 
| 199|0x000000008c700000, 0x000000008c800000, 0x000000008c800000|100%| E|CS|TAMS 0x000000008c700000| PB 0x000000008c700000| Complete 
| 200|0x000000008c800000, 0x000000008c900000, 0x000000008c900000|100%| E|CS|TAMS 0x000000008c800000| PB 0x000000008c800000| Complete 
| 201|0x000000008c900000, 0x000000008ca00000, 0x000000008ca00000|100%| E|CS|TAMS 0x000000008c900000| PB 0x000000008c900000| Complete 
| 202|0x000000008ca00000, 0x000000008cb00000, 0x000000008cb00000|100%| E|CS|TAMS 0x000000008ca00000| PB 0x000000008ca00000| Complete 
| 203|0x000000008cb00000, 0x000000008cc00000, 0x000000008cc00000|100%| E|CS|TAMS 0x000000008cb00000| PB 0x000000008cb00000| Complete 
| 204|0x000000008cc00000, 0x000000008cd00000, 0x000000008cd00000|100%| E|CS|TAMS 0x000000008cc00000| PB 0x000000008cc00000| Complete 
| 205|0x000000008cd00000, 0x000000008ce00000, 0x000000008ce00000|100%| E|CS|TAMS 0x000000008cd00000| PB 0x000000008cd00000| Complete 
| 206|0x000000008ce00000, 0x000000008cf00000, 0x000000008cf00000|100%| E|CS|TAMS 0x000000008ce00000| PB 0x000000008ce00000| Complete 
| 207|0x000000008cf00000, 0x000000008d000000, 0x000000008d000000|100%| E|CS|TAMS 0x000000008cf00000| PB 0x000000008cf00000| Complete 
| 208|0x000000008d000000, 0x000000008d100000, 0x000000008d100000|100%| E|CS|TAMS 0x000000008d000000| PB 0x000000008d000000| Complete 
|2036|0x00000000ff400000, 0x00000000ff500000, 0x00000000ff500000|100%| O|  |TAMS 0x00000000ff400000| PB 0x00000000ff400000| Untracked 
|2037|0x00000000ff500000, 0x00000000ff600000, 0x00000000ff600000|100%| E|CS|TAMS 0x00000000ff500000| PB 0x00000000ff500000| Complete 
|2038|0x00000000ff600000, 0x00000000ff700000, 0x00000000ff700000|100%| E|CS|TAMS 0x00000000ff600000| PB 0x00000000ff600000| Complete 
|2039|0x00000000ff700000, 0x00000000ff800000, 0x00000000ff800000|100%| O|  |TAMS 0x00000000ff700000| PB 0x00000000ff700000| Untracked 
|2040|0x00000000ff800000, 0x00000000ff900000, 0x00000000ff900000|100%| O|  |TAMS 0x00000000ff800000| PB 0x00000000ff800000| Untracked 
|2041|0x00000000ff900000, 0x00000000ffa00000, 0x00000000ffa00000|100%| E|CS|TAMS 0x00000000ff900000| PB 0x00000000ff900000| Complete 
|2042|0x00000000ffa00000, 0x00000000ffb00000, 0x00000000ffb00000|100%| E|CS|TAMS 0x00000000ffa00000| PB 0x00000000ffa00000| Complete 
|2043|0x00000000ffb00000, 0x00000000ffc00000, 0x00000000ffc00000|100%| O|  |TAMS 0x00000000ffb00000| PB 0x00000000ffb00000| Untracked 
|2044|0x00000000ffc00000, 0x00000000ffd00000, 0x00000000ffd00000|100%| E|CS|TAMS 0x00000000ffc00000| PB 0x00000000ffc00000| Complete 
|2045|0x00000000ffd00000, 0x00000000ffe00000, 0x00000000ffe00000|100%| E|CS|TAMS 0x00000000ffd00000| PB 0x00000000ffd00000| Complete 
|2046|0x00000000ffe00000, 0x00000000fff00000, 0x00000000fff00000|100%| E|CS|TAMS 0x00000000ffe00000| PB 0x00000000ffe00000| Complete 
|2047|0x00000000fff00000, 0x0000000100000000, 0x0000000100000000|100%| E|CS|TAMS 0x00000000fff00000| PB 0x00000000fff00000| Complete 

Card table byte_map: [0x0000019b23180000,0x0000019b23580000] _byte_map_base: 0x0000019b22d80000

Marking Bits: (CMBitMap*) 0x0000019b0b7051a0
 Bits: [0x0000019b23580000, 0x0000019b25580000)

Polling page: 0x0000019b09450000

Metaspace:

Usage:
  Non-class:     88.04 MB used.
      Class:     14.46 MB used.
       Both:    102.50 MB used.

Virtual space:
  Non-class space:      128.00 MB reserved,      89.19 MB ( 70%) committed,  2 nodes.
      Class space:      832.00 MB reserved,      15.56 MB (  2%) committed,  1 nodes.
             Both:      960.00 MB reserved,     104.75 MB ( 11%) committed. 

Chunk freelists:
   Non-Class:  6.27 MB
       Class:  468.00 KB
        Both:  6.72 MB

MaxMetaspaceSize: 1.00 GB
CompressedClassSpaceSize: 832.00 MB
Initial GC threshold: 21.00 MB
Current GC threshold: 154.19 MB
CDS: on
 - commit_granule_bytes: 65536.
 - commit_granule_words: 8192.
 - virtual_space_node_default_size: 8388608.
 - enlarge_chunks_in_place: 1.
 - use_allocation_guard: 0.


Internal statistics:

num_allocs_failed_limit: 3.
num_arena_births: 4264.
num_arena_deaths: 0.
num_vsnodes_births: 3.
num_vsnodes_deaths: 0.
num_space_committed: 1676.
num_space_uncommitted: 0.
num_chunks_returned_to_freelist: 3.
num_chunks_taken_from_freelist: 9175.
num_chunk_merges: 3.
num_chunk_splits: 5999.
num_chunks_enlarged: 3779.
num_inconsistent_stats: 0.

CodeHeap 'non-profiled nmethods': size=120000Kb used=7843Kb max_used=7843Kb free=112157Kb
 bounds [0x0000019b1b850000, 0x0000019b1c000000, 0x0000019b22d80000]
CodeHeap 'profiled nmethods': size=120000Kb used=22400Kb max_used=22400Kb free=97600Kb
 bounds [0x0000019b13d80000, 0x0000019b15360000, 0x0000019b1b2b0000]
CodeHeap 'non-nmethods': size=5760Kb used=2762Kb max_used=2819Kb free=2997Kb
 bounds [0x0000019b1b2b0000, 0x0000019b1b580000, 0x0000019b1b850000]
CodeCache: size=245760Kb, used=33005Kb, max_used=33062Kb, free=212754Kb
 total_blobs=12680, nmethods=11664, adapters=917, full_count=0
Compilation: enabled, stopped_count=0, restarted_count=0

Compilation events (20 events):
Event: 229.801 Thread 0x0000019b2785c750 nmethod 13600 0x0000019b1534a610 code [0x0000019b1534a7c0, 0x0000019b1534a9f8]
Event: 229.801 Thread 0x0000019b2785c750 13601       3       org.gradle.api.internal.artifacts.ivyservice.ivyresolve.ErrorHandlingModuleComponentRepository$ErrorHandlingModuleComponentRepositoryAccess::lambda$tryResolveAndMaybeDisable$15 (8 bytes)
Event: 229.802 Thread 0x0000019b2785c750 nmethod 13601 0x0000019b1534ab10 code [0x0000019b1534acc0, 0x0000019b1534ae80]
Event: 229.802 Thread 0x0000019b2785c750 13602       3       org.gradle.api.internal.artifacts.ivyservice.ivyresolve.ErrorHandlingModuleComponentRepository$ErrorHandlingModuleComponentRepositoryAccess$$Lambda/0x0000019b297dc090::run (20 bytes)
Event: 229.802 Thread 0x0000019b27849080 nmethod 13599 0x0000019b1bff7b90 code [0x0000019b1bff7d20, 0x0000019b1bff7e30]
Event: 229.802 Thread 0x0000019b2785c750 nmethod 13602 0x0000019b1534af90 code [0x0000019b1534b140, 0x0000019b1534b398]
Event: 229.802 Thread 0x0000019b2785c750 13603       3       org.gradle.api.internal.artifacts.ivyservice.ivyresolve.CachingModuleComponentRepository$LocateInCacheRepositoryAccess::resolveComponentMetaData (70 bytes)
Event: 229.804 Thread 0x0000019b2785c750 nmethod 13603 0x0000019b1534b490 code [0x0000019b1534b6e0, 0x0000019b1534bfb8]
Event: 229.805 Thread 0x0000019b2785c750 13604       3       org.gradle.api.internal.artifacts.repositories.resolver.ExternalResourceResolver$LocalRepositoryAccess::resolveComponentMetaData (1 bytes)
Event: 229.805 Thread 0x0000019b2785c750 nmethod 13604 0x0000019b1534c310 code [0x0000019b1534c4a0, 0x0000019b1534c5a8]
Event: 229.805 Thread 0x0000019b2785c750 13605       3       org.gradle.api.internal.artifacts.ivyservice.ivyresolve.CachingModuleComponentRepository$LocateInCacheRepositoryAccess::resolveComponentMetaDataFromCache (415 bytes)
Event: 229.807 Thread 0x0000019b27849080 13608       4       org.gradle.internal.component.model.DefaultExternalModuleComponentGraphResolveState$DefaultConfigurationGraphResolveState::getAttributes (5 bytes)
Event: 229.815 Thread 0x0000019b2785c750 nmethod 13605 0x0000019b1534c690 code [0x0000019b1534cd80, 0x0000019b15350788]
Event: 229.815 Thread 0x0000019b2785c750 13606       3       org.gradle.internal.resolve.result.DefaultBuildableModuleComponentMetaDataResolveResult::reset (21 bytes)
Event: 229.816 Thread 0x0000019b2785c750 nmethod 13606 0x0000019b15351e90 code [0x0000019b15352040, 0x0000019b15352208]
Event: 229.816 Thread 0x0000019b2785c750 13607       3       org.gradle.internal.resolve.result.DefaultBuildableModuleComponentMetaDataResolveResult::setAuthoritative (10 bytes)
Event: 229.816 Thread 0x0000019b2785c750 nmethod 13607 0x0000019b15352290 code [0x0000019b15352460, 0x0000019b153527b0]
Event: 230.862 Thread 0x0000019b2785c750 13610       3       org.gradle.internal.component.external.model.AbstractModuleComponentResolveMetadata::getPlatformOwners (5 bytes)
Event: 231.938 Thread 0x0000019b2785c750 nmethod 13610 0x0000019b15352910 code [0x0000019b15352ac0, 0x0000019b15352c88]
Event: 231.938 Thread 0x0000019b2785c750 13613       3       org.gradle.internal.component.external.model.ExternalModuleDependencyMetadata::selectVariants (59 bytes)

GC Heap History (20 events):
Event: 112.677 GC heap before
{Heap before GC invocations=52 (full 0):
 garbage-first heap   total 135168K, used 129128K [0x0000000080000000, 0x0000000100000000)
  region size 1024K, 45 young (46080K), 2 survivors (2048K)
 Metaspace       used 76006K, committed 78080K, reserved 983040K
  class space    used 10948K, committed 11968K, reserved 851968K
}
Event: 112.696 GC heap after
{Heap after GC invocations=53 (full 0):
 garbage-first heap   total 141312K, used 92543K [0x0000000080000000, 0x0000000100000000)
  region size 1024K, 6 young (6144K), 6 survivors (6144K)
 Metaspace       used 76006K, committed 78080K, reserved 983040K
  class space    used 10948K, committed 11968K, reserved 851968K
}
Event: 116.652 GC heap before
{Heap before GC invocations=53 (full 0):
 garbage-first heap   total 141312K, used 128383K [0x0000000080000000, 0x0000000100000000)
  region size 1024K, 38 young (38912K), 6 survivors (6144K)
 Metaspace       used 78226K, committed 80320K, reserved 983040K
  class space    used 11221K, committed 12288K, reserved 851968K
}
Event: 116.661 GC heap after
{Heap after GC invocations=54 (full 0):
 garbage-first heap   total 141312K, used 99466K [0x0000000080000000, 0x0000000100000000)
  region size 1024K, 4 young (4096K), 4 survivors (4096K)
 Metaspace       used 78226K, committed 80320K, reserved 983040K
  class space    used 11221K, committed 12288K, reserved 851968K
}
Event: 118.698 GC heap before
{Heap before GC invocations=54 (full 0):
 garbage-first heap   total 141312K, used 126090K [0x0000000080000000, 0x0000000100000000)
  region size 1024K, 31 young (31744K), 4 survivors (4096K)
 Metaspace       used 80828K, committed 82944K, reserved 983040K
  class space    used 11500K, committed 12544K, reserved 851968K
}
Event: 118.709 GC heap after
{Heap after GC invocations=55 (full 0):
 garbage-first heap   total 141312K, used 99977K [0x0000000080000000, 0x0000000100000000)
  region size 1024K, 1 young (1024K), 1 survivors (1024K)
 Metaspace       used 80828K, committed 82944K, reserved 983040K
  class space    used 11500K, committed 12544K, reserved 851968K
}
Event: 123.776 GC heap before
{Heap before GC invocations=56 (full 0):
 garbage-first heap   total 167936K, used 133769K [0x0000000080000000, 0x0000000100000000)
  region size 1024K, 30 young (30720K), 1 survivors (1024K)
 Metaspace       used 82810K, committed 84928K, reserved 983040K
  class space    used 11761K, committed 12800K, reserved 851968K
}
Event: 123.785 GC heap after
{Heap after GC invocations=57 (full 0):
 garbage-first heap   total 167936K, used 105178K [0x0000000080000000, 0x0000000100000000)
  region size 1024K, 4 young (4096K), 4 survivors (4096K)
 Metaspace       used 82810K, committed 84928K, reserved 983040K
  class space    used 11761K, committed 12800K, reserved 851968K
}
Event: 132.318 GC heap before
{Heap before GC invocations=57 (full 0):
 garbage-first heap   total 167936K, used 151258K [0x0000000080000000, 0x0000000100000000)
  region size 1024K, 50 young (51200K), 4 survivors (4096K)
 Metaspace       used 86371K, committed 88512K, reserved 983040K
  class space    used 12177K, committed 13248K, reserved 851968K
}
Event: 132.359 GC heap after
{Heap after GC invocations=58 (full 0):
 garbage-first heap   total 167936K, used 105343K [0x0000000080000000, 0x0000000100000000)
  region size 1024K, 6 young (6144K), 6 survivors (6144K)
 Metaspace       used 86371K, committed 88512K, reserved 983040K
  class space    used 12177K, committed 13248K, reserved 851968K
}
Event: 145.605 GC heap before
{Heap before GC invocations=58 (full 0):
 garbage-first heap   total 167936K, used 154495K [0x0000000080000000, 0x0000000100000000)
  region size 1024K, 54 young (55296K), 6 survivors (6144K)
 Metaspace       used 90169K, committed 92352K, reserved 983040K
  class space    used 12704K, committed 13760K, reserved 851968K
}
Event: 145.655 GC heap after
{Heap after GC invocations=59 (full 0):
 garbage-first heap   total 167936K, used 107087K [0x0000000080000000, 0x0000000100000000)
  region size 1024K, 5 young (5120K), 5 survivors (5120K)
 Metaspace       used 90169K, committed 92352K, reserved 983040K
  class space    used 12704K, committed 13760K, reserved 851968K
}
Event: 160.488 GC heap before
{Heap before GC invocations=59 (full 0):
 garbage-first heap   total 167936K, used 154191K [0x0000000080000000, 0x0000000100000000)
  region size 1024K, 51 young (52224K), 5 survivors (5120K)
 Metaspace       used 92461K, committed 94720K, reserved 983040K
  class space    used 12993K, committed 14080K, reserved 851968K
}
Event: 160.532 GC heap after
{Heap after GC invocations=60 (full 0):
 garbage-first heap   total 167936K, used 112242K [0x0000000080000000, 0x0000000100000000)
  region size 1024K, 7 young (7168K), 7 survivors (7168K)
 Metaspace       used 92461K, committed 94720K, reserved 983040K
  class space    used 12993K, committed 14080K, reserved 851968K
}
Event: 169.042 GC heap before
{Heap before GC invocations=61 (full 0):
 garbage-first heap   total 188416K, used 155250K [0x0000000080000000, 0x0000000100000000)
  region size 1024K, 49 young (50176K), 7 survivors (7168K)
 Metaspace       used 93012K, committed 95232K, reserved 983040K
  class space    used 13062K, committed 14144K, reserved 851968K
}
Event: 169.069 GC heap after
{Heap after GC invocations=62 (full 0):
 garbage-first heap   total 188416K, used 115482K [0x0000000080000000, 0x0000000100000000)
  region size 1024K, 4 young (4096K), 4 survivors (4096K)
 Metaspace       used 93012K, committed 95232K, reserved 983040K
  class space    used 13062K, committed 14144K, reserved 851968K
}
Event: 179.497 GC heap before
{Heap before GC invocations=62 (full 0):
 garbage-first heap   total 188416K, used 172826K [0x0000000080000000, 0x0000000100000000)
  region size 1024K, 59 young (60416K), 4 survivors (4096K)
 Metaspace       used 96969K, committed 99264K, reserved 983040K
  class space    used 13649K, committed 14784K, reserved 851968K
}
Event: 179.517 GC heap after
{Heap after GC invocations=63 (full 0):
 garbage-first heap   total 226304K, used 117178K [0x0000000080000000, 0x0000000100000000)
  region size 1024K, 6 young (6144K), 6 survivors (6144K)
 Metaspace       used 96969K, committed 99264K, reserved 983040K
  class space    used 13649K, committed 14784K, reserved 851968K
}
Event: 203.275 GC heap before
{Heap before GC invocations=63 (full 0):
 garbage-first heap   total 226304K, used 211386K [0x0000000080000000, 0x0000000100000000)
  region size 1024K, 98 young (100352K), 6 survivors (6144K)
 Metaspace       used 103347K, committed 105664K, reserved 983040K
  class space    used 14615K, committed 15744K, reserved 851968K
}
Event: 203.333 GC heap after
{Heap after GC invocations=64 (full 0):
 garbage-first heap   total 226304K, used 119757K [0x0000000080000000, 0x0000000100000000)
  region size 1024K, 9 young (9216K), 9 survivors (9216K)
 Metaspace       used 103347K, committed 105664K, reserved 983040K
  class space    used 14615K, committed 15744K, reserved 851968K
}

Dll operation events (15 events):
Event: 0.025 Loaded shared library C:\Program Files\Microsoft\jdk-21.0.10.7-hotspot\bin\java.dll
Event: 0.320 Loaded shared library C:\Program Files\Microsoft\jdk-21.0.10.7-hotspot\bin\jsvml.dll
Event: 0.649 Loaded shared library C:\Program Files\Microsoft\jdk-21.0.10.7-hotspot\bin\zip.dll
Event: 0.707 Loaded shared library C:\Program Files\Microsoft\jdk-21.0.10.7-hotspot\bin\instrument.dll
Event: 0.745 Loaded shared library C:\Program Files\Microsoft\jdk-21.0.10.7-hotspot\bin\net.dll
Event: 0.768 Loaded shared library C:\Program Files\Microsoft\jdk-21.0.10.7-hotspot\bin\nio.dll
Event: 0.775 Loaded shared library C:\Program Files\Microsoft\jdk-21.0.10.7-hotspot\bin\zip.dll
Event: 2.355 Loaded shared library C:\Program Files\Microsoft\jdk-21.0.10.7-hotspot\bin\jimage.dll
Event: 4.239 Loaded shared library C:\Program Files\Microsoft\jdk-21.0.10.7-hotspot\bin\verify.dll
Event: 5.102 Loaded shared library C:\Users\Admin\.gradle\native\1def1411415f61bf3af743bc5b6707747c0891f09f0c88961ee8f79bc544acac\windows-amd64\native-platform.dll
Event: 5.182 Loaded shared library C:\Users\Admin\.gradle\native\0.2.7\x86_64-windows-gnu\gradle-fileevents.dll
Event: 9.392 Loaded shared library C:\Program Files\Microsoft\jdk-21.0.10.7-hotspot\bin\management.dll
Event: 9.399 Loaded shared library C:\Program Files\Microsoft\jdk-21.0.10.7-hotspot\bin\management_ext.dll
Event: 10.090 Loaded shared library C:\Program Files\Microsoft\jdk-21.0.10.7-hotspot\bin\extnet.dll
Event: 10.870 Loaded shared library C:\Program Files\Microsoft\jdk-21.0.10.7-hotspot\bin\sunmscapi.dll

Deoptimization events (20 events):
Event: 209.475 Thread 0x0000019b62608900 Uncommon trap: trap_request=0xffffff45 fr.pc=0x0000019b1be6dcd0 relative=0x00000000000003d0
Event: 209.475 Thread 0x0000019b62608900 Uncommon trap: reason=unstable_if action=reinterpret pc=0x0000019b1be6dcd0 method=java.lang.StringConcatHelper.simpleConcat(Ljava/lang/Object;Ljava/lang/Object;)Ljava/lang/String; @ 30 c2
Event: 209.475 Thread 0x0000019b62608900 DEOPT PACKING pc=0x0000019b1be6dcd0 sp=0x00000075053f4720
Event: 209.475 Thread 0x0000019b62608900 DEOPT UNPACKING pc=0x0000019b1b304422 sp=0x00000075053f46d8 mode 2
Event: 210.909 Thread 0x0000019b62608900 Uncommon trap: trap_request=0xffffffde fr.pc=0x0000019b1bc9a41c relative=0x000000000000083c
Event: 210.909 Thread 0x0000019b62608900 Uncommon trap: reason=class_check action=maybe_recompile pc=0x0000019b1bc9a41c method=org.gradle.tooling.internal.provider.runner.ClientBuildEventGenerator.finished(Lorg/gradle/internal/operations/BuildOperationDescriptor;Lorg/gradle/internal/operations/O
Event: 210.909 Thread 0x0000019b62608900 DEOPT PACKING pc=0x0000019b1bc9a41c sp=0x00000075053f6190
Event: 210.909 Thread 0x0000019b62608900 DEOPT UNPACKING pc=0x0000019b1b304422 sp=0x00000075053f6150 mode 2
Event: 210.944 Thread 0x0000019b62608900 Uncommon trap: trap_request=0xffffff45 fr.pc=0x0000019b1bdd8dd4 relative=0x0000000000000554
Event: 210.944 Thread 0x0000019b62608900 Uncommon trap: reason=unstable_if action=reinterpret pc=0x0000019b1bdd8dd4 method=java.lang.ThreadLocal$ThreadLocalMap.remove(Ljava/lang/ThreadLocal;)V @ 26 c2
Event: 210.944 Thread 0x0000019b62608900 DEOPT PACKING pc=0x0000019b1bdd8dd4 sp=0x00000075053f77e0
Event: 210.944 Thread 0x0000019b62608900 DEOPT UNPACKING pc=0x0000019b1b304422 sp=0x00000075053f76b0 mode 2
Event: 211.955 Thread 0x0000019b62608900 Uncommon trap: trap_request=0xffffffde fr.pc=0x0000019b1bc9a41c relative=0x000000000000083c
Event: 211.955 Thread 0x0000019b62608900 Uncommon trap: reason=class_check action=maybe_recompile pc=0x0000019b1bc9a41c method=org.gradle.tooling.internal.provider.runner.ClientBuildEventGenerator.finished(Lorg/gradle/internal/operations/BuildOperationDescriptor;Lorg/gradle/internal/operations/O
Event: 211.955 Thread 0x0000019b62608900 DEOPT PACKING pc=0x0000019b1bc9a41c sp=0x00000075053f9da0
Event: 211.955 Thread 0x0000019b62608900 DEOPT UNPACKING pc=0x0000019b1b304422 sp=0x00000075053f9d60 mode 2
Event: 221.337 Thread 0x0000019b62608900 DEOPT PACKING pc=0x0000019b14914739 sp=0x00000075053f7010
Event: 221.337 Thread 0x0000019b62608900 DEOPT UNPACKING pc=0x0000019b1b304bc2 sp=0x00000075053f6510 mode 0
Event: 230.942 Thread 0x0000019b62608900 Uncommon trap: trap_request=0xffffffbe fr.pc=0x0000019b1bd29bf8 relative=0x00000000000002f8
Event: 231.939 Thread 0x0000019b62608900 Uncommon trap: reason=profile_predicate action=maybe_recompile pc=0x0000019b1bd29bf8 method=java.util.Collections.indexedBinarySearch(Ljava/util/List;Ljava/lang/Object;Ljava/util/Comparator;)I @ 15 c2

Classes loaded (20 events):
Event: 162.403 Loading class java/beans/IntrospectionException
Event: 162.416 Loading class java/beans/IntrospectionException done
Event: 174.344 Loading class java/util/concurrent/atomic/AtomicIntegerArray
Event: 174.346 Loading class java/util/concurrent/atomic/AtomicIntegerArray done
Event: 174.356 Loading class java/util/Currency
Event: 174.372 Loading class java/util/Currency done
Event: 174.386 Loading class java/util/concurrent/atomic/AtomicLongArray
Event: 174.387 Loading class java/util/concurrent/atomic/AtomicLongArray done
Event: 174.660 Loading class sun/reflect/generics/repository/FieldRepository
Event: 174.660 Loading class sun/reflect/generics/repository/FieldRepository done
Event: 174.823 Loading class jdk/internal/vm/annotation/ForceInline
Event: 174.828 Loading class jdk/internal/vm/annotation/ForceInline done
Event: 176.444 Loading class java/util/regex/Pattern$Caret
Event: 176.454 Loading class java/util/regex/Pattern$Caret done
Event: 188.081 Loading class java/net/Proxy
Event: 188.081 Loading class java/net/Proxy done
Event: 188.082 Loading class java/net/Proxy$Type
Event: 188.082 Loading class java/net/Proxy$Type done
Event: 188.475 Loading class java/io/FileReader
Event: 188.476 Loading class java/io/FileReader done

Classes unloaded (0 events):
No events

Classes redefined (0 events):
No events

Internal exceptions (20 events):
Event: 203.900 Thread 0x0000019b62608900 Exception <a 'java/lang/ClassNotFoundException'{0x00000000ffc6aac0}: com/android/build/gradle/internal/api/BaseVariantImplBeanInfo> (0x00000000ffc6aac0) 
thrown [s\src\hotspot\share\classfile\systemDictionary.cpp, line 312]
Event: 203.901 Thread 0x0000019b62608900 Exception <a 'java/lang/ClassNotFoundException'{0x00000000ffc7b978}: com/android/build/gradle/internal/api/BaseVariantImplCustomizer> (0x00000000ffc7b978) 
thrown [s\src\hotspot\share\classfile\systemDictionary.cpp, line 312]
Event: 203.905 Thread 0x0000019b62608900 Exception <a 'java/lang/ClassNotFoundException'{0x00000000ffcd4db8}: com/android/build/gradle/internal/api/AndroidArtifactVariantImplCustomizer> (0x00000000ffcd4db8) 
thrown [s\src\hotspot\share\classfile\systemDictionary.cpp, line 312]
Event: 203.907 Thread 0x0000019b62608900 Exception <a 'java/lang/ClassNotFoundException'{0x00000000ffcfa590}: com/android/build/gradle/internal/api/InstallableVariantImplCustomizer> (0x00000000ffcfa590) 
thrown [s\src\hotspot\share\classfile\systemDictionary.cpp, line 312]
Event: 203.912 Thread 0x0000019b62608900 Exception <a 'java/lang/ClassNotFoundException'{0x00000000ffa24620}: com/android/build/gradle/internal/api/ApkVariantImplCustomizer> (0x00000000ffa24620) 
thrown [s\src\hotspot\share\classfile\systemDictionary.cpp, line 312]
Event: 203.916 Thread 0x0000019b62608900 Exception <a 'java/lang/ClassNotFoundException'{0x00000000ffa52098}: com/android/build/gradle/internal/api/ApplicationVariantImplCustomizer> (0x00000000ffa52098) 
thrown [s\src\hotspot\share\classfile\systemDictionary.cpp, line 312]
Event: 203.918 Thread 0x0000019b62608900 Exception <a 'java/lang/ClassNotFoundException'{0x00000000ffa85ce8}: com/android/build/gradle/internal/api/ApplicationVariantImpl_DecoratedCustomizer> (0x00000000ffa85ce8) 
thrown [s\src\hotspot\share\classfile\systemDictionary.cpp, line 312]
Event: 207.347 Thread 0x0000019b62608900 Implicit null exception at 0x0000019b1bfb3e9d to 0x0000019b1bfbae8c
Event: 211.375 Thread 0x0000019b62608900 Exception <a 'java/lang/ClassNotFoundException'{0x000000008bc603a8}: org/gradle/api/internal/tasks/DefaultTaskContainer_DecoratedBeanInfo> (0x000000008bc603a8) 
thrown [s\src\hotspot\share\classfile\systemDictionary.cpp, line 312]
Event: 211.378 Thread 0x0000019b62608900 Exception <a 'java/lang/ClassNotFoundException'{0x000000008bc716e8}: org/gradle/api/internal/tasks/DefaultTaskContainerBeanInfo> (0x000000008bc716e8) 
thrown [s\src\hotspot\share\classfile\systemDictionary.cpp, line 312]
Event: 211.387 Thread 0x0000019b62608900 Exception <a 'java/lang/ClassNotFoundException'{0x000000008bc837b0}: org/gradle/api/internal/tasks/DefaultTaskCollectionBeanInfo> (0x000000008bc837b0) 
thrown [s\src\hotspot\share\classfile\systemDictionary.cpp, line 312]
Event: 211.389 Thread 0x0000019b62608900 Exception <a 'java/lang/ClassNotFoundException'{0x000000008bc94ae8}: org/gradle/api/internal/tasks/DefaultTaskCollectionCustomizer> (0x000000008bc94ae8) 
thrown [s\src\hotspot\share\classfile\systemDictionary.cpp, line 312]
Event: 211.423 Thread 0x0000019b62608900 Exception <a 'java/lang/ClassNotFoundException'{0x000000008bb46eb8}: org/gradle/api/internal/tasks/DefaultTaskContainerCustomizer> (0x000000008bb46eb8) 
thrown [s\src\hotspot\share\classfile\systemDictionary.cpp, line 312]
Event: 211.602 Thread 0x0000019b62608900 Exception <a 'java/lang/ClassNotFoundException'{0x000000008b920580}: org/gradle/api/internal/tasks/DefaultTaskContainer_DecoratedCustomizer> (0x000000008b920580) 
thrown [s\src\hotspot\share\classfile\systemDictionary.cpp, line 312]
Event: 213.473 Thread 0x0000019b62608900 Exception <a 'java/lang/ClassNotFoundException'{0x000000008b7707b8}: build_9kt91m88neb4pxpbpxoku95oiBeanInfo> (0x000000008b7707b8) 
thrown [s\src\hotspot\share\classfile\systemDictionary.cpp, line 312]
Event: 213.474 Thread 0x0000019b62608900 Exception <a 'java/lang/ClassNotFoundException'{0x000000008b7774b0}: build_9kt91m88neb4pxpbpxoku95oiCustomizer> (0x000000008b7774b0) 
thrown [s\src\hotspot\share\classfile\systemDictionary.cpp, line 312]
Event: 213.509 Thread 0x0000019b62608900 Exception <a 'java/lang/ClassNotFoundException'{0x000000008b7e0658}: org/gradle/api/internal/initialization/DefaultScriptHandler_DecoratedBeanInfo> (0x000000008b7e0658) 
thrown [s\src\hotspot\share\classfile\systemDictionary.cpp, line 312]
Event: 213.511 Thread 0x0000019b62608900 Exception <a 'java/lang/ClassNotFoundException'{0x000000008b7f3ce8}: org/gradle/api/internal/initialization/DefaultScriptHandlerBeanInfo> (0x000000008b7f3ce8) 
thrown [s\src\hotspot\share\classfile\systemDictionary.cpp, line 312]
Event: 213.512 Thread 0x0000019b62608900 Exception <a 'java/lang/ClassNotFoundException'{0x000000008b607588}: org/gradle/api/internal/initialization/DefaultScriptHandlerCustomizer> (0x000000008b607588) 
thrown [s\src\hotspot\share\classfile\systemDictionary.cpp, line 312]
Event: 213.515 Thread 0x0000019b62608900 Exception <a 'java/lang/ClassNotFoundException'{0x000000008b628188}: org/gradle/api/internal/initialization/DefaultScriptHandler_DecoratedCustomizer> (0x000000008b628188) 
thrown [s\src\hotspot\share\classfile\systemDictionary.cpp, line 312]

ZGC Phase Switch (0 events):
No events

VM Operations (20 events):
Event: 214.749 Executing safepoint VM operation: Cleanup
Event: 214.767 Executing safepoint VM operation: Cleanup done
Event: 215.768 Executing safepoint VM operation: Cleanup
Event: 215.768 Executing safepoint VM operation: Cleanup done
Event: 216.772 Executing safepoint VM operation: Cleanup
Event: 216.786 Executing safepoint VM operation: Cleanup done
Event: 217.801 Executing safepoint VM operation: Cleanup
Event: 217.801 Executing safepoint VM operation: Cleanup done
Event: 218.814 Executing safepoint VM operation: Cleanup
Event: 218.814 Executing safepoint VM operation: Cleanup done
Event: 223.856 Executing safepoint VM operation: Cleanup
Event: 223.856 Executing safepoint VM operation: Cleanup done
Event: 226.874 Executing safepoint VM operation: Cleanup
Event: 226.874 Executing safepoint VM operation: Cleanup done
Event: 228.901 Executing safepoint VM operation: Cleanup
Event: 228.901 Executing safepoint VM operation: Cleanup done
Event: 229.909 Executing safepoint VM operation: Cleanup
Event: 229.910 Executing safepoint VM operation: Cleanup done
Event: 230.921 Executing safepoint VM operation: Cleanup
Event: 230.921 Executing safepoint VM operation: Cleanup done

Memory protections (0 events):
No events

Nmethod flushes (20 events):
Event: 162.189 Thread 0x0000019b27823d30 flushing  nmethod 0x0000019b13fac910
Event: 162.189 Thread 0x0000019b27823d30 flushing  nmethod 0x0000019b14017610
Event: 162.189 Thread 0x0000019b27823d30 flushing  nmethod 0x0000019b14088790
Event: 162.189 Thread 0x0000019b27823d30 flushing  nmethod 0x0000019b140aca10
Event: 162.189 Thread 0x0000019b27823d30 flushing  nmethod 0x0000019b140ae490
Event: 162.189 Thread 0x0000019b27823d30 flushing  nmethod 0x0000019b141d2890
Event: 162.189 Thread 0x0000019b27823d30 flushing  nmethod 0x0000019b14258e10
Event: 162.189 Thread 0x0000019b27823d30 flushing  nmethod 0x0000019b142ea910
Event: 162.189 Thread 0x0000019b27823d30 flushing  nmethod 0x0000019b142eeb10
Event: 162.189 Thread 0x0000019b27823d30 flushing  nmethod 0x0000019b144f2090
Event: 162.189 Thread 0x0000019b27823d30 flushing  nmethod 0x0000019b1450c390
Event: 162.189 Thread 0x0000019b27823d30 flushing  nmethod 0x0000019b1450ec90
Event: 162.189 Thread 0x0000019b27823d30 flushing  nmethod 0x0000019b14514110
Event: 162.189 Thread 0x0000019b27823d30 flushing  nmethod 0x0000019b146c0e10
Event: 162.189 Thread 0x0000019b27823d30 flushing  nmethod 0x0000019b1474ec90
Event: 162.189 Thread 0x0000019b27823d30 flushing  nmethod 0x0000019b1477f210
Event: 162.189 Thread 0x0000019b27823d30 flushing  nmethod 0x0000019b1477fb10
Event: 162.189 Thread 0x0000019b27823d30 flushing  nmethod 0x0000019b14782c90
Event: 162.189 Thread 0x0000019b27823d30 flushing  nmethod 0x0000019b14d52990
Event: 162.189 Thread 0x0000019b27823d30 flushing osr nmethod 0x0000019b14dcd790

Events (20 events):
Event: 72.426 Thread 0x0000019b652447d0 Thread added: 0x0000019b65246f30
Event: 72.426 Thread 0x0000019b652447d0 Thread added: 0x0000019b65243ab0
Event: 72.428 Thread 0x0000019b652447d0 Thread added: 0x0000019b652482e0
Event: 74.579 Thread 0x0000019b652447d0 Thread added: 0x0000019b652475c0
Event: 74.580 Thread 0x0000019b652447d0 Thread added: 0x0000019b65249690
Event: 79.475 Thread 0x0000019b62608900 Thread added: 0x0000019b65248970
Event: 79.475 Thread 0x0000019b62608900 Thread added: 0x0000019b65247c50
Event: 79.476 Thread 0x0000019b62608900 Thread added: 0x0000019b65bb4d60
Event: 82.515 Thread 0x0000019b62608900 Thread added: 0x0000019b65bb6110
Event: 82.517 Thread 0x0000019b62608900 Thread added: 0x0000019b65bb5a80
Event: 82.519 Thread 0x0000019b62608900 Thread added: 0x0000019b65bb6e30
Event: 87.853 Thread 0x0000019b62608900 Thread added: 0x0000019b65bb81e0
Event: 87.854 Thread 0x0000019b62608900 Thread added: 0x0000019b65bbbcf0
Event: 87.855 Thread 0x0000019b62608900 Thread added: 0x0000019b65bbc380
Event: 109.966 Thread 0x0000019b62608900 Thread added: 0x0000019b650c21b0
Event: 111.383 Thread 0x0000019b62608900 Thread added: 0x0000019b650c1b20
Event: 111.619 Thread 0x0000019b62608900 Thread added: 0x0000019b650c1490
Event: 135.537 Thread 0x0000019b65244140 Thread exited: 0x0000019b65244140
Event: 137.862 Thread 0x0000019b62608900 Thread added: 0x0000019b650c6350
Event: 157.579 Thread 0x0000019b62608900 Thread added: 0x0000019b650c4910


Dynamic libraries:
0x00007ff76f530000 - 0x00007ff76f53e000 	C:\Program Files\Microsoft\jdk-21.0.10.7-hotspot\bin\java.exe
0x00007ffbec280000 - 0x00007ffbec4e7000 	C:\Windows\SYSTEM32\ntdll.dll
0x00007ffbeb9c0000 - 0x00007ffbeba89000 	C:\Windows\System32\KERNEL32.DLL
0x00007ffbe8b60000 - 0x00007ffbe8f51000 	C:\Windows\System32\KERNELBASE.dll
0x00007ffbc1540000 - 0x00007ffbc15ee000 	c:\Users\Admin\AppData\Local\Programs\Trae\resources\app\modules\sandbox\x64\trae_sbox.dll
0x00007ffbec0c0000 - 0x00007ffbec17b000 	C:\Windows\System32\ADVAPI32.dll
0x00007ffbea750000 - 0x00007ffbea7f9000 	C:\Windows\System32\msvcrt.dll
0x00007ffbebeb0000 - 0x00007ffbebf57000 	C:\Windows\System32\sechost.dll
0x00007ffbebc90000 - 0x00007ffbebda8000 	C:\Windows\System32\RPCRT4.dll
0x00007ffbe9360000 - 0x00007ffbe94ab000 	C:\Windows\System32\ucrtbase.dll
0x00007ffbe4380000 - 0x00007ffbe4398000 	C:\Program Files\Microsoft\jdk-21.0.10.7-hotspot\bin\jli.dll
0x00007ffbeb680000 - 0x00007ffbeb845000 	C:\Windows\System32\USER32.dll
0x00007ffbe9ff0000 - 0x00007ffbea017000 	C:\Windows\System32\win32u.dll
0x00007ffbea200000 - 0x00007ffbea22b000 	C:\Windows\System32\GDI32.dll
0x00007ffbe9010000 - 0x00007ffbe913a000 	C:\Windows\System32\gdi32full.dll
0x00007ffbe8f60000 - 0x00007ffbe9003000 	C:\Windows\System32\msvcp_win.dll
0x00007ffbe43a0000 - 0x00007ffbe43be000 	C:\Program Files\Microsoft\jdk-21.0.10.7-hotspot\bin\VCRUNTIME140.dll
0x00007ffbd8470000 - 0x00007ffbd8703000 	C:\Windows\WinSxS\amd64_microsoft.windows.common-controls_6595b64144ccf1df_6.0.26100.7922_none_3e089e1ee3342171\COMCTL32.dll
0x00007ffbc8c10000 - 0x00007ffbc8c9f000 	c:\Users\Admin\AppData\Local\Programs\Trae\resources\app\modules\sandbox\x64\sbox_ipc.dll
0x00007ffbec180000 - 0x00007ffbec1b1000 	C:\Windows\System32\IMM32.DLL
0x00007ffbe4370000 - 0x00007ffbe437c000 	C:\Program Files\Microsoft\jdk-21.0.10.7-hotspot\bin\vcruntime140_1.dll
0x00007ffbddda0000 - 0x00007ffbddfe2000 	C:\Windows\SYSTEM32\dbghelp.dll
0x00007ffbea800000 - 0x00007ffbeab82000 	C:\Windows\System32\combase.dll
0x00007ffbeb420000 - 0x00007ffbeb4f7000 	C:\Windows\System32\OLEAUT32.dll
0x00007ffbd09e0000 - 0x00007ffbd0a1b000 	C:\Windows\SYSTEM32\dbgcore.DLL
0x00007ffbdd930000 - 0x00007ffbdd9b9000 	C:\Program Files\Microsoft\jdk-21.0.10.7-hotspot\bin\msvcp140.dll
0x00007ffb743e0000 - 0x00007ffb7518d000 	C:\Program Files\Microsoft\jdk-21.0.10.7-hotspot\bin\server\jvm.dll
0x00007ffbeb600000 - 0x00007ffbeb674000 	C:\Windows\System32\WS2_32.dll
0x00007ffbe89c0000 - 0x00007ffbe8a1e000 	C:\Windows\SYSTEM32\POWRPROF.dll
0x00007ffbe3230000 - 0x00007ffbe3265000 	C:\Windows\SYSTEM32\WINMM.dll
0x00007ffbe3220000 - 0x00007ffbe322b000 	C:\Windows\SYSTEM32\VERSION.dll
0x00007ffbe89a0000 - 0x00007ffbe89b4000 	C:\Windows\SYSTEM32\UMPDC.dll
0x00007ffbe78f0000 - 0x00007ffbe790b000 	C:\Windows\SYSTEM32\kernel.appcore.dll
0x00007ffbe4360000 - 0x00007ffbe436a000 	C:\Program Files\Microsoft\jdk-21.0.10.7-hotspot\bin\jimage.dll
0x00007ffbe9140000 - 0x00007ffbe91e5000 	C:\Windows\System32\bcryptPrimitives.dll
0x00007ffbdd870000 - 0x00007ffbdd880000 	C:\Program Files\Microsoft\jdk-21.0.10.7-hotspot\bin\instrument.dll
0x00007ffbe42f0000 - 0x00007ffbe4311000 	C:\Program Files\Microsoft\jdk-21.0.10.7-hotspot\bin\java.dll
0x00007ffbeabf0000 - 0x00007ffbeb34f000 	C:\Windows\System32\SHELL32.dll
0x00007ffbe91f0000 - 0x00007ffbe935a000 	C:\Windows\System32\wintypes.dll
0x00007ffbe9780000 - 0x00007ffbe9fe4000 	C:\Windows\System32\windows.storage.dll
0x00007ffbeb8c0000 - 0x00007ffbeb9b7000 	C:\Windows\System32\SHCORE.dll
0x00007ffbeb850000 - 0x00007ffbeb8b7000 	C:\Windows\System32\shlwapi.dll
0x00007ffbe8a80000 - 0x00007ffbe8aa9000 	C:\Windows\SYSTEM32\profapi.dll
0x00007ffbc5fe0000 - 0x00007ffbc60b6000 	C:\Program Files\Microsoft\jdk-21.0.10.7-hotspot\bin\jsvml.dll
0x00007ffbdfdb0000 - 0x00007ffbdfdc8000 	C:\Program Files\Microsoft\jdk-21.0.10.7-hotspot\bin\zip.dll
0x00007ffbe4340000 - 0x00007ffbe4351000 	C:\Program Files\Microsoft\jdk-21.0.10.7-hotspot\bin\net.dll
0x00007ffbdeb50000 - 0x00007ffbdec77000 	C:\Windows\SYSTEM32\WINHTTP.dll
0x00007ffbe7e60000 - 0x00007ffbe7ecb000 	C:\Windows\system32\mswsock.dll
0x00007ffbdfdd0000 - 0x00007ffbdfde6000 	C:\Program Files\Microsoft\jdk-21.0.10.7-hotspot\bin\nio.dll
0x00007ffbe06c0000 - 0x00007ffbe06d0000 	C:\Program Files\Microsoft\jdk-21.0.10.7-hotspot\bin\verify.dll
0x00007ffbc6540000 - 0x00007ffbc6567000 	C:\Users\Admin\.gradle\native\1def1411415f61bf3af743bc5b6707747c0891f09f0c88961ee8f79bc544acac\windows-amd64\native-platform.dll
0x00007ffbc64a0000 - 0x00007ffbc6518000 	C:\Users\Admin\.gradle\native\0.2.7\x86_64-windows-gnu\gradle-fileevents.dll
0x00007ffbe0180000 - 0x00007ffbe018a000 	C:\Program Files\Microsoft\jdk-21.0.10.7-hotspot\bin\management.dll
0x00007ffbdd8a0000 - 0x00007ffbdd8ac000 	C:\Program Files\Microsoft\jdk-21.0.10.7-hotspot\bin\management_ext.dll
0x00007ffbeb410000 - 0x00007ffbeb418000 	C:\Windows\System32\PSAPI.DLL
0x00007ffbe7350000 - 0x00007ffbe7383000 	C:\Windows\SYSTEM32\IPHLPAPI.DLL
0x00007ffbeb400000 - 0x00007ffbeb40a000 	C:\Windows\System32\NSI.dll
0x00007ffbdd880000 - 0x00007ffbdd889000 	C:\Program Files\Microsoft\jdk-21.0.10.7-hotspot\bin\extnet.dll
0x00007ffbe8140000 - 0x00007ffbe815b000 	C:\Windows\SYSTEM32\CRYPTSP.dll
0x00007ffbe7850000 - 0x00007ffbe7889000 	C:\Windows\system32\rsaenh.dll
0x00007ffbe7f10000 - 0x00007ffbe7f42000 	C:\Windows\SYSTEM32\USERENV.dll
0x00007ffbe8a50000 - 0x00007ffbe8a7a000 	C:\Windows\SYSTEM32\bcrypt.dll
0x00007ffbe8160000 - 0x00007ffbe816c000 	C:\Windows\SYSTEM32\CRYPTBASE.dll
0x00007ffbdd860000 - 0x00007ffbdd86e000 	C:\Program Files\Microsoft\jdk-21.0.10.7-hotspot\bin\sunmscapi.dll
0x00007ffbe9540000 - 0x00007ffbe96b7000 	C:\Windows\System32\CRYPT32.dll
0x00007ffbe8360000 - 0x00007ffbe8390000 	C:\Windows\SYSTEM32\ncrypt.dll
0x00007ffbe8310000 - 0x00007ffbe834f000 	C:\Windows\SYSTEM32\NTASN1.dll
0x00007ffbc6490000 - 0x00007ffbc6498000 	C:\Windows\system32\wshunix.dll
0x00007ffbe66a0000 - 0x00007ffbe674a000 	C:\Windows\system32\uxtheme.dll
0x00007ffbebdb0000 - 0x00007ffbebe5e000 	C:\Windows\System32\clbcatq.dll
0x00007ffbebae0000 - 0x00007ffbebc75000 	C:\Windows\System32\ole32.dll
0x00007ffbe86f0000 - 0x00007ffbe8747000 	C:\Windows\SYSTEM32\CFGMGR32.dll
0x00007ffbe4450000 - 0x00007ffbe4553000 	C:\Windows\system32\propsys.dll
0x00007ffbe7a10000 - 0x00007ffbe7a46000 	C:\Windows\SYSTEM32\ntmarta.dll
0x00007ffbe64e0000 - 0x00007ffbe657f000 	C:\Windows\SYSTEM32\apphelp.dll
0x00007ffbe7b90000 - 0x00007ffbe7bd9000 	C:\Windows\System32\SspiCli.dll
0x00007ffbec1c0000 - 0x00007ffbec23c000 	C:\Windows\System32\coml2.dll
0x00007ffb912f0000 - 0x00007ffb91308000 	C:\Windows\system32\napinsp.dll
0x00007ffbe73f0000 - 0x00007ffbe751a000 	C:\Windows\SYSTEM32\DNSAPI.dll
0x00007ffb912d0000 - 0x00007ffb912e2000 	C:\Windows\System32\winrnr.dll
0x00007ffbe0150000 - 0x00007ffbe0172000 	C:\Windows\system32\nlansp_c.dll
0x00007ffbcb1b0000 - 0x00007ffbcb1c6000 	C:\Windows\system32\wshbth.dll
0x00007ffbd9840000 - 0x00007ffbd984b000 	C:\Windows\System32\rasadhlp.dll
0x00007ffbdd030000 - 0x00007ffbdd0b6000 	C:\Windows\System32\fwpuclnt.dll

JVMTI agents:
C:\Users\Admin\.gradle\wrapper\dists\gradle-8.13-all\54h0s9kvb6g2sinako7ub77ku\gradle-8.13\lib\agents\gradle-instrumentation-agent-8.13.jar path:C:\Program Files\Microsoft\jdk-21.0.10.7-hotspot\bin\instrument.dll, loaded, initialized, instrumentlib options:none

dbghelp: loaded successfully - version: 4.0.5 - missing functions: none
symbol engine: initialized successfully - sym options: 0x614 - pdb path: .;C:\Program Files\Microsoft\jdk-21.0.10.7-hotspot\bin;C:\Windows\SYSTEM32;c:\Users\Admin\AppData\Local\Programs\Trae\resources\app\modules\sandbox\x64;C:\Windows\WinSxS\amd64_microsoft.windows.common-controls_6595b64144ccf1df_6.0.26100.7922_none_3e089e1ee3342171;C:\Program Files\Microsoft\jdk-21.0.10.7-hotspot\bin\server;C:\Users\Admin\.gradle\native\1def1411415f61bf3af743bc5b6707747c0891f09f0c88961ee8f79bc544acac\windows-amd64;C:\Users\Admin\.gradle\native\0.2.7\x86_64-windows-gnu

VM Arguments:
jvm_args: --add-opens=java.base/java.lang=ALL-UNNAMED --add-opens=java.base/java.lang.invoke=ALL-UNNAMED --add-opens=java.base/java.util=ALL-UNNAMED --add-opens=java.prefs/java.util.prefs=ALL-UNNAMED --add-exports=jdk.compiler/com.sun.tools.javac.api=ALL-UNNAMED --add-exports=jdk.compiler/com.sun.tools.javac.util=ALL-UNNAMED --add-opens=java.base/java.util=ALL-UNNAMED --add-opens=java.prefs/java.util.prefs=ALL-UNNAMED --add-opens=java.base/java.nio.charset=ALL-UNNAMED --add-opens=java.base/java.net=ALL-UNNAMED --add-opens=java.base/java.util.concurrent.atomic=ALL-UNNAMED --add-opens=java.xml/javax.xml.namespace=ALL-UNNAMED -XX:MaxMetaspaceSize=1024m -Xmx2048m -Dfile.encoding=UTF-8 -Duser.country=ID -Duser.language=en -Duser.variant -javaagent:C:\Users\Admin\.gradle\wrapper\dists\gradle-8.13-all\54h0s9kvb6g2sinako7ub77ku\gradle-8.13\lib\agents\gradle-instrumentation-agent-8.13.jar 
java_command: org.gradle.launcher.daemon.bootstrap.GradleDaemon 8.13
java_class_path (initial): C:\Users\Admin\.gradle\wrapper\dists\gradle-8.13-all\54h0s9kvb6g2sinako7ub77ku\gradle-8.13\lib\gradle-daemon-main-8.13.jar
Launcher Type: SUN_STANDARD

[Global flags]
     intx CICompilerCount                          = 3                                         {product} {ergonomic}
   size_t CompressedClassSpaceSize                 = 872415232                                 {product} {ergonomic}
     uint ConcGCThreads                            = 1                                         {product} {ergonomic}
     uint G1ConcRefinementThreads                  = 4                                         {product} {ergonomic}
   size_t G1HeapRegionSize                         = 1048576                                   {product} {ergonomic}
    uintx GCDrainStackTargetSize                   = 64                                        {product} {ergonomic}
   size_t InitialHeapSize                          = 58720256                                  {product} {ergonomic}
   size_t MarkStackSize                            = 4194304                                   {product} {ergonomic}
   size_t MaxHeapSize                              = 2147483648                                {product} {command line}
   size_t MaxMetaspaceSize                         = 1073741824                                {product} {command line}
   size_t MaxNewSize                               = 1287651328                                {product} {ergonomic}
   size_t MinHeapDeltaBytes                        = 1048576                                   {product} {ergonomic}
   size_t MinHeapSize                              = 8388608                                   {product} {ergonomic}
    uintx NonNMethodCodeHeapSize                   = 5832780                                {pd product} {ergonomic}
    uintx NonProfiledCodeHeapSize                  = 122912730                              {pd product} {ergonomic}
    uintx ProfiledCodeHeapSize                     = 122912730                              {pd product} {ergonomic}
    uintx ReservedCodeCacheSize                    = 251658240                              {pd product} {ergonomic}
     bool SegmentedCodeCache                       = true                                      {product} {ergonomic}
   size_t SoftMaxHeapSize                          = 2147483648                             {manageable} {ergonomic}
     bool UseCompressedOops                        = true                           {product lp64_product} {ergonomic}
     bool UseG1GC                                  = true                                      {product} {ergonomic}
     bool UseLargePagesIndividualAllocation        = false                                  {pd product} {ergonomic}

Logging:
Log output configuration:
 #0: stdout all=warning uptime,level,tags foldmultilines=false
 #1: stderr all=off uptime,level,tags foldmultilines=false

Release file:
IMPLEMENTOR="Microsoft" 
IMPLEMENTOR_VERSION="Microsoft-13106404" 
JAVA_RUNTIME_VERSION="21.0.10+7-LTS" 
JAVA_VERSION="21.0.10" 
JAVA_VERSION_DATE="2026-01-20" 
LIBC="default" 
MODULES="java.base java.compiler java.datatransfer java.xml java.prefs java.desktop java.instrument java.logging java.management java.security.sasl java.naming java.rmi java.management.rmi java.net.http java.scripting java.security.jgss java.transaction.xa java.sql java.sql.rowset java.xml.crypto java.se java.smartcardio jdk.accessibility jdk.internal.jvmstat jdk.attach jdk.charsets jdk.internal.opt jdk.zipfs jdk.compiler jdk.crypto.ec jdk.crypto.cryptoki jdk.crypto.mscapi jdk.dynalink jdk.internal.ed jdk.editpad jdk.hotspot.agent jdk.httpserver jdk.incubator.vector jdk.internal.le jdk.internal.vm.ci jdk.internal.vm.compiler jdk.internal.vm.compiler.management jdk.jartool jdk.javadoc jdk.jcmd jdk.management jdk.management.agent jdk.jconsole jdk.jdeps jdk.jdwp.agent jdk.jdi jdk.jfr jdk.jlink jdk.jpackage jdk.jshell jdk.jsobject jdk.jstatd jdk.localedata jdk.management.jfr jdk.naming.dns jdk.naming.rmi jdk.net jdk.nio.mapmode jdk.random jdk.sctp jdk.security.auth jdk.security.jgss jdk.unsupported jdk.unsupported.desktop jdk.xml.dom" 
OS_ARCH="x86_64" 
OS_NAME="Windows" 
SOURCE=".:git:e69b6ef7382e" 

Environment Variables:
JAVA_HOME=C:\Program Files\Microsoft\jdk-21.0.10.7-hotspot\
CLASSPATH=C:\Users\Admin\Downloads\Auspoty\auspoty-flutter\android\\gradle\wrapper\gradle-wrapper.jar
PATH=C:\flutter\bin\;c:\Users\Admin\.trae\tools\trae-gopls\current;c:\Users\Admin\.trae\sdks\workspaces\1e5c2ad0\versions\node\current;c:\Users\Admin\.trae\sdks\versions\node\current;C:\Program Files\Microsoft\jdk-21.0.10.7-hotspot\bin;C:\Python314\Scripts\;C:\Python314\;C:\Program Files\Common Files\Oracle\Java\javapath;C:\Users\Admin\Downloads\apktool;C:\Program Files\Git\cmd;C:\Program Files\nodejs\;C:\ProgramData\chocolatey\bin;C:\Program Files\GitHub CLI\;C:\flutter\bin\;C:\Program Files\Common Files\Oracle\Java\javapath;C:\Users\Admin\Downloads\apktool;C:\Program Files\Git\cmd;C:\Users\Admin\.local\bin;C:\Users\Admin\AppData\Local\Microsoft\WindowsApps;C:\Users\Admin\AppData\Local\Python\bin;C:\flutter\bin;C:\Program Files\Git;C:\Program Files\Git\cmd;C:\Windows\System32;C:\Windows\System32\WindowsPowerShell\v1.0;C:\Users\Admin\AppData\Local\Programs\Microsoft VS Code\bin;C:\Users\Admin\AppData\Roaming\npm;C:\Users\Admin\AppData\Local\Programs\cursor\resources\app\bin;C:\Users\Admin\AppData\Local\Programs\Kiro\bin
USERNAME=Admin
LANG=en_US.UTF-8
OS=Windows_NT
PROCESSOR_IDENTIFIER=AMD64 Family 23 Model 24 Stepping 1, AuthenticAMD
TMP=C:\Users\Admin\AppData\Local\Temp
TEMP=C:\Users\Admin\AppData\Local\Temp




Periodic native trim disabled

---------------  S Y S T E M  ---------------

OS:
 Windows 11 , 64 bit Build 26100 (10.0.26100.7920)
OS uptime: 0 days 0:45 hours

CPU: total 4 (initial active 4) (4 cores per cpu, 2 threads per core) family 23 model 24 stepping 1 microcode 0x8108109, cx8, cmov, fxsr, ht, mmx, 3dnowpref, sse, sse2, sse3, ssse3, sse4a, sse4.1, sse4.2, popcnt, lzcnt, tsc, tscinvbit, avx, avx2, aes, clmul, bmi1, bmi2, adx, sha, fma, vzeroupper, clflush, clflushopt, rdtscp, f16c
Processor Information for the first 4 processors :
  Max Mhz: 2600, Current Mhz: 2600, Mhz Limit: 2600

Memory: 4k page, system-wide physical 3521M (202M free)
TotalPageFile size 11713M (AvailPageFile size 2M)
current process WorkingSet (physical memory assigned to process): 122M, peak: 314M
current process commit charge ("private bytes"): 526M, peak: 548M

vm_info: OpenJDK 64-Bit Server VM (21.0.10+7-LTS) for windows-amd64 JRE (21.0.10+7-LTS), built on 2026-01-15T18:39:42Z by "MicrosoftCorporation" with MS VC++ 17.14 (VS2022)

END.
