#
# There is insufficient memory for the Java Runtime Environment to continue.
# Native memory allocation (malloc) failed to allocate 993056 bytes. Error detail: Chunk::new
# Possible reasons:
#   The system is out of physical RAM or swap space
#   This process is running with CompressedOops enabled, and the Java Heap may be blocking the growth of the native heap
# Possible solutions:
#   Reduce memory load on the system
#   Increase physical memory or swap space
#   Check if swap backing store is full
#   Decrease Java heap size (-Xmx/-Xms)
#   Decrease number of Java threads
#   Decrease Java thread stack sizes (-Xss)
#   Set larger code cache with -XX:ReservedCodeCacheSize=
#   JVM is running with Unscaled Compressed Oops mode in which the Java heap is
#     placed in the first 4GB address space. The Java Heap base address is the
#     maximum limit for the native heap growth. Please use -XX:HeapBaseMinAddress
#     to set the Java Heap base and to place the Java Heap above 4GB virtual address.
# This output file may be truncated or incomplete.
#
#  Out of Memory Error (arena.cpp:168), pid=1780, tid=11764
#
# JRE version: OpenJDK Runtime Environment (21.0.9) (build 21.0.9+-14787801-b1163.94)
# Java VM: OpenJDK 64-Bit Server VM (21.0.9+-14787801-b1163.94, mixed mode, tiered, compressed oops, compressed class ptrs, g1 gc, windows-amd64)
# No core dump will be written. Minidumps are not enabled by default on client versions of Windows
#

---------------  S U M M A R Y ------------

Command Line: --add-opens=java.base/java.lang=ALL-UNNAMED --add-opens=java.base/java.lang.invoke=ALL-UNNAMED --add-opens=java.base/java.util=ALL-UNNAMED --add-opens=java.prefs/java.util.prefs=ALL-UNNAMED --add-exports=jdk.compiler/com.sun.tools.javac.api=ALL-UNNAMED --add-exports=jdk.compiler/com.sun.tools.javac.util=ALL-UNNAMED --add-opens=java.base/java.util=ALL-UNNAMED --add-opens=java.prefs/java.util.prefs=ALL-UNNAMED --add-opens=java.base/java.nio.charset=ALL-UNNAMED --add-opens=java.base/java.net=ALL-UNNAMED --add-opens=java.base/java.util.concurrent.atomic=ALL-UNNAMED --add-opens=java.xml/javax.xml.namespace=ALL-UNNAMED -XX:MaxMetaspaceSize=512m -Xmx1024m -Dfile.encoding=UTF-8 -Duser.country=ID -Duser.language=en -Duser.variant -javaagent:C:\Users\Admin\.gradle\wrapper\dists\gradle-8.13-all\54h0s9kvb6g2sinako7ub77ku\gradle-8.13\lib\agents\gradle-instrumentation-agent-8.13.jar org.gradle.launcher.daemon.bootstrap.GradleDaemon 8.13

Host: AMD Ryzen 3 3250U with Radeon Graphics         , 4 cores, 3G,  Windows 11 , 64 bit Build 26100 (10.0.26100.7920)
Time: Sat Apr 11 10:42:58 2026 SE Asia Standard Time elapsed time: 169.417824 seconds (0d 0h 2m 49s)

---------------  T H R E A D  ---------------

Current thread (0x000001b9487310b0):  JavaThread "C2 CompilerThread0" daemon [_thread_in_native, id=11764, stack(0x0000006e60d00000,0x0000006e60e00000) (1024K)]


Current CompileTask:
C2:169418 8081 %     4       org.gradle.internal.instantiation.generator.AbstractClassGenerator::inspectType @ 249 (602 bytes)

Stack: [0x0000006e60d00000,0x0000006e60e00000]
Native frames: (J=compiled Java code, j=interpreted, Vv=VM code, C=native code)
V  [jvm.dll+0x6d6c99]
V  [jvm.dll+0x866b83]
V  [jvm.dll+0x8691ae]
V  [jvm.dll+0x869893]
V  [jvm.dll+0x280776]
V  [jvm.dll+0xc07cd]
V  [jvm.dll+0xc0d03]
V  [jvm.dll+0x2f5a10]
V  [jvm.dll+0x5ff9a9]
V  [jvm.dll+0x252572]
V  [jvm.dll+0x25292f]
V  [jvm.dll+0x24b0d5]
V  [jvm.dll+0x24892e]
V  [jvm.dll+0x1c7344]
V  [jvm.dll+0x2581ae]
V  [jvm.dll+0x2566f6]
V  [jvm.dll+0x3f48a6]
V  [jvm.dll+0x80f118]
V  [jvm.dll+0x6d54ed]
C  [ucrtbase.dll+0x37b0]
C  [KERNEL32.DLL+0x2e8d7]
C  [ntdll.dll+0x8c48c]


---------------  P R O C E S S  ---------------

Threads class SMR info:
_java_thread_list=0x000001b94f5e4530, length=46, elements={
0x000001b932b52560, 0x000001b948706030, 0x000001b948720850, 0x000001b948721e20,
0x000001b94872b3e0, 0x000001b94872ce50, 0x000001b94872d8b0, 0x000001b94872e310,
0x000001b9487310b0, 0x000001b948742fe0, 0x000001b948a517f0, 0x000001b94ea5d6c0,
0x000001b94e2c9600, 0x000001b94ebb8250, 0x000001b94e1ae2e0, 0x000001b94d016520,
0x000001b94dd77460, 0x000001b94e42d7d0, 0x000001b94dedf030, 0x000001b94dede310,
0x000001b94dedf6c0, 0x000001b94dede9a0, 0x000001b94ec72b30, 0x000001b94ec74570,
0x000001b94ec73ee0, 0x000001b94ec724a0, 0x000001b94ec731c0, 0x000001b94ec75290,
0x000001b94ec74c00, 0x000001b94ec75fb0, 0x000001b94ec78710, 0x000001b94ec76640,
0x000001b94ec76cd0, 0x000001b94ec77360, 0x000001b94ec78080, 0x000001b950860db0,
0x000001b950861440, 0x000001b950862160, 0x000001b950860720, 0x000001b950865c70,
0x000001b950864230, 0x000001b9508648c0, 0x000001b950864f50, 0x000001b950862e80,
0x000001b9508655e0, 0x000001b950866300
}

Java Threads: ( => current thread )
  0x000001b932b52560 JavaThread "main"                              [_thread_blocked, id=5396, stack(0x0000006e5fe00000,0x0000006e5ff00000) (1024K)]
  0x000001b948706030 JavaThread "Common-Cleaner"             daemon [_thread_blocked, id=11888, stack(0x0000006e60600000,0x0000006e60700000) (1024K)]
  0x000001b948720850 JavaThread "Reference Handler"          daemon [_thread_blocked, id=11844, stack(0x0000006e60700000,0x0000006e60800000) (1024K)]
  0x000001b948721e20 JavaThread "Finalizer"                  daemon [_thread_blocked, id=7800, stack(0x0000006e60800000,0x0000006e60900000) (1024K)]
  0x000001b94872b3e0 JavaThread "Signal Dispatcher"          daemon [_thread_blocked, id=8912, stack(0x0000006e60900000,0x0000006e60a00000) (1024K)]
  0x000001b94872ce50 JavaThread "Attach Listener"            daemon [_thread_blocked, id=5748, stack(0x0000006e60a00000,0x0000006e60b00000) (1024K)]
  0x000001b94872d8b0 JavaThread "Service Thread"             daemon [_thread_blocked, id=10320, stack(0x0000006e60b00000,0x0000006e60c00000) (1024K)]
  0x000001b94872e310 JavaThread "Monitor Deflation Thread"   daemon [_thread_blocked, id=11684, stack(0x0000006e60c00000,0x0000006e60d00000) (1024K)]
=>0x000001b9487310b0 JavaThread "C2 CompilerThread0"         daemon [_thread_in_native, id=11764, stack(0x0000006e60d00000,0x0000006e60e00000) (1024K)]
  0x000001b948742fe0 JavaThread "C1 CompilerThread0"         daemon [_thread_blocked, id=10516, stack(0x0000006e60e00000,0x0000006e60f00000) (1024K)]
  0x000001b948a517f0 JavaThread "Notification Thread"        daemon [_thread_blocked, id=9864, stack(0x0000006e60f00000,0x0000006e61000000) (1024K)]
  0x000001b94ea5d6c0 JavaThread "Daemon health stats"               [_thread_blocked, id=7764, stack(0x0000006e61300000,0x0000006e61400000) (1024K)]
  0x000001b94e2c9600 JavaThread "Incoming local TCP Connector on port 52123"        [_thread_in_native, id=5412, stack(0x0000006e61400000,0x0000006e61500000) (1024K)]
  0x000001b94ebb8250 JavaThread "Daemon periodic checks"            [_thread_blocked, id=8828, stack(0x0000006e61500000,0x0000006e61600000) (1024K)]
  0x000001b94e1ae2e0 JavaThread "Daemon"                            [_thread_blocked, id=4248, stack(0x0000006e61b00000,0x0000006e61c00000) (1024K)]
  0x000001b94d016520 JavaThread "Handler for socket connection from /127.0.0.1:52123 to /127.0.0.1:52126"        [_thread_in_native, id=10640, stack(0x0000006e61c00000,0x0000006e61d00000) (1024K)]
  0x000001b94dd77460 JavaThread "Cancel handler"                    [_thread_blocked, id=11288, stack(0x0000006e61d00000,0x0000006e61e00000) (1024K)]
  0x000001b94e42d7d0 JavaThread "Daemon worker"                     [_thread_in_native, id=11388, stack(0x0000006e61e00000,0x0000006e61f00000) (1024K)]
  0x000001b94dedf030 JavaThread "Asynchronous log dispatcher for DefaultDaemonConnection: socket connection from /127.0.0.1:52123 to /127.0.0.1:52126"        [_thread_blocked, id=10256, stack(0x0000006e61f00000,0x0000006e62000000) (1024K)]
  0x000001b94dede310 JavaThread "Stdin handler"                     [_thread_blocked, id=4620, stack(0x0000006e62000000,0x0000006e62100000) (1024K)]
  0x000001b94dedf6c0 JavaThread "Daemon client event forwarder"        [_thread_blocked, id=12272, stack(0x0000006e62100000,0x0000006e62200000) (1024K)]
  0x000001b94dede9a0 JavaThread "Cache worker for journal cache (C:\Users\Admin\.gradle\caches\journal-1)"        [_thread_blocked, id=7776, stack(0x0000006e5f900000,0x0000006e5fa00000) (1024K)]
  0x000001b94ec72b30 JavaThread "File lock request listener"        [_thread_in_native, id=8256, stack(0x0000006e62200000,0x0000006e62300000) (1024K)]
  0x000001b94ec74570 JavaThread "Cache worker for file hash cache (C:\Users\Admin\.gradle\caches\8.13\fileHashes)"        [_thread_blocked, id=8128, stack(0x0000006e62300000,0x0000006e62400000) (1024K)]
  0x000001b94ec73ee0 JavaThread "File lock release action executor"        [_thread_blocked, id=4780, stack(0x0000006e62400000,0x0000006e62500000) (1024K)]
  0x000001b94ec724a0 JavaThread "Cache worker for file hash cache (C:\Users\Admin\Downloads\Auspoty\auspoty-flutter\android\.gradle\8.13\fileHashes)"        [_thread_blocked, id=2960, stack(0x0000006e62500000,0x0000006e62600000) (1024K)]
  0x000001b94ec731c0 JavaThread "Cache worker for Build Output Cleanup Cache (C:\Users\Admin\Downloads\Auspoty\auspoty-flutter\android\.gradle\buildOutputCleanup)"        [_thread_blocked, id=1820, stack(0x0000006e62600000,0x0000006e62700000) (1024K)]
  0x000001b94ec75290 JavaThread "File watcher server"        daemon [_thread_in_native, id=9296, stack(0x0000006e62700000,0x0000006e62800000) (1024K)]
  0x000001b94ec74c00 JavaThread "File watcher consumer"      daemon [_thread_blocked, id=8616, stack(0x0000006e62800000,0x0000006e62900000) (1024K)]
  0x000001b94ec75fb0 JavaThread "jar transforms"                    [_thread_blocked, id=9796, stack(0x0000006e61900000,0x0000006e61a00000) (1024K)]
  0x000001b94ec78710 JavaThread "Cache worker for checksums cache (C:\Users\Admin\Downloads\Auspoty\auspoty-flutter\android\.gradle\8.13\checksums)"        [_thread_blocked, id=11316, stack(0x0000006e62900000,0x0000006e62a00000) (1024K)]
  0x000001b94ec76640 JavaThread "Cache worker for file content cache (C:\Users\Admin\.gradle\caches\8.13\fileContent)"        [_thread_blocked, id=11652, stack(0x0000006e62a00000,0x0000006e62b00000) (1024K)]
  0x000001b94ec76cd0 JavaThread "Cache worker for cache directory md-supplier (C:\Users\Admin\.gradle\caches\8.13\md-supplier)"        [_thread_blocked, id=804, stack(0x0000006e62b00000,0x0000006e62c00000) (1024K)]
  0x000001b94ec77360 JavaThread "Cache worker for cache directory md-rule (C:\Users\Admin\.gradle\caches\8.13\md-rule)"        [_thread_blocked, id=10284, stack(0x0000006e62c00000,0x0000006e62d00000) (1024K)]
  0x000001b94ec78080 JavaThread "Cache worker for Build Output Cleanup Cache (C:\flutter\packages\flutter_tools\gradle\.gradle\buildOutputCleanup)"        [_thread_blocked, id=7136, stack(0x0000006e62d00000,0x0000006e62e00000) (1024K)]
  0x000001b950860db0 JavaThread "Unconstrained build operations"        [_thread_blocked, id=12504, stack(0x0000006e62e00000,0x0000006e62f00000) (1024K)]
  0x000001b950861440 JavaThread "Unconstrained build operations Thread 2"        [_thread_blocked, id=12508, stack(0x0000006e62f00000,0x0000006e63000000) (1024K)]
  0x000001b950862160 JavaThread "Unconstrained build operations Thread 3"        [_thread_blocked, id=12512, stack(0x0000006e63000000,0x0000006e63100000) (1024K)]
  0x000001b950860720 JavaThread "Unconstrained build operations Thread 4"        [_thread_blocked, id=12516, stack(0x0000006e63100000,0x0000006e63200000) (1024K)]
  0x000001b950865c70 JavaThread "Unconstrained build operations Thread 5"        [_thread_blocked, id=12520, stack(0x0000006e63200000,0x0000006e63300000) (1024K)]
  0x000001b950864230 JavaThread "Unconstrained build operations Thread 6"        [_thread_blocked, id=12524, stack(0x0000006e63300000,0x0000006e63400000) (1024K)]
  0x000001b9508648c0 JavaThread "Unconstrained build operations Thread 7"        [_thread_blocked, id=12544, stack(0x0000006e63400000,0x0000006e63500000) (1024K)]
  0x000001b950864f50 JavaThread "Unconstrained build operations Thread 8"        [_thread_blocked, id=12548, stack(0x0000006e63500000,0x0000006e63600000) (1024K)]
  0x000001b950862e80 JavaThread "Unconstrained build operations Thread 9"        [_thread_blocked, id=12552, stack(0x0000006e63600000,0x0000006e63700000) (1024K)]
  0x000001b9508655e0 JavaThread "Memory manager"                    [_thread_blocked, id=12632, stack(0x0000006e63700000,0x0000006e63800000) (1024K)]
  0x000001b950866300 JavaThread "build event listener"              [_thread_blocked, id=13188, stack(0x0000006e63800000,0x0000006e63900000) (1024K)]
Total: 46

Other Threads:
  0x000001b94853b3d0 VMThread "VM Thread"                           [id=10596, stack(0x0000006e60500000,0x0000006e60600000) (1024K)]
  0x000001b9484edac0 WatcherThread "VM Periodic Task Thread"        [id=6416, stack(0x0000006e60400000,0x0000006e60500000) (1024K)]
  0x000001b932b8ef50 WorkerThread "GC Thread#0"                     [id=3372, stack(0x0000006e5ff00000,0x0000006e60000000) (1024K)]
  0x000001b94d255650 WorkerThread "GC Thread#1"                     [id=10348, stack(0x0000006e61000000,0x0000006e61100000) (1024K)]
  0x000001b94d054740 WorkerThread "GC Thread#2"                     [id=9232, stack(0x0000006e61100000,0x0000006e61200000) (1024K)]
  0x000001b94d365f80 WorkerThread "GC Thread#3"                     [id=10536, stack(0x0000006e61200000,0x0000006e61300000) (1024K)]
  0x000001b932b97f30 ConcurrentGCThread "G1 Main Marker"            [id=3232, stack(0x0000006e60000000,0x0000006e60100000) (1024K)]
  0x000001b932b98a30 WorkerThread "G1 Conc#0"                       [id=8624, stack(0x0000006e60100000,0x0000006e60200000) (1024K)]
  0x000001b9483bd0f0 ConcurrentGCThread "G1 Refine#0"               [id=5836, stack(0x0000006e60200000,0x0000006e60300000) (1024K)]
  0x000001b9483be920 ConcurrentGCThread "G1 Service"                [id=7092, stack(0x0000006e60300000,0x0000006e60400000) (1024K)]
Total: 10

Threads with active compile tasks:
C2 CompilerThread0  169617 8081 %     4       org.gradle.internal.instantiation.generator.AbstractClassGenerator::inspectType @ 249 (602 bytes)
Total: 1

VM state: not at safepoint (normal execution)

VM Mutex/Monitor currently owned by a thread: None

Heap address: 0x00000000c0000000, size: 1024 MB, Compressed Oops mode: 32-bit

CDS archive(s) not mapped
Compressed class space mapped at: 0x0000000100000000-0x000000011a000000, reserved size: 436207616
Narrow klass base: 0x0000000000000000, Narrow klass shift: 3, Narrow klass range: 0x11a000000

GC Precious Log:
 CardTable entry size: 512
 Card Set container configuration: InlinePtr #cards 5 size 8 Array Of Cards #cards 12 size 40 Howl #buckets 4 coarsen threshold 1843 Howl Bitmap #cards 512 size 80 coarsen threshold 460 Card regions per heap region 1 cards per card region 2048
 CPUs: 4 total, 4 available
 Memory: 3521M
 Large Page Support: Disabled
 NUMA Support: Disabled
 Compressed Oops: Enabled (32-bit)
 Heap Region Size: 1M
 Heap Min Capacity: 8M
 Heap Initial Capacity: 56M
 Heap Max Capacity: 1G
 Pre-touch: Disabled
 Parallel Workers: 4
 Concurrent Workers: 1
 Concurrent Refinement Workers: 4
 Periodic GC: Disabled

Heap:
 garbage-first heap   total 104448K, used 71158K [0x00000000c0000000, 0x0000000100000000)
  region size 1024K, 13 young (13312K), 3 survivors (3072K)
 Metaspace       used 78437K, committed 80128K, reserved 557056K
  class space    used 11132K, committed 11968K, reserved 425984K

Heap Regions: E=young(eden), S=young(survivor), O=old, HS=humongous(starts), HC=humongous(continues), CS=collection set, F=free, TAMS=top-at-mark-start, PB=parsable bottom
|   0|0x00000000c0000000, 0x00000000c0100000, 0x00000000c0100000|100%|HS|  |TAMS 0x00000000c0000000| PB 0x00000000c0000000| Complete 
|   1|0x00000000c0100000, 0x00000000c0200000, 0x00000000c0200000|100%|HC|  |TAMS 0x00000000c0100000| PB 0x00000000c0100000| Complete 
|   2|0x00000000c0200000, 0x00000000c0300000, 0x00000000c0300000|100%|HC|  |TAMS 0x00000000c0200000| PB 0x00000000c0200000| Complete 
|   3|0x00000000c0300000, 0x00000000c0400000, 0x00000000c0400000|100%| O|  |TAMS 0x00000000c0300000| PB 0x00000000c0300000| Untracked 
|   4|0x00000000c0400000, 0x00000000c0500000, 0x00000000c0500000|100%| O|  |TAMS 0x00000000c0400000| PB 0x00000000c0400000| Untracked 
|   5|0x00000000c0500000, 0x00000000c0600000, 0x00000000c0600000|100%| O|  |TAMS 0x00000000c0500000| PB 0x00000000c0500000| Untracked 
|   6|0x00000000c0600000, 0x00000000c0700000, 0x00000000c0700000|100%| O|  |TAMS 0x00000000c0600000| PB 0x00000000c0600000| Untracked 
|   7|0x00000000c0700000, 0x00000000c0800000, 0x00000000c0800000|100%| O|  |TAMS 0x00000000c0700000| PB 0x00000000c0700000| Untracked 
|   8|0x00000000c0800000, 0x00000000c0900000, 0x00000000c0900000|100%| O|  |TAMS 0x00000000c0800000| PB 0x00000000c0800000| Untracked 
|   9|0x00000000c0900000, 0x00000000c0a00000, 0x00000000c0a00000|100%| O|  |TAMS 0x00000000c0900000| PB 0x00000000c0900000| Untracked 
|  10|0x00000000c0a00000, 0x00000000c0b00000, 0x00000000c0b00000|100%| O|  |TAMS 0x00000000c0a00000| PB 0x00000000c0a00000| Untracked 
|  11|0x00000000c0b00000, 0x00000000c0c00000, 0x00000000c0c00000|100%|HS|  |TAMS 0x00000000c0b00000| PB 0x00000000c0b00000| Complete 
|  12|0x00000000c0c00000, 0x00000000c0d00000, 0x00000000c0d00000|100%| O|  |TAMS 0x00000000c0c00000| PB 0x00000000c0c00000| Untracked 
|  13|0x00000000c0d00000, 0x00000000c0e00000, 0x00000000c0e00000|100%| O|  |TAMS 0x00000000c0d00000| PB 0x00000000c0d00000| Untracked 
|  14|0x00000000c0e00000, 0x00000000c0f00000, 0x00000000c0f00000|100%| O|  |TAMS 0x00000000c0e00000| PB 0x00000000c0e00000| Untracked 
|  15|0x00000000c0f00000, 0x00000000c1000000, 0x00000000c1000000|100%| O|  |TAMS 0x00000000c0f00000| PB 0x00000000c0f00000| Untracked 
|  16|0x00000000c1000000, 0x00000000c1100000, 0x00000000c1100000|100%| O|  |TAMS 0x00000000c1000000| PB 0x00000000c1000000| Untracked 
|  17|0x00000000c1100000, 0x00000000c1200000, 0x00000000c1200000|100%| O|  |TAMS 0x00000000c1100000| PB 0x00000000c1100000| Untracked 
|  18|0x00000000c1200000, 0x00000000c1300000, 0x00000000c1300000|100%| O|  |TAMS 0x00000000c1200000| PB 0x00000000c1200000| Untracked 
|  19|0x00000000c1300000, 0x00000000c1400000, 0x00000000c1400000|100%| O|  |TAMS 0x00000000c1300000| PB 0x00000000c1300000| Untracked 
|  20|0x00000000c1400000, 0x00000000c1500000, 0x00000000c1500000|100%| O|  |TAMS 0x00000000c1400000| PB 0x00000000c1400000| Untracked 
|  21|0x00000000c1500000, 0x00000000c1600000, 0x00000000c1600000|100%| O|  |TAMS 0x00000000c1500000| PB 0x00000000c1500000| Untracked 
|  22|0x00000000c1600000, 0x00000000c1700000, 0x00000000c1700000|100%| O|  |TAMS 0x00000000c1600000| PB 0x00000000c1600000| Untracked 
|  23|0x00000000c1700000, 0x00000000c1800000, 0x00000000c1800000|100%| O|  |TAMS 0x00000000c1700000| PB 0x00000000c1700000| Untracked 
|  24|0x00000000c1800000, 0x00000000c1900000, 0x00000000c1900000|100%| O|  |TAMS 0x00000000c1800000| PB 0x00000000c1800000| Untracked 
|  25|0x00000000c1900000, 0x00000000c1a00000, 0x00000000c1a00000|100%| O|  |TAMS 0x00000000c1900000| PB 0x00000000c1900000| Untracked 
|  26|0x00000000c1a00000, 0x00000000c1b00000, 0x00000000c1b00000|100%| O|Cm|TAMS 0x00000000c1a00000| PB 0x00000000c1a00000| Complete 
|  27|0x00000000c1b00000, 0x00000000c1c00000, 0x00000000c1c00000|100%| O|  |TAMS 0x00000000c1b00000| PB 0x00000000c1b00000| Untracked 
|  28|0x00000000c1c00000, 0x00000000c1d00000, 0x00000000c1d00000|100%| O|  |TAMS 0x00000000c1c00000| PB 0x00000000c1c00000| Untracked 
|  29|0x00000000c1d00000, 0x00000000c1e00000, 0x00000000c1e00000|100%| O|  |TAMS 0x00000000c1d00000| PB 0x00000000c1d00000| Untracked 
|  30|0x00000000c1e00000, 0x00000000c1f00000, 0x00000000c1f00000|100%| O|  |TAMS 0x00000000c1e00000| PB 0x00000000c1e00000| Untracked 
|  31|0x00000000c1f00000, 0x00000000c2000000, 0x00000000c2000000|100%| O|  |TAMS 0x00000000c1f00000| PB 0x00000000c1f00000| Untracked 
|  32|0x00000000c2000000, 0x00000000c2100000, 0x00000000c2100000|100%| O|  |TAMS 0x00000000c2000000| PB 0x00000000c2000000| Untracked 
|  33|0x00000000c2100000, 0x00000000c2200000, 0x00000000c2200000|100%| O|  |TAMS 0x00000000c2100000| PB 0x00000000c2100000| Untracked 
|  34|0x00000000c2200000, 0x00000000c2300000, 0x00000000c2300000|100%| O|  |TAMS 0x00000000c2200000| PB 0x00000000c2200000| Untracked 
|  35|0x00000000c2300000, 0x00000000c2400000, 0x00000000c2400000|100%| O|  |TAMS 0x00000000c2300000| PB 0x00000000c2300000| Untracked 
|  36|0x00000000c2400000, 0x00000000c2400000, 0x00000000c2500000|  0%| F|  |TAMS 0x00000000c2400000| PB 0x00000000c2400000| Untracked 
|  37|0x00000000c2500000, 0x00000000c2600000, 0x00000000c2600000|100%| O|  |TAMS 0x00000000c2500000| PB 0x00000000c2500000| Untracked 
|  38|0x00000000c2600000, 0x00000000c2700000, 0x00000000c2700000|100%| O|  |TAMS 0x00000000c2600000| PB 0x00000000c2600000| Untracked 
|  39|0x00000000c2700000, 0x00000000c2700000, 0x00000000c2800000|  0%| F|  |TAMS 0x00000000c2700000| PB 0x00000000c2700000| Untracked 
|  40|0x00000000c2800000, 0x00000000c2900000, 0x00000000c2900000|100%| O|  |TAMS 0x00000000c2800000| PB 0x00000000c2800000| Untracked 
|  41|0x00000000c2900000, 0x00000000c2a00000, 0x00000000c2a00000|100%| O|  |TAMS 0x00000000c2900000| PB 0x00000000c2900000| Untracked 
|  42|0x00000000c2a00000, 0x00000000c2b00000, 0x00000000c2b00000|100%| O|  |TAMS 0x00000000c2a00000| PB 0x00000000c2a00000| Untracked 
|  43|0x00000000c2b00000, 0x00000000c2c00000, 0x00000000c2c00000|100%| O|  |TAMS 0x00000000c2b00000| PB 0x00000000c2b00000| Untracked 
|  44|0x00000000c2c00000, 0x00000000c2d00000, 0x00000000c2d00000|100%| O|Cm|TAMS 0x00000000c2c00000| PB 0x00000000c2c00000| Complete 
|  45|0x00000000c2d00000, 0x00000000c2e00000, 0x00000000c2e00000|100%|HS|  |TAMS 0x00000000c2d00000| PB 0x00000000c2d00000| Complete 
|  46|0x00000000c2e00000, 0x00000000c2f00000, 0x00000000c2f00000|100%|HC|  |TAMS 0x00000000c2e00000| PB 0x00000000c2e00000| Complete 
|  47|0x00000000c2f00000, 0x00000000c3000000, 0x00000000c3000000|100%|HS|  |TAMS 0x00000000c2f00000| PB 0x00000000c2f00000| Complete 
|  48|0x00000000c3000000, 0x00000000c3100000, 0x00000000c3100000|100%|HC|  |TAMS 0x00000000c3000000| PB 0x00000000c3000000| Complete 
|  49|0x00000000c3100000, 0x00000000c3200000, 0x00000000c3200000|100%|HS|  |TAMS 0x00000000c3100000| PB 0x00000000c3100000| Complete 
|  50|0x00000000c3200000, 0x00000000c3300000, 0x00000000c3300000|100%|HC|  |TAMS 0x00000000c3200000| PB 0x00000000c3200000| Complete 
|  51|0x00000000c3300000, 0x00000000c3400000, 0x00000000c3400000|100%|HC|  |TAMS 0x00000000c3300000| PB 0x00000000c3300000| Complete 
|  52|0x00000000c3400000, 0x00000000c347dab0, 0x00000000c3500000| 49%| O|  |TAMS 0x00000000c3400000| PB 0x00000000c3400000| Untracked 
|  53|0x00000000c3500000, 0x00000000c3600000, 0x00000000c3600000|100%| O|  |TAMS 0x00000000c3500000| PB 0x00000000c3500000| Untracked 
|  54|0x00000000c3600000, 0x00000000c3700000, 0x00000000c3700000|100%|HS|  |TAMS 0x00000000c3600000| PB 0x00000000c3600000| Complete 
|  55|0x00000000c3700000, 0x00000000c3800000, 0x00000000c3800000|100%|HC|  |TAMS 0x00000000c3700000| PB 0x00000000c3700000| Complete 
|  56|0x00000000c3800000, 0x00000000c3900000, 0x00000000c3900000|100%|HC|  |TAMS 0x00000000c3800000| PB 0x00000000c3800000| Complete 
|  57|0x00000000c3900000, 0x00000000c3900000, 0x00000000c3a00000|  0%| F|  |TAMS 0x00000000c3900000| PB 0x00000000c3900000| Untracked 
|  58|0x00000000c3a00000, 0x00000000c3a00000, 0x00000000c3b00000|  0%| F|  |TAMS 0x00000000c3a00000| PB 0x00000000c3a00000| Untracked 
|  59|0x00000000c3b00000, 0x00000000c3b00000, 0x00000000c3c00000|  0%| F|  |TAMS 0x00000000c3b00000| PB 0x00000000c3b00000| Untracked 
|  60|0x00000000c3c00000, 0x00000000c3c00000, 0x00000000c3d00000|  0%| F|  |TAMS 0x00000000c3c00000| PB 0x00000000c3c00000| Untracked 
|  61|0x00000000c3d00000, 0x00000000c3d00000, 0x00000000c3e00000|  0%| F|  |TAMS 0x00000000c3d00000| PB 0x00000000c3d00000| Untracked 
|  62|0x00000000c3e00000, 0x00000000c3e00000, 0x00000000c3f00000|  0%| F|  |TAMS 0x00000000c3e00000| PB 0x00000000c3e00000| Untracked 
|  63|0x00000000c3f00000, 0x00000000c3f00000, 0x00000000c4000000|  0%| F|  |TAMS 0x00000000c3f00000| PB 0x00000000c3f00000| Untracked 
|  64|0x00000000c4000000, 0x00000000c4000000, 0x00000000c4100000|  0%| F|  |TAMS 0x00000000c4000000| PB 0x00000000c4000000| Untracked 
|  65|0x00000000c4100000, 0x00000000c4100000, 0x00000000c4200000|  0%| F|  |TAMS 0x00000000c4100000| PB 0x00000000c4100000| Untracked 
|  66|0x00000000c4200000, 0x00000000c4200000, 0x00000000c4300000|  0%| F|  |TAMS 0x00000000c4200000| PB 0x00000000c4200000| Untracked 
|  67|0x00000000c4300000, 0x00000000c4300000, 0x00000000c4400000|  0%| F|  |TAMS 0x00000000c4300000| PB 0x00000000c4300000| Untracked 
|  68|0x00000000c4400000, 0x00000000c4500000, 0x00000000c4500000|100%| S|CS|TAMS 0x00000000c4400000| PB 0x00000000c4400000| Complete 
|  69|0x00000000c4500000, 0x00000000c4600000, 0x00000000c4600000|100%| S|CS|TAMS 0x00000000c4500000| PB 0x00000000c4500000| Complete 
|  70|0x00000000c4600000, 0x00000000c4700000, 0x00000000c4700000|100%| S|CS|TAMS 0x00000000c4600000| PB 0x00000000c4600000| Complete 
|  71|0x00000000c4700000, 0x00000000c4700000, 0x00000000c4800000|  0%| F|  |TAMS 0x00000000c4700000| PB 0x00000000c4700000| Untracked 
|  72|0x00000000c4800000, 0x00000000c4800000, 0x00000000c4900000|  0%| F|  |TAMS 0x00000000c4800000| PB 0x00000000c4800000| Untracked 
|  73|0x00000000c4900000, 0x00000000c4900000, 0x00000000c4a00000|  0%| F|  |TAMS 0x00000000c4900000| PB 0x00000000c4900000| Untracked 
|  74|0x00000000c4a00000, 0x00000000c4a00000, 0x00000000c4b00000|  0%| F|  |TAMS 0x00000000c4a00000| PB 0x00000000c4a00000| Untracked 
|  75|0x00000000c4b00000, 0x00000000c4b00000, 0x00000000c4c00000|  0%| F|  |TAMS 0x00000000c4b00000| PB 0x00000000c4b00000| Untracked 
|  76|0x00000000c4c00000, 0x00000000c4c00000, 0x00000000c4d00000|  0%| F|  |TAMS 0x00000000c4c00000| PB 0x00000000c4c00000| Untracked 
|  77|0x00000000c4d00000, 0x00000000c4d00000, 0x00000000c4e00000|  0%| F|  |TAMS 0x00000000c4d00000| PB 0x00000000c4d00000| Untracked 
|  78|0x00000000c4e00000, 0x00000000c4e00000, 0x00000000c4f00000|  0%| F|  |TAMS 0x00000000c4e00000| PB 0x00000000c4e00000| Untracked 
|  79|0x00000000c4f00000, 0x00000000c4f00000, 0x00000000c5000000|  0%| F|  |TAMS 0x00000000c4f00000| PB 0x00000000c4f00000| Untracked 
|  80|0x00000000c5000000, 0x00000000c5000000, 0x00000000c5100000|  0%| F|  |TAMS 0x00000000c5000000| PB 0x00000000c5000000| Untracked 
|  81|0x00000000c5100000, 0x00000000c5100000, 0x00000000c5200000|  0%| F|  |TAMS 0x00000000c5100000| PB 0x00000000c5100000| Untracked 
|  82|0x00000000c5200000, 0x00000000c5200000, 0x00000000c5300000|  0%| F|  |TAMS 0x00000000c5200000| PB 0x00000000c5200000| Untracked 
|  83|0x00000000c5300000, 0x00000000c5300000, 0x00000000c5400000|  0%| F|  |TAMS 0x00000000c5300000| PB 0x00000000c5300000| Untracked 
|  84|0x00000000c5400000, 0x00000000c5400000, 0x00000000c5500000|  0%| F|  |TAMS 0x00000000c5400000| PB 0x00000000c5400000| Untracked 
|  85|0x00000000c5500000, 0x00000000c5500000, 0x00000000c5600000|  0%| F|  |TAMS 0x00000000c5500000| PB 0x00000000c5500000| Untracked 
|  86|0x00000000c5600000, 0x00000000c5600000, 0x00000000c5700000|  0%| F|  |TAMS 0x00000000c5600000| PB 0x00000000c5600000| Untracked 
|  87|0x00000000c5700000, 0x00000000c5700000, 0x00000000c5800000|  0%| F|  |TAMS 0x00000000c5700000| PB 0x00000000c5700000| Untracked 
|  88|0x00000000c5800000, 0x00000000c5800000, 0x00000000c5900000|  0%| F|  |TAMS 0x00000000c5800000| PB 0x00000000c5800000| Untracked 
|  89|0x00000000c5900000, 0x00000000c59a2720, 0x00000000c5a00000| 63%| E|  |TAMS 0x00000000c5900000| PB 0x00000000c5900000| Complete 
|  90|0x00000000c5a00000, 0x00000000c5b00000, 0x00000000c5b00000|100%| E|CS|TAMS 0x00000000c5a00000| PB 0x00000000c5a00000| Complete 
|  91|0x00000000c5b00000, 0x00000000c5c00000, 0x00000000c5c00000|100%| E|CS|TAMS 0x00000000c5b00000| PB 0x00000000c5b00000| Complete 
|  92|0x00000000c5c00000, 0x00000000c5d00000, 0x00000000c5d00000|100%| E|CS|TAMS 0x00000000c5c00000| PB 0x00000000c5c00000| Complete 
|  93|0x00000000c5d00000, 0x00000000c5e00000, 0x00000000c5e00000|100%| E|CS|TAMS 0x00000000c5d00000| PB 0x00000000c5d00000| Complete 
|  94|0x00000000c5e00000, 0x00000000c5f00000, 0x00000000c5f00000|100%| E|CS|TAMS 0x00000000c5e00000| PB 0x00000000c5e00000| Complete 
|  95|0x00000000c5f00000, 0x00000000c6000000, 0x00000000c6000000|100%| E|CS|TAMS 0x00000000c5f00000| PB 0x00000000c5f00000| Complete 
|  96|0x00000000c6000000, 0x00000000c6100000, 0x00000000c6100000|100%| E|CS|TAMS 0x00000000c6000000| PB 0x00000000c6000000| Complete 
|  97|0x00000000c6100000, 0x00000000c6200000, 0x00000000c6200000|100%| E|CS|TAMS 0x00000000c6100000| PB 0x00000000c6100000| Complete 
|  98|0x00000000c6200000, 0x00000000c6300000, 0x00000000c6300000|100%| E|CS|TAMS 0x00000000c6200000| PB 0x00000000c6200000| Complete 
|1021|0x00000000ffd00000, 0x00000000ffe00000, 0x00000000ffe00000|100%| O|  |TAMS 0x00000000ffd00000| PB 0x00000000ffd00000| Untracked 
|1022|0x00000000ffe00000, 0x00000000fff00000, 0x00000000fff00000|100%| O|  |TAMS 0x00000000ffe00000| PB 0x00000000ffe00000| Untracked 
|1023|0x00000000fff00000, 0x0000000100000000, 0x0000000100000000|100%| O|  |TAMS 0x00000000fff00000| PB 0x00000000fff00000| Untracked 

Card table byte_map: [0x000001b944e60000,0x000001b945060000] _byte_map_base: 0x000001b944860000

Marking Bits: (CMBitMap*) 0x000001b932b8f650
 Bits: [0x000001b945060000, 0x000001b946060000)

Polling page: 0x000001b930920000

Metaspace:

Usage:
  Non-class:     65.73 MB used.
      Class:     10.87 MB used.
       Both:     76.60 MB used.

Virtual space:
  Non-class space:      128.00 MB reserved,      66.56 MB ( 52%) committed,  2 nodes.
      Class space:      416.00 MB reserved,      11.69 MB (  3%) committed,  1 nodes.
             Both:      544.00 MB reserved,      78.25 MB ( 14%) committed. 

Chunk freelists:
   Non-Class:  13.06 MB
       Class:  4.13 MB
        Both:  17.19 MB

MaxMetaspaceSize: 512.00 MB
CompressedClassSpaceSize: 416.00 MB
Initial GC threshold: 21.00 MB
Current GC threshold: 129.62 MB
CDS: off
 - commit_granule_bytes: 65536.
 - commit_granule_words: 8192.
 - virtual_space_node_default_size: 8388608.
 - enlarge_chunks_in_place: 1.
 - use_allocation_guard: 0.


Internal statistics:

num_allocs_failed_limit: 6.
num_arena_births: 3514.
num_arena_deaths: 0.
num_vsnodes_births: 3.
num_vsnodes_deaths: 0.
num_space_committed: 1252.
num_space_uncommitted: 0.
num_chunks_returned_to_freelist: 6.
num_chunks_taken_from_freelist: 6754.
num_chunk_merges: 6.
num_chunk_splits: 4397.
num_chunks_enlarged: 2698.
num_inconsistent_stats: 0.

CodeHeap 'non-profiled nmethods': size=120000Kb used=4106Kb max_used=4106Kb free=115893Kb
 bounds [0x000001b93d730000, 0x000001b93db40000, 0x000001b944c60000]
CodeHeap 'profiled nmethods': size=120000Kb used=12234Kb max_used=12364Kb free=107765Kb
 bounds [0x000001b935c60000, 0x000001b936880000, 0x000001b93d190000]
CodeHeap 'non-nmethods': size=5760Kb used=2619Kb max_used=2662Kb free=3141Kb
 bounds [0x000001b93d190000, 0x000001b93d440000, 0x000001b93d730000]
CodeCache: size=245760Kb, used=18959Kb, max_used=19132Kb, free=226799Kb
 total_blobs=7621, nmethods=6713, adapters=812, full_count=0
Compilation: enabled, stopped_count=0, restarted_count=0

Compilation events (20 events):
Event: 166.866 Thread 0x000001b948742fe0 8088       3       java.util.regex.Pattern$$Lambda/0x00000001000ae840::is (9 bytes)
Event: 166.866 Thread 0x000001b948742fe0 nmethod 8088 0x000001b9361c0990 code [0x000001b9361c0b40, 0x000001b9361c0db8]
Event: 166.866 Thread 0x000001b948742fe0 8089       3       java.util.regex.Pattern::lambda$negate$7 (16 bytes)
Event: 166.866 Thread 0x000001b948742fe0 nmethod 8089 0x000001b9365fe710 code [0x000001b9365fe8c0, 0x000001b9365feac0]
Event: 166.867 Thread 0x000001b948742fe0 8090       3       org.gradle.api.internal.provider.ValueState$NonFinalizedValue::beforeMutate (111 bytes)
Event: 166.869 Thread 0x000001b948742fe0 nmethod 8090 0x000001b9360adb10 code [0x000001b9360adf60, 0x000001b9360afb80]
Event: 166.869 Thread 0x000001b948742fe0 8091       3       org.gradle.internal.instantiation.generator.ManagedObjectFactory::attachOwner (24 bytes)
Event: 166.870 Thread 0x000001b948742fe0 nmethod 8091 0x000001b936329a90 code [0x000001b936329c60, 0x000001b93632a090]
Event: 166.870 Thread 0x000001b948742fe0 8092       3       org.gradle.api.internal.provider.Providers::internal (8 bytes)
Event: 166.870 Thread 0x000001b948742fe0 nmethod 8092 0x000001b936301410 code [0x000001b9363015c0, 0x000001b936301808]
Event: 166.875 Thread 0x000001b948742fe0 8093       3       sun.net.www.protocol.jar.JarURLConnection::getUseCaches (8 bytes)
Event: 166.875 Thread 0x000001b948742fe0 nmethod 8093 0x000001b936328e10 code [0x000001b936328fc0, 0x000001b936329190]
Event: 166.876 Thread 0x000001b948742fe0 8094       3       java.util.Arrays$ArrayList::iterator (12 bytes)
Event: 166.877 Thread 0x000001b948742fe0 nmethod 8094 0x000001b9361e8090 code [0x000001b9361e8240, 0x000001b9361e84c0]
Event: 166.877 Thread 0x000001b948742fe0 8095       3       java.util.Arrays$ArrayItr::<init> (10 bytes)
Event: 166.877 Thread 0x000001b948742fe0 nmethod 8095 0x000001b9364dda90 code [0x000001b9364ddc40, 0x000001b9364dddf8]
Event: 166.891 Thread 0x000001b948742fe0 8096       3       java.util.concurrent.LinkedBlockingDeque$AbstractItr::hasNext (13 bytes)
Event: 166.892 Thread 0x000001b948742fe0 nmethod 8096 0x000001b9360f6590 code [0x000001b9360f6720, 0x000001b9360f6880]
Event: 166.934 Thread 0x000001b948742fe0 8097       1       java.nio.channels.FileLock::acquiredBy (5 bytes)
Event: 166.935 Thread 0x000001b948742fe0 nmethod 8097 0x000001b93d7bb610 code [0x000001b93d7bb7a0, 0x000001b93d7bb868]

GC Heap History (20 events):
Event: 135.026 GC heap before
{Heap before GC invocations=28 (full 0):
 garbage-first heap   total 65536K, used 60980K [0x00000000c0000000, 0x0000000100000000)
  region size 1024K, 22 young (22528K), 2 survivors (2048K)
 Metaspace       used 62470K, committed 64064K, reserved 491520K
  class space    used 8785K, committed 9536K, reserved 425984K
}
Event: 135.045 GC heap after
{Heap after GC invocations=29 (full 0):
 garbage-first heap   total 65536K, used 41736K [0x00000000c0000000, 0x0000000100000000)
  region size 1024K, 2 young (2048K), 2 survivors (2048K)
 Metaspace       used 62470K, committed 64064K, reserved 491520K
  class space    used 8785K, committed 9536K, reserved 425984K
}
Event: 138.166 GC heap before
{Heap before GC invocations=30 (full 0):
 garbage-first heap   total 70656K, used 61192K [0x00000000c0000000, 0x0000000100000000)
  region size 1024K, 21 young (21504K), 2 survivors (2048K)
 Metaspace       used 63500K, committed 65088K, reserved 491520K
  class space    used 8937K, committed 9728K, reserved 425984K
}
Event: 138.179 GC heap after
{Heap after GC invocations=31 (full 0):
 garbage-first heap   total 70656K, used 46257K [0x00000000c0000000, 0x0000000100000000)
  region size 1024K, 3 young (3072K), 3 survivors (3072K)
 Metaspace       used 63500K, committed 65088K, reserved 491520K
  class space    used 8937K, committed 9728K, reserved 425984K
}
Event: 140.006 GC heap before
{Heap before GC invocations=31 (full 0):
 garbage-first heap   total 70656K, used 61617K [0x00000000c0000000, 0x0000000100000000)
  region size 1024K, 19 young (19456K), 3 survivors (3072K)
 Metaspace       used 63787K, committed 65408K, reserved 491520K
  class space    used 8954K, committed 9728K, reserved 425984K
}
Event: 140.015 GC heap after
{Heap after GC invocations=32 (full 0):
 garbage-first heap   total 70656K, used 49569K [0x00000000c0000000, 0x0000000100000000)
  region size 1024K, 3 young (3072K), 3 survivors (3072K)
 Metaspace       used 63787K, committed 65408K, reserved 491520K
  class space    used 8954K, committed 9728K, reserved 425984K
}
Event: 141.001 GC heap before
{Heap before GC invocations=32 (full 0):
 garbage-first heap   total 70656K, used 62881K [0x00000000c0000000, 0x0000000100000000)
  region size 1024K, 16 young (16384K), 3 survivors (3072K)
 Metaspace       used 64508K, committed 66176K, reserved 491520K
  class space    used 9066K, committed 9856K, reserved 425984K
}
Event: 141.009 GC heap after
{Heap after GC invocations=33 (full 0):
 garbage-first heap   total 70656K, used 49060K [0x00000000c0000000, 0x0000000100000000)
  region size 1024K, 1 young (1024K), 1 survivors (1024K)
 Metaspace       used 64508K, committed 66176K, reserved 491520K
  class space    used 9066K, committed 9856K, reserved 425984K
}
Event: 142.914 GC heap before
{Heap before GC invocations=34 (full 0):
 garbage-first heap   total 81920K, used 63396K [0x00000000c0000000, 0x0000000100000000)
  region size 1024K, 16 young (16384K), 1 survivors (1024K)
 Metaspace       used 66179K, committed 67840K, reserved 491520K
  class space    used 9370K, committed 10176K, reserved 425984K
}
Event: 142.919 GC heap after
{Heap after GC invocations=35 (full 0):
 garbage-first heap   total 81920K, used 49581K [0x00000000c0000000, 0x0000000100000000)
  region size 1024K, 2 young (2048K), 2 survivors (2048K)
 Metaspace       used 66179K, committed 67840K, reserved 491520K
  class space    used 9370K, committed 10176K, reserved 425984K
}
Event: 151.563 GC heap before
{Heap before GC invocations=35 (full 0):
 garbage-first heap   total 81920K, used 79277K [0x00000000c0000000, 0x0000000100000000)
  region size 1024K, 25 young (25600K), 2 survivors (2048K)
 Metaspace       used 68377K, committed 70144K, reserved 491520K
  class space    used 9711K, committed 10560K, reserved 425984K
}
Event: 151.570 GC heap after
{Heap after GC invocations=36 (full 0):
 garbage-first heap   total 86016K, used 57659K [0x00000000c0000000, 0x0000000100000000)
  region size 1024K, 4 young (4096K), 4 survivors (4096K)
 Metaspace       used 68377K, committed 70144K, reserved 491520K
  class space    used 9711K, committed 10560K, reserved 425984K
}
Event: 153.868 GC heap before
{Heap before GC invocations=36 (full 0):
 garbage-first heap   total 86016K, used 78139K [0x00000000c0000000, 0x0000000100000000)
  region size 1024K, 24 young (24576K), 4 survivors (4096K)
 Metaspace       used 70815K, committed 72512K, reserved 491520K
  class space    used 10055K, committed 10880K, reserved 425984K
}
Event: 153.880 GC heap after
{Heap after GC invocations=37 (full 0):
 garbage-first heap   total 86016K, used 57763K [0x00000000c0000000, 0x0000000100000000)
  region size 1024K, 1 young (1024K), 1 survivors (1024K)
 Metaspace       used 70815K, committed 72512K, reserved 491520K
  class space    used 10055K, committed 10880K, reserved 425984K
}
Event: 156.825 GC heap before
{Heap before GC invocations=38 (full 0):
 garbage-first heap   total 97280K, used 79267K [0x00000000c0000000, 0x0000000100000000)
  region size 1024K, 22 young (22528K), 1 survivors (1024K)
 Metaspace       used 73714K, committed 75520K, reserved 491520K
  class space    used 10445K, committed 11328K, reserved 425984K
}
Event: 156.829 GC heap after
{Heap after GC invocations=39 (full 0):
 garbage-first heap   total 97280K, used 58549K [0x00000000c0000000, 0x0000000100000000)
  region size 1024K, 2 young (2048K), 2 survivors (2048K)
 Metaspace       used 73714K, committed 75520K, reserved 491520K
  class space    used 10445K, committed 11328K, reserved 425984K
}
Event: 161.583 GC heap before
{Heap before GC invocations=39 (full 0):
 garbage-first heap   total 97280K, used 89269K [0x00000000c0000000, 0x0000000100000000)
  region size 1024K, 32 young (32768K), 2 survivors (2048K)
 Metaspace       used 76433K, committed 78208K, reserved 557056K
  class space    used 10848K, committed 11712K, reserved 425984K
}
Event: 161.589 GC heap after
{Heap after GC invocations=40 (full 0):
 garbage-first heap   total 97280K, used 58309K [0x00000000c0000000, 0x0000000100000000)
  region size 1024K, 3 young (3072K), 3 survivors (3072K)
 Metaspace       used 76433K, committed 78208K, reserved 557056K
  class space    used 10848K, committed 11712K, reserved 425984K
}
Event: 164.824 GC heap before
{Heap before GC invocations=40 (full 0):
 garbage-first heap   total 97280K, used 78789K [0x00000000c0000000, 0x0000000100000000)
  region size 1024K, 24 young (24576K), 3 survivors (3072K)
 Metaspace       used 77873K, committed 79616K, reserved 557056K
  class space    used 11046K, committed 11904K, reserved 425984K
}
Event: 164.833 GC heap after
{Heap after GC invocations=41 (full 0):
 garbage-first heap   total 97280K, used 58870K [0x00000000c0000000, 0x0000000100000000)
  region size 1024K, 3 young (3072K), 3 survivors (3072K)
 Metaspace       used 77873K, committed 79616K, reserved 557056K
  class space    used 11046K, committed 11904K, reserved 425984K
}

Dll operation events (3 events):
Event: 0.050 Loaded shared library C:\Program Files\Android\Android Studio\jbr\bin\java.dll
Event: 0.393 Loaded shared library C:\Program Files\Android\Android Studio\jbr\bin\zip.dll
Event: 15.840 Loaded shared library C:\Program Files\Android\Android Studio\jbr\bin\verify.dll

Deoptimization events (20 events):
Event: 161.138 Thread 0x000001b94e42d7d0 Uncommon trap: trap_request=0xffffffde fr.pc=0x000001b93db14320 relative=0x00000000000004a0
Event: 161.138 Thread 0x000001b94e42d7d0 Uncommon trap: reason=class_check action=maybe_recompile pc=0x000001b93db14320 method=kotlin.reflect.jvm.internal.impl.protobuf.CodedInputStream.tryRefillBuffer(I)Z @ 175 c2
Event: 161.138 Thread 0x000001b94e42d7d0 DEOPT PACKING pc=0x000001b93db14320 sp=0x0000006e61ef1e80
Event: 161.138 Thread 0x000001b94e42d7d0 DEOPT UNPACKING pc=0x000001b93d1e43a2 sp=0x0000006e61ef1d68 mode 2
Event: 161.138 Thread 0x000001b94e42d7d0 Uncommon trap: trap_request=0xffffffde fr.pc=0x000001b93db14320 relative=0x00000000000004a0
Event: 161.138 Thread 0x000001b94e42d7d0 Uncommon trap: reason=class_check action=maybe_recompile pc=0x000001b93db14320 method=kotlin.reflect.jvm.internal.impl.protobuf.CodedInputStream.tryRefillBuffer(I)Z @ 175 c2
Event: 161.138 Thread 0x000001b94e42d7d0 DEOPT PACKING pc=0x000001b93db14320 sp=0x0000006e61ef1f70
Event: 161.138 Thread 0x000001b94e42d7d0 DEOPT UNPACKING pc=0x000001b93d1e43a2 sp=0x0000006e61ef1e58 mode 2
Event: 161.138 Thread 0x000001b94e42d7d0 Uncommon trap: trap_request=0xffffffde fr.pc=0x000001b93db14320 relative=0x00000000000004a0
Event: 161.138 Thread 0x000001b94e42d7d0 Uncommon trap: reason=class_check action=maybe_recompile pc=0x000001b93db14320 method=kotlin.reflect.jvm.internal.impl.protobuf.CodedInputStream.tryRefillBuffer(I)Z @ 175 c2
Event: 161.138 Thread 0x000001b94e42d7d0 DEOPT PACKING pc=0x000001b93db14320 sp=0x0000006e61ef1f70
Event: 161.138 Thread 0x000001b94e42d7d0 DEOPT UNPACKING pc=0x000001b93d1e43a2 sp=0x0000006e61ef1e58 mode 2
Event: 161.546 Thread 0x000001b94e42d7d0 DEOPT PACKING pc=0x000001b9361b2ba1 sp=0x0000006e61ef2e90
Event: 161.546 Thread 0x000001b94e42d7d0 DEOPT UNPACKING pc=0x000001b93d1e4b42 sp=0x0000006e61ef2390 mode 0
Event: 164.536 Thread 0x000001b94e42d7d0 Uncommon trap: trap_request=0xffffff45 fr.pc=0x000001b93da265bc relative=0x0000000000000b3c
Event: 164.536 Thread 0x000001b94e42d7d0 Uncommon trap: reason=unstable_if action=reinterpret pc=0x000001b93da265bc method=java.util.regex.Pattern.escape(ZZZ)I @ 8 c2
Event: 164.536 Thread 0x000001b94e42d7d0 DEOPT PACKING pc=0x000001b93da265bc sp=0x0000006e61ef2430
Event: 164.536 Thread 0x000001b94e42d7d0 DEOPT UNPACKING pc=0x000001b93d1e43a2 sp=0x0000006e61ef23c8 mode 2
Event: 164.877 Thread 0x000001b94e42d7d0 DEOPT PACKING pc=0x000001b935f89041 sp=0x0000006e61eeff10
Event: 164.877 Thread 0x000001b94e42d7d0 DEOPT UNPACKING pc=0x000001b93d1e4b42 sp=0x0000006e61eef490 mode 0

Classes loaded (20 events):
Event: 157.116 Loading class javax/management/NotificationFilter
Event: 157.117 Loading class javax/management/NotificationFilter done
Event: 157.117 Loading class javax/management/ListenerNotFoundException
Event: 157.117 Loading class javax/management/OperationsException
Event: 157.119 Loading class javax/management/JMException
Event: 157.119 Loading class javax/management/JMException done
Event: 157.119 Loading class javax/management/OperationsException done
Event: 157.119 Loading class javax/management/ListenerNotFoundException done
Event: 157.120 Loading class jdk/jfr/Recording
Event: 157.120 Loading class jdk/jfr/Recording done
Event: 157.120 Loading class jdk/jfr/FlightRecorder
Event: 157.120 Loading class jdk/jfr/FlightRecorder done
Event: 157.120 Loading class jdk/management/jfr/FlightRecorderMXBeanImpl$MXBeanListener
Event: 157.120 Loading class jdk/jfr/FlightRecorderListener
Event: 157.120 Loading class jdk/jfr/FlightRecorderListener done
Event: 157.120 Loading class jdk/management/jfr/FlightRecorderMXBeanImpl$MXBeanListener done
Event: 157.512 Loading class com/sun/jmx/mbeanserver/StandardMBeanSupport
Event: 157.513 Loading class com/sun/jmx/mbeanserver/StandardMBeanSupport done
Event: 157.513 Loading class com/sun/jmx/mbeanserver/StandardMBeanIntrospector
Event: 157.513 Loading class com/sun/jmx/mbeanserver/StandardMBeanIntrospector done

Classes unloaded (0 events):
No events

Classes redefined (0 events):
No events

Internal exceptions (20 events):
Event: 155.716 Thread 0x000001b94e42d7d0 Exception <a 'java/lang/NoSuchMethodError'{0x00000000c4dce5f0}: static Lorg/jetbrains/kotlin/gradle/plugin/internal/DefaultConfigurationCacheStartParameterAccessorVariantFactory;.<clinit>()V> (0x00000000c4dce5f0) 
thrown [s\src\hotspot\share\prims\jni.cpp, line 1144]
Event: 155.720 Thread 0x000001b94e42d7d0 Exception <a 'java/lang/NoSuchMethodError'{0x00000000c4df5660}: static Lorg/jetbrains/kotlin/gradle/plugin/internal/MavenPluginConfigurator$DefaultMavenPluginConfiguratorVariantFactory;.<clinit>()V> (0x00000000c4df5660) 
thrown [s\src\hotspot\share\prims\jni.cpp, line 1144]
Event: 155.724 Thread 0x000001b94e42d7d0 Exception <a 'java/lang/NoSuchMethodError'{0x00000000c4c1b560}: static Lorg/jetbrains/kotlin/gradle/targets/js/nodejs/DefaultUnameExecutorVariantFactory;.<clinit>()V> (0x00000000c4c1b560) 
thrown [s\src\hotspot\share\prims\jni.cpp, line 1144]
Event: 155.726 Thread 0x000001b94e42d7d0 Exception <a 'java/lang/NoSuchMethodError'{0x00000000c4c41c70}: static Lorg/jetbrains/kotlin/gradle/plugin/internal/DefaultBasePluginConfigurationVariantFactory;.<clinit>()V> (0x00000000c4c41c70) 
thrown [s\src\hotspot\share\prims\jni.cpp, line 1144]
Event: 155.729 Thread 0x000001b94e42d7d0 Exception <a 'java/lang/NoSuchMethodError'{0x00000000c4c68978}: static Lorg/jetbrains/kotlin/gradle/plugin/internal/DefaultAttributeConfigurationHelperVariantFactory;.<clinit>()V> (0x00000000c4c68978) 
thrown [s\src\hotspot\share\prims\jni.cpp, line 1144]
Event: 155.881 Thread 0x000001b94e42d7d0 Exception <a 'java/lang/NoSuchMethodError'{0x00000000c4b01c48}: 'long java.lang.invoke.DirectMethodHandle$Holder.invokeSpecial(java.lang.Object, java.lang.Object)'> (0x00000000c4b01c48) 
thrown [s\src\hotspot\share\interpreter\linkResolver.cpp, line 784]
Event: 155.882 Thread 0x000001b94e42d7d0 Exception <a 'java/lang/NoSuchMethodError'{0x00000000c4b06b90}: 'long java.lang.invoke.Invokers$Holder.invokeExact_MT(java.lang.Object, java.lang.Object)'> (0x00000000c4b06b90) 
thrown [s\src\hotspot\share\interpreter\linkResolver.cpp, line 784]
Event: 155.988 Thread 0x000001b94e42d7d0 Exception <a 'sun/nio/fs/WindowsException'{0x00000000c4b6c5f0}> (0x00000000c4b6c5f0) 
thrown [s\src\hotspot\share\prims\jni.cpp, line 537]
Event: 156.399 Thread 0x000001b94e42d7d0 Exception <a 'sun/nio/fs/WindowsException'{0x00000000c49b2b88}> (0x00000000c49b2b88) 
thrown [s\src\hotspot\share\prims\jni.cpp, line 537]
Event: 156.433 Thread 0x000001b94e42d7d0 Exception <a 'java/lang/IncompatibleClassChangeError'{0x00000000c4812140}: Found class java.lang.Object, but interface was expected> (0x00000000c4812140) 
thrown [s\src\hotspot\share\interpreter\linkResolver.cpp, line 851]
Event: 156.862 Thread 0x000001b94ebb8250 Exception <a 'sun/nio/fs/WindowsException'{0x00000000c5be3f88}> (0x00000000c5be3f88) 
thrown [s\src\hotspot\share\prims\jni.cpp, line 537]
Event: 156.869 Thread 0x000001b94ebb8250 Exception <a 'sun/nio/fs/WindowsException'{0x00000000c5bf0830}> (0x00000000c5bf0830) 
thrown [s\src\hotspot\share\prims\jni.cpp, line 537]
Event: 156.870 Thread 0x000001b94ebb8250 Exception <a 'sun/nio/fs/WindowsException'{0x00000000c5bf22c0}> (0x00000000c5bf22c0) 
thrown [s\src\hotspot\share\prims\jni.cpp, line 537]
Event: 156.912 Thread 0x000001b94ebb8250 Exception <a 'sun/nio/fs/WindowsException'{0x00000000c5abf268}> (0x00000000c5abf268) 
thrown [s\src\hotspot\share\prims\jni.cpp, line 537]
Event: 158.756 Thread 0x000001b94e42d7d0 Implicit null exception at 0x000001b93d78535d to 0x000001b93d7857f0
Event: 158.756 Thread 0x000001b94e42d7d0 Implicit null exception at 0x000001b93d80583f to 0x000001b93d805cd4
Event: 166.920 Thread 0x000001b94ebb8250 Exception <a 'sun/nio/fs/WindowsException'{0x00000000c5a850b0}> (0x00000000c5a850b0) 
thrown [s\src\hotspot\share\prims\jni.cpp, line 537]
Event: 166.926 Thread 0x000001b94ebb8250 Exception <a 'sun/nio/fs/WindowsException'{0x00000000c5a91478}> (0x00000000c5a91478) 
thrown [s\src\hotspot\share\prims\jni.cpp, line 537]
Event: 166.928 Thread 0x000001b94ebb8250 Exception <a 'sun/nio/fs/WindowsException'{0x00000000c5900d10}> (0x00000000c5900d10) 
thrown [s\src\hotspot\share\prims\jni.cpp, line 537]
Event: 166.932 Thread 0x000001b94ebb8250 Exception <a 'sun/nio/fs/WindowsException'{0x00000000c590a598}> (0x00000000c590a598) 
thrown [s\src\hotspot\share\prims\jni.cpp, line 537]

ZGC Phase Switch (0 events):
No events

VM Operations (20 events):
Event: 160.067 Executing VM operation: Cleanup
Event: 160.067 Executing VM operation: Cleanup done
Event: 161.081 Executing VM operation: Cleanup
Event: 161.129 Executing VM operation: Cleanup done
Event: 161.583 Executing VM operation: G1CollectForAllocation (G1 Evacuation Pause)
Event: 161.589 Executing VM operation: G1CollectForAllocation (G1 Evacuation Pause) done
Event: 162.592 Executing VM operation: Cleanup
Event: 162.655 Executing VM operation: Cleanup done
Event: 163.666 Executing VM operation: Cleanup
Event: 163.687 Executing VM operation: Cleanup done
Event: 164.703 Executing VM operation: Cleanup
Event: 164.718 Executing VM operation: Cleanup done
Event: 164.824 Executing VM operation: G1TryInitiateConcMark (G1 Humongous Allocation)
Event: 164.833 Executing VM operation: G1TryInitiateConcMark (G1 Humongous Allocation) done
Event: 164.969 Executing VM operation: G1PauseRemark
Event: 165.899 Executing VM operation: G1PauseRemark done
Event: 165.944 Executing VM operation: G1PauseCleanup
Event: 165.944 Executing VM operation: G1PauseCleanup done
Event: 166.952 Executing VM operation: Cleanup
Event: 169.330 Executing VM operation: Cleanup done

Memory protections (0 events):
No events

Nmethod flushes (20 events):
Event: 165.898 Thread 0x000001b94853b3d0 flushing  nmethod 0x000001b935d3a990
Event: 165.898 Thread 0x000001b94853b3d0 flushing  nmethod 0x000001b935d3b190
Event: 165.898 Thread 0x000001b94853b3d0 flushing  nmethod 0x000001b935d84010
Event: 165.898 Thread 0x000001b94853b3d0 flushing  nmethod 0x000001b935e0ec90
Event: 165.898 Thread 0x000001b94853b3d0 flushing  nmethod 0x000001b935e31a10
Event: 165.898 Thread 0x000001b94853b3d0 flushing  nmethod 0x000001b935e5c290
Event: 165.898 Thread 0x000001b94853b3d0 flushing  nmethod 0x000001b935fdee90
Event: 165.898 Thread 0x000001b94853b3d0 flushing  nmethod 0x000001b936088a10
Event: 165.898 Thread 0x000001b94853b3d0 flushing  nmethod 0x000001b9360bbb10
Event: 165.898 Thread 0x000001b94853b3d0 flushing  nmethod 0x000001b9360f6590
Event: 165.898 Thread 0x000001b94853b3d0 flushing  nmethod 0x000001b9360f6e10
Event: 165.898 Thread 0x000001b94853b3d0 flushing  nmethod 0x000001b9361bc110
Event: 165.898 Thread 0x000001b94853b3d0 flushing  nmethod 0x000001b9361c0990
Event: 165.898 Thread 0x000001b94853b3d0 flushing  nmethod 0x000001b936301410
Event: 165.898 Thread 0x000001b94853b3d0 flushing  nmethod 0x000001b936328e10
Event: 165.898 Thread 0x000001b94853b3d0 flushing  nmethod 0x000001b936329a90
Event: 165.898 Thread 0x000001b94853b3d0 flushing  nmethod 0x000001b9363b9110
Event: 165.898 Thread 0x000001b94853b3d0 flushing  nmethod 0x000001b936407690
Event: 165.898 Thread 0x000001b94853b3d0 flushing  nmethod 0x000001b9365fe710
Event: 165.898 Thread 0x000001b94853b3d0 flushing  nmethod 0x000001b936659b90

Events (20 events):
Event: 86.624 Thread 0x000001b94e42d7d0 Thread added: 0x000001b94ec731c0
Event: 92.094 Thread 0x000001b94e42d7d0 Thread added: 0x000001b94ec75290
Event: 92.142 Thread 0x000001b94e42d7d0 Thread added: 0x000001b94ec74c00
Event: 107.062 Thread 0x000001b94e42d7d0 Thread added: 0x000001b94ec75fb0
Event: 108.744 Thread 0x000001b94e42d7d0 Thread added: 0x000001b94ec78710
Event: 109.037 Thread 0x000001b94e42d7d0 Thread added: 0x000001b94ec76640
Event: 115.251 Thread 0x000001b94e42d7d0 Thread added: 0x000001b94ec76cd0
Event: 116.022 Thread 0x000001b94e42d7d0 Thread added: 0x000001b94ec77360
Event: 119.103 Thread 0x000001b94e42d7d0 Thread added: 0x000001b94ec78080
Event: 136.635 Thread 0x000001b94e42d7d0 Thread added: 0x000001b950860db0
Event: 136.636 Thread 0x000001b94e42d7d0 Thread added: 0x000001b950861440
Event: 136.637 Thread 0x000001b94e42d7d0 Thread added: 0x000001b950862160
Event: 137.116 Thread 0x000001b94e42d7d0 Thread added: 0x000001b950860720
Event: 137.145 Thread 0x000001b94e42d7d0 Thread added: 0x000001b950865c70
Event: 137.159 Thread 0x000001b94e42d7d0 Thread added: 0x000001b950864230
Event: 138.240 Thread 0x000001b94e42d7d0 Thread added: 0x000001b9508648c0
Event: 138.243 Thread 0x000001b94e42d7d0 Thread added: 0x000001b950864f50
Event: 138.244 Thread 0x000001b94e42d7d0 Thread added: 0x000001b950862e80
Event: 142.335 Thread 0x000001b94e42d7d0 Thread added: 0x000001b9508655e0
Event: 157.991 Thread 0x000001b94e42d7d0 Thread added: 0x000001b950866300


Dynamic libraries:
0x00007ff601d30000 - 0x00007ff601d3a000 	C:\Program Files\Android\Android Studio\jbr\bin\java.exe
0x00007ffbec280000 - 0x00007ffbec4e7000 	C:\Windows\SYSTEM32\ntdll.dll
0x00007ffbeb9c0000 - 0x00007ffbeba89000 	C:\Windows\System32\KERNEL32.DLL
0x00007ffbe8b60000 - 0x00007ffbe8f51000 	C:\Windows\System32\KERNELBASE.dll
0x00007ffbc1540000 - 0x00007ffbc15ee000 	c:\Users\Admin\AppData\Local\Programs\Trae\resources\app\modules\sandbox\x64\trae_sbox.dll
0x00007ffbec0c0000 - 0x00007ffbec17b000 	C:\Windows\System32\ADVAPI32.dll
0x00007ffbea750000 - 0x00007ffbea7f9000 	C:\Windows\System32\msvcrt.dll
0x00007ffbebeb0000 - 0x00007ffbebf57000 	C:\Windows\System32\sechost.dll
0x00007ffbebc90000 - 0x00007ffbebda8000 	C:\Windows\System32\RPCRT4.dll
0x00007ffbe9360000 - 0x00007ffbe94ab000 	C:\Windows\System32\ucrtbase.dll
0x00007ffb90c40000 - 0x00007ffb90c58000 	C:\Program Files\Android\Android Studio\jbr\bin\jli.dll
0x00007ffbeb680000 - 0x00007ffbeb845000 	C:\Windows\System32\USER32.dll
0x00007ffbe9ff0000 - 0x00007ffbea017000 	C:\Windows\System32\win32u.dll
0x00007ffbea200000 - 0x00007ffbea22b000 	C:\Windows\System32\GDI32.dll
0x00007ffbe9010000 - 0x00007ffbe913a000 	C:\Windows\System32\gdi32full.dll
0x00007ffbe8f60000 - 0x00007ffbe9003000 	C:\Windows\System32\msvcp_win.dll
0x00007ffb89d00000 - 0x00007ffb89d1b000 	C:\Program Files\Android\Android Studio\jbr\bin\VCRUNTIME140.dll
0x00007ffbd8470000 - 0x00007ffbd8703000 	C:\Windows\WinSxS\amd64_microsoft.windows.common-controls_6595b64144ccf1df_6.0.26100.7922_none_3e089e1ee3342171\COMCTL32.dll
0x00007ffbc8c10000 - 0x00007ffbc8c9f000 	c:\Users\Admin\AppData\Local\Programs\Trae\resources\app\modules\sandbox\x64\sbox_ipc.dll
0x00007ffbec180000 - 0x00007ffbec1b1000 	C:\Windows\System32\IMM32.DLL
0x00007ffb889a0000 - 0x00007ffb889ac000 	C:\Program Files\Android\Android Studio\jbr\bin\vcruntime140_1.dll
0x00007ffb79b40000 - 0x00007ffb79bcd000 	C:\Program Files\Android\Android Studio\jbr\bin\msvcp140.dll
0x00007ffb78ea0000 - 0x00007ffb79b36000 	C:\Program Files\Android\Android Studio\jbr\bin\server\jvm.dll
0x00007ffbeb600000 - 0x00007ffbeb674000 	C:\Windows\System32\WS2_32.dll
0x00007ffbe89c0000 - 0x00007ffbe8a1e000 	C:\Windows\SYSTEM32\POWRPROF.dll
0x00007ffbe3230000 - 0x00007ffbe3265000 	C:\Windows\SYSTEM32\WINMM.dll
0x00007ffbe3220000 - 0x00007ffbe322b000 	C:\Windows\SYSTEM32\VERSION.dll
0x00007ffbe89a0000 - 0x00007ffbe89b4000 	C:\Windows\SYSTEM32\UMPDC.dll
0x00007ffbddda0000 - 0x00007ffbddfe2000 	C:\Windows\SYSTEM32\dbghelp.dll
0x00007ffbea800000 - 0x00007ffbeab82000 	C:\Windows\System32\combase.dll
0x00007ffbeb420000 - 0x00007ffbeb4f7000 	C:\Windows\System32\OLEAUT32.dll
0x00007ffbd09e0000 - 0x00007ffbd0a1b000 	C:\Windows\SYSTEM32\dbgcore.DLL
0x00007ffbe78f0000 - 0x00007ffbe790b000 	C:\Windows\SYSTEM32\kernel.appcore.dll
0x00007ffb88990000 - 0x00007ffb8899a000 	C:\Program Files\Android\Android Studio\jbr\bin\jimage.dll
0x00007ffbe9140000 - 0x00007ffbe91e5000 	C:\Windows\System32\bcryptPrimitives.dll
0x00007ffbc6520000 - 0x00007ffbc652e000 	C:\Program Files\Android\Android Studio\jbr\bin\instrument.dll
0x00007ffb879b0000 - 0x00007ffb879d0000 	C:\Program Files\Android\Android Studio\jbr\bin\java.dll
0x00007ffb87990000 - 0x00007ffb879a8000 	C:\Program Files\Android\Android Studio\jbr\bin\zip.dll
0x00007ffbeabf0000 - 0x00007ffbeb34f000 	C:\Windows\System32\SHELL32.dll
0x00007ffbe91f0000 - 0x00007ffbe935a000 	C:\Windows\System32\wintypes.dll
0x00007ffbe9780000 - 0x00007ffbe9fe4000 	C:\Windows\System32\windows.storage.dll
0x00007ffbeb8c0000 - 0x00007ffbeb9b7000 	C:\Windows\System32\SHCORE.dll
0x00007ffbeb850000 - 0x00007ffbeb8b7000 	C:\Windows\System32\shlwapi.dll
0x00007ffbe8a80000 - 0x00007ffbe8aa9000 	C:\Windows\SYSTEM32\profapi.dll
0x00007ffb88980000 - 0x00007ffb88990000 	C:\Program Files\Android\Android Studio\jbr\bin\net.dll
0x00007ffbdeb50000 - 0x00007ffbdec77000 	C:\Windows\SYSTEM32\WINHTTP.dll
0x00007ffbe7e60000 - 0x00007ffbe7ecb000 	C:\Windows\system32\mswsock.dll
0x00007ffb7a900000 - 0x00007ffb7a916000 	C:\Program Files\Android\Android Studio\jbr\bin\nio.dll
0x00007ffb7a8f0000 - 0x00007ffb7a900000 	C:\Program Files\Android\Android Studio\jbr\bin\verify.dll
0x00007ffbc6540000 - 0x00007ffbc6567000 	C:\Users\Admin\.gradle\native\1def1411415f61bf3af743bc5b6707747c0891f09f0c88961ee8f79bc544acac\windows-amd64\native-platform.dll
0x00007ffbc64a0000 - 0x00007ffbc6518000 	C:\Users\Admin\.gradle\native\0.2.7\x86_64-windows-gnu\gradle-fileevents.dll
0x00007ffbc6580000 - 0x00007ffbc6589000 	C:\Program Files\Android\Android Studio\jbr\bin\management.dll
0x00007ffbc6570000 - 0x00007ffbc657b000 	C:\Program Files\Android\Android Studio\jbr\bin\management_ext.dll
0x00007ffbeb410000 - 0x00007ffbeb418000 	C:\Windows\System32\PSAPI.DLL
0x00007ffbe7350000 - 0x00007ffbe7383000 	C:\Windows\SYSTEM32\IPHLPAPI.DLL
0x00007ffbeb400000 - 0x00007ffbeb40a000 	C:\Windows\System32\NSI.dll
0x00007ffbc6530000 - 0x00007ffbc6539000 	C:\Program Files\Android\Android Studio\jbr\bin\extnet.dll
0x00007ffbe8140000 - 0x00007ffbe815b000 	C:\Windows\SYSTEM32\CRYPTSP.dll
0x00007ffbe7850000 - 0x00007ffbe7889000 	C:\Windows\system32\rsaenh.dll
0x00007ffbe7f10000 - 0x00007ffbe7f42000 	C:\Windows\SYSTEM32\USERENV.dll
0x00007ffbe8a50000 - 0x00007ffbe8a7a000 	C:\Windows\SYSTEM32\bcrypt.dll
0x00007ffbe8160000 - 0x00007ffbe816c000 	C:\Windows\SYSTEM32\CRYPTBASE.dll
0x00007ffbc6490000 - 0x00007ffbc6498000 	C:\Windows\system32\wshunix.dll
0x00007ffbe66a0000 - 0x00007ffbe674a000 	C:\Windows\system32\uxtheme.dll
0x00007ffbebdb0000 - 0x00007ffbebe5e000 	C:\Windows\System32\clbcatq.dll
0x00007ffbebae0000 - 0x00007ffbebc75000 	C:\Windows\System32\ole32.dll
0x00007ffbe4450000 - 0x00007ffbe4553000 	C:\Windows\system32\propsys.dll
0x00007ffbe86f0000 - 0x00007ffbe8747000 	C:\Windows\SYSTEM32\CFGMGR32.dll
0x00007ffbe7a10000 - 0x00007ffbe7a46000 	C:\Windows\SYSTEM32\ntmarta.dll
0x00007ffbe64e0000 - 0x00007ffbe657f000 	C:\Windows\SYSTEM32\apphelp.dll
0x00007ffbe7b90000 - 0x00007ffbe7bd9000 	C:\Windows\System32\SspiCli.dll
0x00007ffbec1c0000 - 0x00007ffbec23c000 	C:\Windows\System32\coml2.dll

JVMTI agents:
C:\Users\Admin\.gradle\wrapper\dists\gradle-8.13-all\54h0s9kvb6g2sinako7ub77ku\gradle-8.13\lib\agents\gradle-instrumentation-agent-8.13.jar path:C:\Program Files\Android\Android Studio\jbr\bin\instrument.dll, loaded, initialized, instrumentlib options:none

dbghelp: loaded successfully - version: 4.0.5 - missing functions: none
symbol engine: initialized successfully - sym options: 0x614 - pdb path: .;C:\Program Files\Android\Android Studio\jbr\bin;C:\Windows\SYSTEM32;c:\Users\Admin\AppData\Local\Programs\Trae\resources\app\modules\sandbox\x64;C:\Windows\WinSxS\amd64_microsoft.windows.common-controls_6595b64144ccf1df_6.0.26100.7922_none_3e089e1ee3342171;C:\Program Files\Android\Android Studio\jbr\bin\server;C:\Users\Admin\.gradle\native\1def1411415f61bf3af743bc5b6707747c0891f09f0c88961ee8f79bc544acac\windows-amd64;C:\Users\Admin\.gradle\native\0.2.7\x86_64-windows-gnu

VM Arguments:
jvm_args: --add-opens=java.base/java.lang=ALL-UNNAMED --add-opens=java.base/java.lang.invoke=ALL-UNNAMED --add-opens=java.base/java.util=ALL-UNNAMED --add-opens=java.prefs/java.util.prefs=ALL-UNNAMED --add-exports=jdk.compiler/com.sun.tools.javac.api=ALL-UNNAMED --add-exports=jdk.compiler/com.sun.tools.javac.util=ALL-UNNAMED --add-opens=java.base/java.util=ALL-UNNAMED --add-opens=java.prefs/java.util.prefs=ALL-UNNAMED --add-opens=java.base/java.nio.charset=ALL-UNNAMED --add-opens=java.base/java.net=ALL-UNNAMED --add-opens=java.base/java.util.concurrent.atomic=ALL-UNNAMED --add-opens=java.xml/javax.xml.namespace=ALL-UNNAMED -XX:MaxMetaspaceSize=512m -Xmx1024m -Dfile.encoding=UTF-8 -Duser.country=ID -Duser.language=en -Duser.variant -javaagent:C:\Users\Admin\.gradle\wrapper\dists\gradle-8.13-all\54h0s9kvb6g2sinako7ub77ku\gradle-8.13\lib\agents\gradle-instrumentation-agent-8.13.jar 
java_command: org.gradle.launcher.daemon.bootstrap.GradleDaemon 8.13
java_class_path (initial): C:\Users\Admin\.gradle\wrapper\dists\gradle-8.13-all\54h0s9kvb6g2sinako7ub77ku\gradle-8.13\lib\gradle-daemon-main-8.13.jar
Launcher Type: SUN_STANDARD

[Global flags]
     intx CICompilerCount                          = 3                                         {product} {ergonomic}
   size_t CompressedClassSpaceSize                 = 436207616                                 {product} {ergonomic}
     uint ConcGCThreads                            = 1                                         {product} {ergonomic}
     uint G1ConcRefinementThreads                  = 4                                         {product} {ergonomic}
   size_t G1HeapRegionSize                         = 1048576                                   {product} {ergonomic}
    uintx GCDrainStackTargetSize                   = 64                                        {product} {ergonomic}
   size_t InitialHeapSize                          = 58720256                                  {product} {ergonomic}
   size_t MarkStackSize                            = 4194304                                   {product} {ergonomic}
   size_t MaxHeapSize                              = 1073741824                                {product} {command line}
   size_t MaxMetaspaceSize                         = 536870912                                 {product} {command line}
   size_t MaxNewSize                               = 643825664                                 {product} {ergonomic}
   size_t MinHeapDeltaBytes                        = 1048576                                   {product} {ergonomic}
   size_t MinHeapSize                              = 8388608                                   {product} {ergonomic}
    uintx NonNMethodCodeHeapSize                   = 5832780                                {pd product} {ergonomic}
    uintx NonProfiledCodeHeapSize                  = 122912730                              {pd product} {ergonomic}
    uintx ProfiledCodeHeapSize                     = 122912730                              {pd product} {ergonomic}
    uintx ReservedCodeCacheSize                    = 251658240                              {pd product} {ergonomic}
     bool SegmentedCodeCache                       = true                                      {product} {ergonomic}
   size_t SoftMaxHeapSize                          = 1073741824                             {manageable} {ergonomic}
     bool UseCompressedOops                        = true                           {product lp64_product} {ergonomic}
     bool UseG1GC                                  = true                                      {product} {ergonomic}
     bool UseLargePagesIndividualAllocation        = false                                  {pd product} {ergonomic}

Logging:
Log output configuration:
 #0: stdout all=warning uptime,level,tags foldmultilines=false
 #1: stderr all=off uptime,level,tags foldmultilines=false

Release file:
JAVA_VERSION="21.0.9" 
MODULES="java.base java.compiler java.datatransfer java.xml java.prefs java.desktop java.instrument java.logging java.management java.security.sasl java.naming java.rmi java.management.rmi java.net.http java.scripting java.security.jgss java.transaction.xa java.sql java.sql.rowset java.xml.crypto java.se java.smartcardio jdk.accessibility jdk.internal.jvmstat jdk.attach jdk.charsets jdk.internal.opt jdk.zipfs jdk.compiler jdk.crypto.ec jdk.crypto.cryptoki jdk.dynalink jdk.hotspot.agent jdk.httpserver jdk.internal.ed jdk.internal.le jdk.internal.vm.ci jdk.jartool jdk.javadoc jdk.jcmd jdk.jdeps jdk.jdwp.agent jdk.jdi jdk.jfr jdk.jlink jdk.jsobject jdk.localedata jdk.management jdk.management.agent jdk.management.jfr jdk.naming.dns jdk.naming.rmi jdk.net jdk.sctp jdk.security.auth jdk.security.jgss jdk.unsupported jdk.unsupported.desktop jdk.xml.dom" 
IMPLEMENTOR="JetBrains s.r.o." 
JAVA_RUNTIME_VERSION="21.0.9+-14787801-b1163.94" 
LIBC="default" 
OS_ARCH="x86_64" 
OS_NAME="Windows" 
SOURCE=".:git:0c757ddc9f2f" 

Environment Variables:
JAVA_HOME=C:\Program Files\Android\Android Studio\jbr
CLASSPATH=C:\Users\Admin\Downloads\Auspoty\auspoty-flutter\android\\gradle\wrapper\gradle-wrapper.jar
PATH=C:\Program Files\Android\Android Studio\jbr\bin;C:\flutter\bin\;c:\Users\Admin\.trae\tools\trae-gopls\current;c:\Users\Admin\.trae\sdks\workspaces\1e5c2ad0\versions\node\current;c:\Users\Admin\.trae\sdks\versions\node\current;C:\Program Files\Microsoft\jdk-21.0.10.7-hotspot\bin;C:\Python314\Scripts\;C:\Python314\;C:\Program Files\Common Files\Oracle\Java\javapath;C:\Users\Admin\Downloads\apktool;C:\Program Files\Git\cmd;C:\Program Files\nodejs\;C:\ProgramData\chocolatey\bin;C:\Program Files\GitHub CLI\;C:\flutter\bin\;C:\Program Files\Common Files\Oracle\Java\javapath;C:\Users\Admin\Downloads\apktool;C:\Program Files\Git\cmd;C:\Users\Admin\.local\bin;C:\Users\Admin\AppData\Local\Microsoft\WindowsApps;C:\Users\Admin\AppData\Local\Python\bin;C:\flutter\bin;C:\Program Files\Git;C:\Program Files\Git\cmd;C:\Windows\System32;C:\Windows\System32\WindowsPowerShell\v1.0;C:\Users\Admin\AppData\Local\Programs\Microsoft VS Code\bin;C:\Users\Admin\AppData\Roaming\npm;C:\Users\Admin\AppData\Local\Programs\cursor\resources\app\bin;C:\Users\Admin\AppData\Local\Programs\Kiro\bin;C:\flutter\bin\mingit\cmd
USERNAME=Admin
LANG=en_US.UTF-8
OS=Windows_NT
PROCESSOR_IDENTIFIER=AMD64 Family 23 Model 24 Stepping 1, AuthenticAMD
TMP=C:\Users\Admin\AppData\Local\Temp
TEMP=C:\Users\Admin\AppData\Local\Temp




Periodic native trim disabled

JNI global refs:
JNI global refs: 26, weak refs: 0

JNI global refs memory usage: 835, weak refs: 833

Process memory usage:
Resident Set Size: 218632K (6% of 3605516K total physical memory with 340520K free physical memory)

OOME stack traces (most recent first):
Classloader memory used:
Loader org.gradle.internal.classloader.VisitableURLClassLoader                         : 37268K
Loader bootstrap                                                                       : 25687K
Loader org.gradle.initialization.MixInLegacyTypesClassLoader                           : 10921K
Loader org.gradle.internal.classloader.VisitableURLClassLoader$InstrumentingVisitableURLClassLoader: 3660K
Loader jdk.internal.loader.ClassLoaders$PlatformClassLoader                            : 502K
Loader jdk.internal.loader.ClassLoaders$AppClassLoader                                 : 235K
Loader jdk.internal.reflect.DelegatingClassLoader                                      : 80008B
Loader org.gradle.groovy.scripts.internal.DefaultScriptCompilationHandler$ScriptClassLoader: 50368B
Loader org.gradle.internal.classloader.VisitableURLClassLoader                         : 20952B
Loader org.codehaus.groovy.runtime.callsite.CallSiteClassLoader                        : 17224B

Classes loaded by more than one classloader:
Class org.gradle.internal.classloader.FilteringClassLoader                            : loaded 2 times (x 105B)
Class org.gradle.internal.classloader.ClassLoaderHierarchy                            : loaded 2 times (x 70B)
Class org.gradle.api.internal.classpath.ManifestUtil                                  : loaded 2 times (x 71B)
Class org.gradle.internal.classloader.DefaultClassLoaderFactory                       : loaded 2 times (x 82B)
Class org.gradle.internal.classloader.ClassLoaderVisitor                              : loaded 2 times (x 76B)
Class org.gradle.api.internal.classpath.EffectiveClassPath                            : loaded 2 times (x 90B)
Class org.gradle.api.internal.DefaultClassPathProvider                                : loaded 2 times (x 76B)
Class [Lorg.gradle.api.internal.ClassPathProvider;                                    : loaded 2 times (x 69B)
Class org.gradle.api.internal.ClassPathProvider                                       : loaded 2 times (x 70B)
Class org.gradle.internal.service.UnknownServiceException                             : loaded 2 times (x 83B)
Class org.gradle.internal.classpath.TransformedClassPath                              : loaded 2 times (x 96B)
Class org.gradle.internal.classloader.InstrumentingClassLoader                        : loaded 2 times (x 70B)
Class org.gradle.internal.service.ServiceLocator                                      : loaded 2 times (x 70B)
Class org.gradle.internal.InternalTransformer                                         : loaded 2 times (x 70B)
Class org.gradle.internal.classloader.ClasspathUtil$1                                 : loaded 2 times (x 76B)
Class org.gradle.api.internal.classpath.DefaultModuleRegistry$DefaultModule           : loaded 2 times (x 86B)
Class org.gradle.api.internal.classpath.Module                                        : loaded 2 times (x 70B)
Class org.gradle.api.internal.classpath.UnknownModuleException                        : loaded 2 times (x 82B)
Class org.gradle.api.internal.DefaultClassPathRegistry                                : loaded 2 times (x 76B)
Class org.gradle.api.internal.ClassPathRegistry                                       : loaded 2 times (x 70B)
Class org.gradle.internal.classpath.DefaultClassPath$ImmutableUniqueList              : loaded 2 times (x 199B)
Class Program                                                                         : loaded 2 times (x 74B)
Class org.gradle.internal.classpath.ClassPath                                         : loaded 2 times (x 70B)
Class org.gradle.api.UncheckedIOException                                             : loaded 2 times (x 82B)
Class org.gradle.internal.installation.GradleInstallation$1                           : loaded 2 times (x 75B)
Class org.gradle.api.internal.classpath.ModuleRegistry                                : loaded 2 times (x 70B)
Class org.gradle.api.internal.classpath.DefaultModuleRegistry                         : loaded 2 times (x 86B)
Class org.gradle.internal.service.ServiceLookupException                              : loaded 2 times (x 82B)
Class org.gradle.internal.classloader.ClassLoaderFactory                              : loaded 2 times (x 70B)
Class org.gradle.internal.service.CachingServiceLocator                               : loaded 2 times (x 82B)
Class org.gradle.internal.classloader.ClasspathUtil                                   : loaded 2 times (x 71B)
Class org.gradle.api.specs.Spec                                                       : loaded 2 times (x 70B)
Class org.gradle.internal.classloader.VisitableURLClassLoader$InstrumentingVisitableURLClassLoader: loaded 2 times (x 123B)
Class org.gradle.internal.classloader.VisitableURLClassLoader$Spec                    : loaded 2 times (x 74B)
Class org.gradle.internal.classpath.DefaultClassPath                                  : loaded 2 times (x 90B)
Class org.gradle.internal.classloader.ClassLoaderSpec                                 : loaded 2 times (x 71B)
Class org.gradle.internal.classloader.VisitableURLClassLoader                         : loaded 2 times (x 117B)
Class org.gradle.internal.Cast                                                        : loaded 2 times (x 71B)
Class org.gradle.api.Action                                                           : loaded 2 times (x 70B)
Class org.gradle.internal.classpath.DefaultClassPath$ImmutableUniqueList$Builder      : loaded 2 times (x 75B)
Class org.gradle.api.GradleException                                                  : loaded 2 times (x 82B)
Class org.gradle.internal.IoActions                                                   : loaded 2 times (x 71B)
Class org.gradle.internal.classloader.SystemClassLoaderSpec                           : loaded 2 times (x 71B)
Class org.gradle.api.internal.classpath.GlobalCacheRootsProvider                      : loaded 2 times (x 70B)
Class org.gradle.internal.installation.CurrentGradleInstallationLocator               : loaded 2 times (x 71B)
Class org.gradle.internal.service.DefaultServiceLocator                               : loaded 2 times (x 83B)
Class org.gradle.internal.installation.CurrentGradleInstallation                      : loaded 2 times (x 73B)
Class org.gradle.util.internal.GUtil                                                  : loaded 2 times (x 71B)
Class org.gradle.internal.installation.GradleInstallation                             : loaded 2 times (x 75B)

---------------  S Y S T E M  ---------------

OS:
 Windows 11 , 64 bit Build 26100 (10.0.26100.7920)
OS uptime: 0 days 0:16 hours

CPU: total 4 (initial active 4) (4 cores per cpu, 2 threads per core) family 23 model 24 stepping 1 microcode 0x8108109, cx8, cmov, fxsr, ht, mmx, 3dnowpref, sse, sse2, sse3, ssse3, sse4a, sse4.1, sse4.2, popcnt, lzcnt, tsc, tscinvbit, avx, avx2, aes, clmul, bmi1, bmi2, adx, sha, fma, vzeroupper, clflush, clflushopt, rdtscp, f16c
Processor Information for the first 4 processors :
  Max Mhz: 2600, Current Mhz: 2600, Mhz Limit: 2600

Memory: 4k page, system-wide physical 3521M (321M free)
TotalPageFile size 11713M (AvailPageFile size 0M)
current process WorkingSet (physical memory assigned to process): 215M, peak: 229M
current process commit charge ("private bytes"): 332M, peak: 341M

vm_info: OpenJDK 64-Bit Server VM (21.0.9+-14787801-b1163.94) for windows-amd64 JRE (21.0.9+-14787801-b1163.94), built on 2026-01-27T21:15:44Z by "builder" with MS VC++ 16.10 / 16.11 (VS2019)

END.
