#
# There is insufficient memory for the Java Runtime Environment to continue.
# Native memory allocation (malloc) failed to allocate 1047216 bytes. Error detail: Chunk::new
# Possible reasons:
#   The system is out of physical RAM or swap space
#   This process is running with CompressedOops enabled, and the Java Heap may be blocking the growth of the native heap
# Possible solutions:
#   Reduce memory load on the system
#   Increase physical memory or swap space
#   Check if swap backing store is full
#   Decrease Java heap size (-Xmx/-Xms)
#   Decrease number of Java threads
#   Decrease Java thread stack sizes (-Xss)
#   Set larger code cache with -XX:ReservedCodeCacheSize=
#   JVM is running with Unscaled Compressed Oops mode in which the Java heap is
#     placed in the first 4GB address space. The Java Heap base address is the
#     maximum limit for the native heap growth. Please use -XX:HeapBaseMinAddress
#     to set the Java Heap base and to place the Java Heap above 4GB virtual address.
# This output file may be truncated or incomplete.
#
#  Out of Memory Error (arena.cpp:168), pid=5668, tid=2192
#
# JRE version: OpenJDK Runtime Environment (21.0.9) (build 21.0.9+-14787801-b1163.94)
# Java VM: OpenJDK 64-Bit Server VM (21.0.9+-14787801-b1163.94, mixed mode, tiered, compressed oops, compressed class ptrs, g1 gc, windows-amd64)
# No core dump will be written. Minidumps are not enabled by default on client versions of Windows
#

---------------  S U M M A R Y ------------

Command Line: org.jetbrains.kotlin.cli.jvm.K2JVMCompiler @C:\Users\Admin\Downloads\Auspoty\auspoty-flutter\build\workmanager\20260411_10494019592585096806.compiler.options

Host: AMD Ryzen 3 3250U with Radeon Graphics         , 4 cores, 3G,  Windows 11 , 64 bit Build 26100 (10.0.26100.7920)
Time: Sat Apr 11 10:49:55 2026 SE Asia Standard Time elapsed time: 125.563688 seconds (0d 0h 2m 5s)

---------------  T H R E A D  ---------------

Current thread (0x0000021c1ec1e6b0):  JavaThread "C2 CompilerThread0" daemon [_thread_in_native, id=2192, stack(0x0000009809a00000,0x0000009809b00000) (1024K)]


Current CompileTask:
C2:125564 11042       4       java.lang.invoke.MethodType::makeImpl (109 bytes)

Stack: [0x0000009809a00000,0x0000009809b00000]
Native frames: (J=compiled Java code, j=interpreted, Vv=VM code, C=native code)
V  [jvm.dll+0x6d6c99]
V  [jvm.dll+0x866b83]
V  [jvm.dll+0x8691ae]
V  [jvm.dll+0x869893]
V  [jvm.dll+0x280776]
V  [jvm.dll+0xc07cd]
V  [jvm.dll+0xc0d03]
V  [jvm.dll+0x3b986b]
V  [jvm.dll+0x3856a7]
V  [jvm.dll+0x384b1a]
V  [jvm.dll+0x249462]
V  [jvm.dll+0x248a31]
V  [jvm.dll+0x1c7344]
V  [jvm.dll+0x2581ae]
V  [jvm.dll+0x2566f6]
V  [jvm.dll+0x3f48a6]
V  [jvm.dll+0x80f118]
V  [jvm.dll+0x6d54ed]
C  [ucrtbase.dll+0x37b0]
C  [KERNEL32.DLL+0x2e8d7]
C  [ntdll.dll+0x8c48c]


---------------  P R O C E S S  ---------------

Threads class SMR info:
_java_thread_list=0x0000021c1ed959d0, length=11, elements={
0x0000021c09393580, 0x0000021c1ebcb6b0, 0x0000021c1ebe1d00, 0x0000021c1ebe5af0,
0x0000021c1ec106d0, 0x0000021c1ec11130, 0x0000021c1ec14710, 0x0000021c1ec1d920,
0x0000021c1ec1e6b0, 0x0000021c1ec21be0, 0x0000021c1edb9570
}

Java Threads: ( => current thread )
  0x0000021c09393580 JavaThread "main"                              [_thread_in_vm, id=11136, stack(0x0000009808b00000,0x0000009808c00000) (1024K)]
  0x0000021c1ebcb6b0 JavaThread "Common-Cleaner"             daemon [_thread_blocked, id=11288, stack(0x0000009809300000,0x0000009809400000) (1024K)]
  0x0000021c1ebe1d00 JavaThread "Reference Handler"          daemon [_thread_blocked, id=8828, stack(0x0000009809400000,0x0000009809500000) (1024K)]
  0x0000021c1ebe5af0 JavaThread "Finalizer"                  daemon [_thread_blocked, id=5356, stack(0x0000009809500000,0x0000009809600000) (1024K)]
  0x0000021c1ec106d0 JavaThread "Signal Dispatcher"          daemon [_thread_blocked, id=12292, stack(0x0000009809600000,0x0000009809700000) (1024K)]
  0x0000021c1ec11130 JavaThread "Attach Listener"            daemon [_thread_blocked, id=10600, stack(0x0000009809700000,0x0000009809800000) (1024K)]
  0x0000021c1ec14710 JavaThread "Service Thread"             daemon [_thread_blocked, id=11412, stack(0x0000009809800000,0x0000009809900000) (1024K)]
  0x0000021c1ec1d920 JavaThread "Monitor Deflation Thread"   daemon [_thread_blocked, id=13252, stack(0x0000009809900000,0x0000009809a00000) (1024K)]
=>0x0000021c1ec1e6b0 JavaThread "C2 CompilerThread0"         daemon [_thread_in_native, id=2192, stack(0x0000009809a00000,0x0000009809b00000) (1024K)]
  0x0000021c1ec21be0 JavaThread "C1 CompilerThread0"         daemon [_thread_blocked, id=13216, stack(0x0000009809b00000,0x0000009809c00000) (1024K)]
  0x0000021c1edb9570 JavaThread "Notification Thread"        daemon [_thread_blocked, id=11052, stack(0x0000009809c00000,0x0000009809d00000) (1024K)]
Total: 11

Other Threads:
  0x0000021c1ea24e80 VMThread "VM Thread"                           [id=12552, stack(0x0000009809200000,0x0000009809300000) (1024K)]
  0x0000021c1e9bc540 WatcherThread "VM Periodic Task Thread"        [id=3596, stack(0x0000009809100000,0x0000009809200000) (1024K)]
  0x0000021c093c26b0 WorkerThread "GC Thread#0"                     [id=11868, stack(0x0000009808c00000,0x0000009808d00000) (1024K)]
  0x0000021c1ec9cd30 WorkerThread "GC Thread#1"                     [id=5400, stack(0x0000009809d00000,0x0000009809e00000) (1024K)]
  0x0000021c1ef6e760 WorkerThread "GC Thread#2"                     [id=8384, stack(0x0000009809e00000,0x0000009809f00000) (1024K)]
  0x0000021c1ef6eb00 WorkerThread "GC Thread#3"                     [id=13256, stack(0x0000009809f00000,0x000000980a000000) (1024K)]
  0x0000021c093ca370 ConcurrentGCThread "G1 Main Marker"            [id=11144, stack(0x0000009808d00000,0x0000009808e00000) (1024K)]
  0x0000021c093cad10 WorkerThread "G1 Conc#0"                       [id=10752, stack(0x0000009808e00000,0x0000009808f00000) (1024K)]
  0x0000021c093fe770 ConcurrentGCThread "G1 Refine#0"               [id=11028, stack(0x0000009808f00000,0x0000009809000000) (1024K)]
  0x0000021c1e892f90 ConcurrentGCThread "G1 Service"                [id=10888, stack(0x0000009809000000,0x0000009809100000) (1024K)]
Total: 10

Threads with active compile tasks:
C2 CompilerThread0  125701 11042       4       java.lang.invoke.MethodType::makeImpl (109 bytes)
Total: 1

VM state: not at safepoint (normal execution)

VM Mutex/Monitor currently owned by a thread: None

Heap address: 0x00000000c8e00000, size: 882 MB, Compressed Oops mode: 32-bit

CDS archive(s) not mapped
Compressed class space mapped at: 0x0000000100000000-0x0000000140000000, reserved size: 1073741824
Narrow klass base: 0x0000000000000000, Narrow klass shift: 3, Narrow klass range: 0x140000000

GC Precious Log:
 CardTable entry size: 512
 Card Set container configuration: InlinePtr #cards 5 size 8 Array Of Cards #cards 12 size 40 Howl #buckets 4 coarsen threshold 1843 Howl Bitmap #cards 512 size 80 coarsen threshold 460 Card regions per heap region 1 cards per card region 2048
 CPUs: 4 total, 4 available
 Memory: 3521M
 Large Page Support: Disabled
 NUMA Support: Disabled
 Compressed Oops: Enabled (32-bit)
 Heap Region Size: 1M
 Heap Min Capacity: 8M
 Heap Initial Capacity: 56M
 Heap Max Capacity: 882M
 Pre-touch: Disabled
 Parallel Workers: 4
 Concurrent Workers: 1
 Concurrent Refinement Workers: 4
 Periodic GC: Disabled

Heap:
 garbage-first heap   total 87040K, used 75305K [0x00000000c8e00000, 0x0000000100000000)
  region size 1024K, 26 young (26624K), 3 survivors (3072K)
 Metaspace       used 83634K, committed 83968K, reserved 1179648K
  class space    used 9004K, committed 9152K, reserved 1048576K

Heap Regions: E=young(eden), S=young(survivor), O=old, HS=humongous(starts), HC=humongous(continues), CS=collection set, F=free, TAMS=top-at-mark-start, PB=parsable bottom
|   0|0x00000000c8e00000, 0x00000000c8f00000, 0x00000000c8f00000|100%|HS|  |TAMS 0x00000000c8e00000| PB 0x00000000c8e00000| Complete 
|   1|0x00000000c8f00000, 0x00000000c9000000, 0x00000000c9000000|100%|HC|  |TAMS 0x00000000c8f00000| PB 0x00000000c8f00000| Complete 
|   2|0x00000000c9000000, 0x00000000c9100000, 0x00000000c9100000|100%|HC|  |TAMS 0x00000000c9000000| PB 0x00000000c9000000| Complete 
|   3|0x00000000c9100000, 0x00000000c9200000, 0x00000000c9200000|100%|HC|  |TAMS 0x00000000c9100000| PB 0x00000000c9100000| Complete 
|   4|0x00000000c9200000, 0x00000000c9300000, 0x00000000c9300000|100%| O|  |TAMS 0x00000000c9200000| PB 0x00000000c9200000| Untracked 
|   5|0x00000000c9300000, 0x00000000c9400000, 0x00000000c9400000|100%| O|  |TAMS 0x00000000c9300000| PB 0x00000000c9300000| Untracked 
|   6|0x00000000c9400000, 0x00000000c9500000, 0x00000000c9500000|100%| O|  |TAMS 0x00000000c9400000| PB 0x00000000c9400000| Untracked 
|   7|0x00000000c9500000, 0x00000000c9600000, 0x00000000c9600000|100%| O|  |TAMS 0x00000000c9500000| PB 0x00000000c9500000| Untracked 
|   8|0x00000000c9600000, 0x00000000c9700000, 0x00000000c9700000|100%| O|  |TAMS 0x00000000c9600000| PB 0x00000000c9600000| Untracked 
|   9|0x00000000c9700000, 0x00000000c9800000, 0x00000000c9800000|100%| O|  |TAMS 0x00000000c9700000| PB 0x00000000c9700000| Untracked 
|  10|0x00000000c9800000, 0x00000000c9900000, 0x00000000c9900000|100%| O|  |TAMS 0x00000000c9800000| PB 0x00000000c9800000| Untracked 
|  11|0x00000000c9900000, 0x00000000c9a00000, 0x00000000c9a00000|100%| O|  |TAMS 0x00000000c9900000| PB 0x00000000c9900000| Untracked 
|  12|0x00000000c9a00000, 0x00000000c9b00000, 0x00000000c9b00000|100%| O|  |TAMS 0x00000000c9a00000| PB 0x00000000c9a00000| Untracked 
|  13|0x00000000c9b00000, 0x00000000c9c00000, 0x00000000c9c00000|100%| O|  |TAMS 0x00000000c9b00000| PB 0x00000000c9b00000| Untracked 
|  14|0x00000000c9c00000, 0x00000000c9d00000, 0x00000000c9d00000|100%| O|  |TAMS 0x00000000c9c00000| PB 0x00000000c9c00000| Untracked 
|  15|0x00000000c9d00000, 0x00000000c9e00000, 0x00000000c9e00000|100%| O|  |TAMS 0x00000000c9d00000| PB 0x00000000c9d00000| Untracked 
|  16|0x00000000c9e00000, 0x00000000c9f00000, 0x00000000c9f00000|100%| O|  |TAMS 0x00000000c9e00000| PB 0x00000000c9e00000| Untracked 
|  17|0x00000000c9f00000, 0x00000000ca000000, 0x00000000ca000000|100%| O|  |TAMS 0x00000000c9f00000| PB 0x00000000c9f00000| Untracked 
|  18|0x00000000ca000000, 0x00000000ca100000, 0x00000000ca100000|100%| O|  |TAMS 0x00000000ca000000| PB 0x00000000ca000000| Untracked 
|  19|0x00000000ca100000, 0x00000000ca100000, 0x00000000ca200000|  0%| F|  |TAMS 0x00000000ca100000| PB 0x00000000ca100000| Untracked 
|  20|0x00000000ca200000, 0x00000000ca300000, 0x00000000ca300000|100%| O|  |TAMS 0x00000000ca200000| PB 0x00000000ca200000| Untracked 
|  21|0x00000000ca300000, 0x00000000ca400000, 0x00000000ca400000|100%| O|  |TAMS 0x00000000ca300000| PB 0x00000000ca300000| Untracked 
|  22|0x00000000ca400000, 0x00000000ca500000, 0x00000000ca500000|100%| O|  |TAMS 0x00000000ca400000| PB 0x00000000ca400000| Untracked 
|  23|0x00000000ca500000, 0x00000000ca600000, 0x00000000ca600000|100%| O|  |TAMS 0x00000000ca500000| PB 0x00000000ca500000| Untracked 
|  24|0x00000000ca600000, 0x00000000ca700000, 0x00000000ca700000|100%| O|  |TAMS 0x00000000ca600000| PB 0x00000000ca600000| Untracked 
|  25|0x00000000ca700000, 0x00000000ca800000, 0x00000000ca800000|100%| O|  |TAMS 0x00000000ca700000| PB 0x00000000ca700000| Untracked 
|  26|0x00000000ca800000, 0x00000000ca900000, 0x00000000ca900000|100%| O|  |TAMS 0x00000000ca800000| PB 0x00000000ca800000| Untracked 
|  27|0x00000000ca900000, 0x00000000caa00000, 0x00000000caa00000|100%| O|  |TAMS 0x00000000ca900000| PB 0x00000000ca900000| Untracked 
|  28|0x00000000caa00000, 0x00000000cab00000, 0x00000000cab00000|100%| O|  |TAMS 0x00000000caa00000| PB 0x00000000caa00000| Untracked 
|  29|0x00000000cab00000, 0x00000000cac00000, 0x00000000cac00000|100%| O|  |TAMS 0x00000000cab00000| PB 0x00000000cab00000| Untracked 
|  30|0x00000000cac00000, 0x00000000cad00000, 0x00000000cad00000|100%| O|  |TAMS 0x00000000cac00000| PB 0x00000000cac00000| Untracked 
|  31|0x00000000cad00000, 0x00000000cae00000, 0x00000000cae00000|100%| O|  |TAMS 0x00000000cad00000| PB 0x00000000cad00000| Untracked 
|  32|0x00000000cae00000, 0x00000000cae00000, 0x00000000caf00000|  0%| F|  |TAMS 0x00000000cae00000| PB 0x00000000cae00000| Untracked 
|  33|0x00000000caf00000, 0x00000000cb000000, 0x00000000cb000000|100%| O|  |TAMS 0x00000000caf00000| PB 0x00000000caf00000| Untracked 
|  34|0x00000000cb000000, 0x00000000cb100000, 0x00000000cb100000|100%| O|  |TAMS 0x00000000cb000000| PB 0x00000000cb000000| Untracked 
|  35|0x00000000cb100000, 0x00000000cb200000, 0x00000000cb200000|100%| O|  |TAMS 0x00000000cb100000| PB 0x00000000cb100000| Untracked 
|  36|0x00000000cb200000, 0x00000000cb300000, 0x00000000cb300000|100%| O|  |TAMS 0x00000000cb200000| PB 0x00000000cb200000| Untracked 
|  37|0x00000000cb300000, 0x00000000cb400000, 0x00000000cb400000|100%| O|  |TAMS 0x00000000cb300000| PB 0x00000000cb300000| Untracked 
|  38|0x00000000cb400000, 0x00000000cb500000, 0x00000000cb500000|100%| O|  |TAMS 0x00000000cb400000| PB 0x00000000cb400000| Untracked 
|  39|0x00000000cb500000, 0x00000000cb600000, 0x00000000cb600000|100%| O|  |TAMS 0x00000000cb500000| PB 0x00000000cb500000| Untracked 
|  40|0x00000000cb600000, 0x00000000cb700000, 0x00000000cb700000|100%| O|  |TAMS 0x00000000cb600000| PB 0x00000000cb600000| Untracked 
|  41|0x00000000cb700000, 0x00000000cb800000, 0x00000000cb800000|100%| O|  |TAMS 0x00000000cb700000| PB 0x00000000cb700000| Untracked 
|  42|0x00000000cb800000, 0x00000000cb900000, 0x00000000cb900000|100%| O|  |TAMS 0x00000000cb800000| PB 0x00000000cb800000| Untracked 
|  43|0x00000000cb900000, 0x00000000cba00000, 0x00000000cba00000|100%| O|  |TAMS 0x00000000cb900000| PB 0x00000000cb900000| Untracked 
|  44|0x00000000cba00000, 0x00000000cbb00000, 0x00000000cbb00000|100%| O|  |TAMS 0x00000000cba00000| PB 0x00000000cba00000| Untracked 
|  45|0x00000000cbb00000, 0x00000000cbc00000, 0x00000000cbc00000|100%| O|  |TAMS 0x00000000cbb00000| PB 0x00000000cbb00000| Untracked 
|  46|0x00000000cbc00000, 0x00000000cbc00000, 0x00000000cbd00000|  0%| F|  |TAMS 0x00000000cbc00000| PB 0x00000000cbc00000| Untracked 
|  47|0x00000000cbd00000, 0x00000000cbd00000, 0x00000000cbe00000|  0%| F|  |TAMS 0x00000000cbd00000| PB 0x00000000cbd00000| Untracked 
|  48|0x00000000cbe00000, 0x00000000cbe00000, 0x00000000cbf00000|  0%| F|  |TAMS 0x00000000cbe00000| PB 0x00000000cbe00000| Untracked 
|  49|0x00000000cbf00000, 0x00000000cbf00000, 0x00000000cc000000|  0%| F|  |TAMS 0x00000000cbf00000| PB 0x00000000cbf00000| Untracked 
|  50|0x00000000cc000000, 0x00000000cc000000, 0x00000000cc100000|  0%| F|  |TAMS 0x00000000cc000000| PB 0x00000000cc000000| Untracked 
|  51|0x00000000cc100000, 0x00000000cc18a6c0, 0x00000000cc200000| 54%| S|CS|TAMS 0x00000000cc100000| PB 0x00000000cc100000| Complete 
|  52|0x00000000cc200000, 0x00000000cc300000, 0x00000000cc300000|100%| S|CS|TAMS 0x00000000cc200000| PB 0x00000000cc200000| Complete 
|  53|0x00000000cc300000, 0x00000000cc400000, 0x00000000cc400000|100%| S|CS|TAMS 0x00000000cc300000| PB 0x00000000cc300000| Complete 
|  54|0x00000000cc400000, 0x00000000cc400000, 0x00000000cc500000|  0%| F|  |TAMS 0x00000000cc400000| PB 0x00000000cc400000| Untracked 
|  55|0x00000000cc500000, 0x00000000cc500000, 0x00000000cc600000|  0%| F|  |TAMS 0x00000000cc500000| PB 0x00000000cc500000| Untracked 
|  56|0x00000000cc600000, 0x00000000cc6f7b90, 0x00000000cc700000| 96%| E|  |TAMS 0x00000000cc600000| PB 0x00000000cc600000| Complete 
|  57|0x00000000cc700000, 0x00000000cc800000, 0x00000000cc800000|100%| E|CS|TAMS 0x00000000cc700000| PB 0x00000000cc700000| Complete 
|  58|0x00000000cc800000, 0x00000000cc900000, 0x00000000cc900000|100%| E|CS|TAMS 0x00000000cc800000| PB 0x00000000cc800000| Complete 
|  59|0x00000000cc900000, 0x00000000cca00000, 0x00000000cca00000|100%| E|CS|TAMS 0x00000000cc900000| PB 0x00000000cc900000| Complete 
|  60|0x00000000cca00000, 0x00000000ccb00000, 0x00000000ccb00000|100%| E|CS|TAMS 0x00000000cca00000| PB 0x00000000cca00000| Complete 
|  61|0x00000000ccb00000, 0x00000000ccc00000, 0x00000000ccc00000|100%| E|CS|TAMS 0x00000000ccb00000| PB 0x00000000ccb00000| Complete 
|  62|0x00000000ccc00000, 0x00000000ccd00000, 0x00000000ccd00000|100%| E|CS|TAMS 0x00000000ccc00000| PB 0x00000000ccc00000| Complete 
|  63|0x00000000ccd00000, 0x00000000cce00000, 0x00000000cce00000|100%| E|CS|TAMS 0x00000000ccd00000| PB 0x00000000ccd00000| Complete 
|  64|0x00000000cce00000, 0x00000000ccf00000, 0x00000000ccf00000|100%| E|CS|TAMS 0x00000000cce00000| PB 0x00000000cce00000| Complete 
|  65|0x00000000ccf00000, 0x00000000cd000000, 0x00000000cd000000|100%| E|  |TAMS 0x00000000ccf00000| PB 0x00000000ccf00000| Complete 
|  66|0x00000000cd000000, 0x00000000cd100000, 0x00000000cd100000|100%| E|CS|TAMS 0x00000000cd000000| PB 0x00000000cd000000| Complete 
|  67|0x00000000cd100000, 0x00000000cd200000, 0x00000000cd200000|100%| E|CS|TAMS 0x00000000cd100000| PB 0x00000000cd100000| Complete 
|  68|0x00000000cd200000, 0x00000000cd300000, 0x00000000cd300000|100%| E|CS|TAMS 0x00000000cd200000| PB 0x00000000cd200000| Complete 
|  69|0x00000000cd300000, 0x00000000cd400000, 0x00000000cd400000|100%| E|CS|TAMS 0x00000000cd300000| PB 0x00000000cd300000| Complete 
|  70|0x00000000cd400000, 0x00000000cd500000, 0x00000000cd500000|100%| E|CS|TAMS 0x00000000cd400000| PB 0x00000000cd400000| Complete 
|  71|0x00000000cd500000, 0x00000000cd600000, 0x00000000cd600000|100%| E|CS|TAMS 0x00000000cd500000| PB 0x00000000cd500000| Complete 
|  72|0x00000000cd600000, 0x00000000cd700000, 0x00000000cd700000|100%| E|CS|TAMS 0x00000000cd600000| PB 0x00000000cd600000| Complete 
|  73|0x00000000cd700000, 0x00000000cd800000, 0x00000000cd800000|100%| E|CS|TAMS 0x00000000cd700000| PB 0x00000000cd700000| Complete 
|  74|0x00000000cd800000, 0x00000000cd900000, 0x00000000cd900000|100%| E|CS|TAMS 0x00000000cd800000| PB 0x00000000cd800000| Complete 
|  75|0x00000000cd900000, 0x00000000cda00000, 0x00000000cda00000|100%| E|CS|TAMS 0x00000000cd900000| PB 0x00000000cd900000| Complete 
|  76|0x00000000cda00000, 0x00000000cdb00000, 0x00000000cdb00000|100%| E|CS|TAMS 0x00000000cda00000| PB 0x00000000cda00000| Complete 
|  77|0x00000000cdb00000, 0x00000000cdc00000, 0x00000000cdc00000|100%| E|CS|TAMS 0x00000000cdb00000| PB 0x00000000cdb00000| Complete 
| 875|0x00000000ff900000, 0x00000000ffa00000, 0x00000000ffa00000|100%| E|CS|TAMS 0x00000000ff900000| PB 0x00000000ff900000| Complete 
| 876|0x00000000ffa00000, 0x00000000ffb00000, 0x00000000ffb00000|100%| O|  |TAMS 0x00000000ffa00000| PB 0x00000000ffa00000| Untracked 
| 877|0x00000000ffb00000, 0x00000000ffc00000, 0x00000000ffc00000|100%| O|  |TAMS 0x00000000ffb00000| PB 0x00000000ffb00000| Untracked 
| 878|0x00000000ffc00000, 0x00000000ffd00000, 0x00000000ffd00000|100%| O|  |TAMS 0x00000000ffc00000| PB 0x00000000ffc00000| Untracked 
| 879|0x00000000ffd00000, 0x00000000ffe00000, 0x00000000ffe00000|100%| O|  |TAMS 0x00000000ffd00000| PB 0x00000000ffd00000| Untracked 
| 880|0x00000000ffe00000, 0x00000000fff00000, 0x00000000fff00000|100%| O|  |TAMS 0x00000000ffe00000| PB 0x00000000ffe00000| Untracked 
| 881|0x00000000fff00000, 0x0000000100000000, 0x0000000100000000|100%| O|  |TAMS 0x00000000fff00000| PB 0x00000000fff00000| Untracked 

Card table byte_map: [0x0000021c1b4a0000,0x0000021c1b660000] _byte_map_base: 0x0000021c1ae59000

Marking Bits: (CMBitMap*) 0x0000021c093c2c50
 Bits: [0x0000021c1b660000, 0x0000021c1c428000)

Polling page: 0x0000021c07310000

Metaspace:

Usage:
  Non-class:     72.88 MB used.
      Class:      8.79 MB used.
       Both:     81.67 MB used.

Virtual space:
  Non-class space:      128.00 MB reserved,      73.06 MB ( 57%) committed,  2 nodes.
      Class space:        1.00 GB reserved,       8.94 MB ( <1%) committed,  1 nodes.
             Both:        1.12 GB reserved,      82.00 MB (  7%) committed. 

Chunk freelists:
   Non-Class:  6.88 MB
       Class:  7.07 MB
        Both:  13.95 MB

MaxMetaspaceSize: unlimited
CompressedClassSpaceSize: 1.00 GB
Initial GC threshold: 21.00 MB
Current GC threshold: 111.88 MB
CDS: off
 - commit_granule_bytes: 65536.
 - commit_granule_words: 8192.
 - virtual_space_node_default_size: 8388608.
 - enlarge_chunks_in_place: 1.
 - use_allocation_guard: 0.


Internal statistics:

num_allocs_failed_limit: 6.
num_arena_births: 366.
num_arena_deaths: 0.
num_vsnodes_births: 3.
num_vsnodes_deaths: 0.
num_space_committed: 1311.
num_space_uncommitted: 0.
num_chunks_returned_to_freelist: 6.
num_chunks_taken_from_freelist: 2934.
num_chunk_merges: 6.
num_chunk_splits: 2494.
num_chunks_enlarged: 2300.
num_inconsistent_stats: 0.

CodeHeap 'non-profiled nmethods': size=120000Kb used=4452Kb max_used=4452Kb free=115547Kb
 bounds [0x0000021c13f70000, 0x0000021c143d0000, 0x0000021c1b4a0000]
CodeHeap 'profiled nmethods': size=120000Kb used=35287Kb max_used=35287Kb free=84712Kb
 bounds [0x0000021c0c4a0000, 0x0000021c0e720000, 0x0000021c139d0000]
CodeHeap 'non-nmethods': size=5760Kb used=1679Kb max_used=1684Kb free=4080Kb
 bounds [0x0000021c139d0000, 0x0000021c13c40000, 0x0000021c13f70000]
CodeCache: size=245760Kb, used=41418Kb, max_used=41423Kb, free=204339Kb
 total_blobs=11042, nmethods=10226, adapters=717, full_count=0
Compilation: enabled, stopped_count=0, restarted_count=0

Compilation events (20 events):
Event: 125.389 Thread 0x0000021c1ec21be0 nmethod 11034 0x0000021c0e6e6f10 code [0x0000021c0e6e72c0, 0x0000021c0e6e8b60]
Event: 125.389 Thread 0x0000021c1ec21be0 11033       3       org.jetbrains.org.objectweb.asm.tree.analysis.Frame::execute (2125 bytes)
Event: 125.397 Thread 0x0000021c1ec21be0 nmethod 11033 0x0000021c0e6e9590 code [0x0000021c0e6ea720, 0x0000021c0e6f5868]
Event: 125.397 Thread 0x0000021c1ec21be0 11032       3       org.jetbrains.kotlin.codegen.optimization.nullCheck.RedundantNullCheckMethodTransformerKt::isInstanceOfOrNullCheck (42 bytes)
Event: 125.398 Thread 0x0000021c1ec21be0 nmethod 11032 0x0000021c0e6f7a90 code [0x0000021c0e6f7cc0, 0x0000021c0e6f8478]
Event: 125.398 Thread 0x0000021c1ec21be0 11027       3       org.jetbrains.kotlin.codegen.inline.InlineCodegenUtilsKt::isAfterInlineMarker (15 bytes)
Event: 125.399 Thread 0x0000021c1ec21be0 nmethod 11027 0x0000021c0e6f8710 code [0x0000021c0e6f8940, 0x0000021c0e6f8ee0]
Event: 125.399 Thread 0x0000021c1ec21be0 11036       3       org.jetbrains.org.objectweb.asm.tree.analysis.Frame::getLocal (42 bytes)
Event: 125.399 Thread 0x0000021c1ec21be0 nmethod 11036 0x0000021c0e6f9110 code [0x0000021c0e6f9340, 0x0000021c0e6f9960]
Event: 125.399 Thread 0x0000021c1ec21be0 11035       3       org.jetbrains.kotlin.codegen.optimization.boxing.BoxingInterpreterKt::isPrimitiveBoxing (90 bytes)
Event: 125.401 Thread 0x0000021c1ec21be0 nmethod 11035 0x0000021c0e6f9c90 code [0x0000021c0e6f9fa0, 0x0000021c0e6fb030]
Event: 125.401 Thread 0x0000021c1ec21be0 11028       1       org.jetbrains.org.objectweb.asm.tree.analysis.Frame::getStackSize (5 bytes)
Event: 125.401 Thread 0x0000021c1ec21be0 nmethod 11028 0x0000021c143c8210 code [0x0000021c143c83a0, 0x0000021c143c8468]
Event: 125.416 Thread 0x0000021c1ec21be0 11041       3       java.lang.invoke.InvokerBytecodeGenerator::emitStoreInsn (21 bytes)
Event: 125.416 Thread 0x0000021c1ec21be0 nmethod 11041 0x0000021c0e6fb610 code [0x0000021c0e6fb7e0, 0x0000021c0e6fba30]
Event: 125.416 Thread 0x0000021c1ec1e6b0 11042       4       java.lang.invoke.MethodType::makeImpl (109 bytes)
Event: 125.520 Thread 0x0000021c1ec21be0 11044       3       org.jetbrains.kotlin.name.ClassId::asString (79 bytes)
Event: 125.521 Thread 0x0000021c1ec21be0 nmethod 11044 0x0000021c0e6fbb90 code [0x0000021c0e6fbe40, 0x0000021c0e6fc7f8]
Event: 125.521 Thread 0x0000021c1ec21be0 11045       3       org.jetbrains.kotlin.name.ClassId::asString$escapeSlashes (47 bytes)
Event: 125.521 Thread 0x0000021c1ec21be0 nmethod 11045 0x0000021c0e6fcc90 code [0x0000021c0e6fcee0, 0x0000021c0e6fd5d0]

GC Heap History (20 events):
Event: 58.411 GC heap before
{Heap before GC invocations=19 (full 0):
 garbage-first heap   total 60416K, used 49151K [0x00000000c8e00000, 0x0000000100000000)
  region size 1024K, 14 young (14336K), 1 survivors (1024K)
 Metaspace       used 53771K, committed 54080K, reserved 1114112K
  class space    used 6335K, committed 6464K, reserved 1048576K
}
Event: 58.424 GC heap after
{Heap after GC invocations=20 (full 0):
 garbage-first heap   total 60416K, used 38912K [0x00000000c8e00000, 0x0000000100000000)
  region size 1024K, 2 young (2048K), 2 survivors (2048K)
 Metaspace       used 53771K, committed 54080K, reserved 1114112K
  class space    used 6335K, committed 6464K, reserved 1048576K
}
Event: 62.300 GC heap before
{Heap before GC invocations=20 (full 0):
 garbage-first heap   total 60416K, used 51200K [0x00000000c8e00000, 0x0000000100000000)
  region size 1024K, 14 young (14336K), 2 survivors (2048K)
 Metaspace       used 54473K, committed 54720K, reserved 1114112K
  class space    used 6395K, committed 6528K, reserved 1048576K
}
Event: 62.317 GC heap after
{Heap after GC invocations=21 (full 0):
 garbage-first heap   total 60416K, used 41931K [0x00000000c8e00000, 0x0000000100000000)
  region size 1024K, 2 young (2048K), 2 survivors (2048K)
 Metaspace       used 54473K, committed 54720K, reserved 1114112K
  class space    used 6395K, committed 6528K, reserved 1048576K
}
Event: 67.888 GC heap before
{Heap before GC invocations=22 (full 0):
 garbage-first heap   total 68608K, used 50123K [0x00000000c8e00000, 0x0000000100000000)
  region size 1024K, 12 young (12288K), 2 survivors (2048K)
 Metaspace       used 55573K, committed 55872K, reserved 1114112K
  class space    used 6503K, committed 6592K, reserved 1048576K
}
Event: 67.902 GC heap after
{Heap after GC invocations=23 (full 0):
 garbage-first heap   total 68608K, used 42768K [0x00000000c8e00000, 0x0000000100000000)
  region size 1024K, 2 young (2048K), 2 survivors (2048K)
 Metaspace       used 55573K, committed 55872K, reserved 1114112K
  class space    used 6503K, committed 6592K, reserved 1048576K
}
Event: 73.894 GC heap before
{Heap before GC invocations=23 (full 0):
 garbage-first heap   total 68608K, used 56080K [0x00000000c8e00000, 0x0000000100000000)
  region size 1024K, 16 young (16384K), 2 survivors (2048K)
 Metaspace       used 56575K, committed 56832K, reserved 1114112K
  class space    used 6571K, committed 6656K, reserved 1048576K
}
Event: 73.911 GC heap after
{Heap after GC invocations=24 (full 0):
 garbage-first heap   total 68608K, used 45056K [0x00000000c8e00000, 0x0000000100000000)
  region size 1024K, 2 young (2048K), 2 survivors (2048K)
 Metaspace       used 56575K, committed 56832K, reserved 1114112K
  class space    used 6571K, committed 6656K, reserved 1048576K
}
Event: 78.374 GC heap before
{Heap before GC invocations=24 (full 0):
 garbage-first heap   total 68608K, used 58368K [0x00000000c8e00000, 0x0000000100000000)
  region size 1024K, 15 young (15360K), 2 survivors (2048K)
 Metaspace       used 57380K, committed 57664K, reserved 1114112K
  class space    used 6605K, committed 6720K, reserved 1048576K
}
Event: 78.388 GC heap after
{Heap after GC invocations=25 (full 0):
 garbage-first heap   total 68608K, used 46734K [0x00000000c8e00000, 0x0000000100000000)
  region size 1024K, 2 young (2048K), 2 survivors (2048K)
 Metaspace       used 57380K, committed 57664K, reserved 1114112K
  class space    used 6605K, committed 6720K, reserved 1048576K
}
Event: 82.566 GC heap before
{Heap before GC invocations=26 (full 0):
 garbage-first heap   total 80896K, used 57998K [0x00000000c8e00000, 0x0000000100000000)
  region size 1024K, 14 young (14336K), 2 survivors (2048K)
 Metaspace       used 59923K, committed 60224K, reserved 1114112K
  class space    used 6869K, committed 6976K, reserved 1048576K
}
Event: 82.575 GC heap after
{Heap after GC invocations=27 (full 0):
 garbage-first heap   total 80896K, used 48035K [0x00000000c8e00000, 0x0000000100000000)
  region size 1024K, 2 young (2048K), 2 survivors (2048K)
 Metaspace       used 59923K, committed 60224K, reserved 1114112K
  class space    used 6869K, committed 6976K, reserved 1048576K
}
Event: 98.007 GC heap before
{Heap before GC invocations=27 (full 0):
 garbage-first heap   total 80896K, used 68515K [0x00000000c8e00000, 0x0000000100000000)
  region size 1024K, 22 young (22528K), 2 survivors (2048K)
 Metaspace       used 63283K, committed 63552K, reserved 1114112K
  class space    used 7138K, committed 7296K, reserved 1048576K
}
Event: 98.020 GC heap after
{Heap after GC invocations=28 (full 0):
 garbage-first heap   total 80896K, used 49588K [0x00000000c8e00000, 0x0000000100000000)
  region size 1024K, 3 young (3072K), 3 survivors (3072K)
 Metaspace       used 63283K, committed 63552K, reserved 1114112K
  class space    used 7138K, committed 7296K, reserved 1048576K
}
Event: 102.779 GC heap before
{Heap before GC invocations=28 (full 0):
 garbage-first heap   total 80896K, used 69044K [0x00000000c8e00000, 0x0000000100000000)
  region size 1024K, 23 young (23552K), 3 survivors (3072K)
 Metaspace       used 68151K, committed 68480K, reserved 1114112K
  class space    used 7580K, committed 7744K, reserved 1048576K
}
Event: 102.804 GC heap after
{Heap after GC invocations=29 (full 0):
 garbage-first heap   total 80896K, used 51475K [0x00000000c8e00000, 0x0000000100000000)
  region size 1024K, 2 young (2048K), 2 survivors (2048K)
 Metaspace       used 68151K, committed 68480K, reserved 1114112K
  class space    used 7580K, committed 7744K, reserved 1048576K
}
Event: 107.519 GC heap before
{Heap before GC invocations=30 (full 0):
 garbage-first heap   total 87040K, used 69907K [0x00000000c8e00000, 0x0000000100000000)
  region size 1024K, 21 young (21504K), 2 survivors (2048K)
 Metaspace       used 72484K, committed 72832K, reserved 1114112K
  class space    used 7981K, committed 8128K, reserved 1048576K
}
Event: 107.535 GC heap after
{Heap after GC invocations=31 (full 0):
 garbage-first heap   total 87040K, used 52826K [0x00000000c8e00000, 0x0000000100000000)
  region size 1024K, 2 young (2048K), 2 survivors (2048K)
 Metaspace       used 72484K, committed 72832K, reserved 1114112K
  class space    used 7981K, committed 8128K, reserved 1048576K
}
Event: 118.326 GC heap before
{Heap before GC invocations=31 (full 0):
 garbage-first heap   total 87040K, used 75354K [0x00000000c8e00000, 0x0000000100000000)
  region size 1024K, 25 young (25600K), 2 survivors (2048K)
 Metaspace       used 77962K, committed 78272K, reserved 1179648K
  class space    used 8488K, committed 8640K, reserved 1048576K
}
Event: 118.366 GC heap after
{Heap after GC invocations=32 (full 0):
 garbage-first heap   total 87040K, used 53801K [0x00000000c8e00000, 0x0000000100000000)
  region size 1024K, 3 young (3072K), 3 survivors (3072K)
 Metaspace       used 77962K, committed 78272K, reserved 1179648K
  class space    used 8488K, committed 8640K, reserved 1048576K
}

Dll operation events (3 events):
Event: 0.029 Loaded shared library C:\Program Files\Android\Android Studio\jbr\bin\java.dll
Event: 0.090 Loaded shared library C:\Program Files\Android\Android Studio\jbr\bin\zip.dll
Event: 18.410 Loaded shared library C:\Program Files\Android\Android Studio\jbr\bin\verify.dll

Deoptimization events (20 events):
Event: 121.034 Thread 0x0000021c09393580 Uncommon trap: trap_request=0xffffffde fr.pc=0x0000021c1438faf0 relative=0x0000000000000270
Event: 121.034 Thread 0x0000021c09393580 Uncommon trap: reason=class_check action=maybe_recompile pc=0x0000021c1438faf0 method=org.jetbrains.kotlin.ir.symbols.FqNameEqualityChecker.getHashCode(Lorg/jetbrains/kotlin/ir/symbols/IrClassifierSymbol;)I @ 7 c2
Event: 121.034 Thread 0x0000021c09393580 DEOPT PACKING pc=0x0000021c1438faf0 sp=0x0000009808bfcde0
Event: 121.038 Thread 0x0000021c09393580 DEOPT UNPACKING pc=0x0000021c13a243a2 sp=0x0000009808bfcd38 mode 2
Event: 121.069 Thread 0x0000021c09393580 Uncommon trap: trap_request=0xffffffde fr.pc=0x0000021c1438fb68 relative=0x00000000000002e8
Event: 121.069 Thread 0x0000021c09393580 Uncommon trap: reason=class_check action=maybe_recompile pc=0x0000021c1438fb68 method=java.util.ArrayList.hashCodeRange(II)I @ 53 c2
Event: 121.069 Thread 0x0000021c09393580 DEOPT PACKING pc=0x0000021c1438fb68 sp=0x0000009808bfccb0
Event: 121.069 Thread 0x0000021c09393580 DEOPT UNPACKING pc=0x0000021c13a243a2 sp=0x0000009808bfcb58 mode 2
Event: 121.128 Thread 0x0000021c09393580 Uncommon trap: trap_request=0xffffffde fr.pc=0x0000021c1438fb68 relative=0x00000000000002e8
Event: 121.128 Thread 0x0000021c09393580 Uncommon trap: reason=class_check action=maybe_recompile pc=0x0000021c1438fb68 method=java.util.ArrayList.hashCodeRange(II)I @ 53 c2
Event: 121.128 Thread 0x0000021c09393580 DEOPT PACKING pc=0x0000021c1438fb68 sp=0x0000009808bfcc20
Event: 121.128 Thread 0x0000021c09393580 DEOPT UNPACKING pc=0x0000021c13a243a2 sp=0x0000009808bfcac8 mode 2
Event: 124.993 Thread 0x0000021c09393580 Uncommon trap: trap_request=0xffffff45 fr.pc=0x0000021c1422a5b0 relative=0x00000000000040d0
Event: 124.994 Thread 0x0000021c09393580 Uncommon trap: reason=unstable_if action=reinterpret pc=0x0000021c1422a5b0 method=org.jetbrains.org.objectweb.asm.ClassReader.readMethod(Lorg/jetbrains/org/objectweb/asm/ClassVisitor;Lorg/jetbrains/org/objectweb/asm/Context;I)I @ 151 c2
Event: 124.994 Thread 0x0000021c09393580 DEOPT PACKING pc=0x0000021c1422a5b0 sp=0x0000009808bfacc0
Event: 124.994 Thread 0x0000021c09393580 DEOPT UNPACKING pc=0x0000021c13a243a2 sp=0x0000009808bfac88 mode 2
Event: 125.546 Thread 0x0000021c09393580 Uncommon trap: trap_request=0xffffff45 fr.pc=0x0000021c14040928 relative=0x0000000000000568
Event: 125.546 Thread 0x0000021c09393580 Uncommon trap: reason=unstable_if action=reinterpret pc=0x0000021c14040928 method=java.util.ArrayList.grow(I)[Ljava/lang/Object; @ 17 c2
Event: 125.546 Thread 0x0000021c09393580 DEOPT PACKING pc=0x0000021c14040928 sp=0x0000009808bfbff0
Event: 125.546 Thread 0x0000021c09393580 DEOPT UNPACKING pc=0x0000021c13a243a2 sp=0x0000009808bfbfa8 mode 2

Classes loaded (20 events):
Event: 122.885 Loading class java/util/function/ToIntFunction
Event: 122.886 Loading class java/util/function/ToIntFunction done
Event: 123.835 Loading class java/util/Vector$Itr
Event: 123.836 Loading class java/util/Vector$Itr done
Event: 124.901 Loading class java/util/Formatter
Event: 124.901 Loading class java/util/Formatter done
Event: 124.903 Loading class java/util/Formatter$FixedString
Event: 124.903 Loading class java/util/Formatter$FormatString
Event: 124.903 Loading class java/util/Formatter$FormatString done
Event: 124.903 Loading class java/util/Formatter$FixedString done
Event: 124.903 Loading class java/util/Formatter$Conversion
Event: 124.903 Loading class java/util/Formatter$Conversion done
Event: 124.903 Loading class java/util/Formatter$FormatSpecifier
Event: 124.905 Loading class java/util/Formatter$FormatSpecifier done
Event: 124.906 Loading class java/util/Formattable
Event: 124.906 Loading class java/util/Formattable done
Event: 124.906 Loading class java/util/Formatter$Flags
Event: 124.906 Loading class java/util/Formatter$Flags done
Event: 124.947 Loading class java/util/regex/Pattern$Dollar
Event: 124.948 Loading class java/util/regex/Pattern$Dollar done

Classes unloaded (0 events):
No events

Classes redefined (0 events):
No events

Internal exceptions (20 events):
Event: 92.779 Thread 0x0000021c09393580 Exception <a 'java/lang/NoSuchMethodError'{0x00000000ccd7a8f8}: 'java.lang.Object java.lang.invoke.DirectMethodHandle$Holder.invokeSpecial(java.lang.Object, java.lang.Object, java.lang.Object, int, java.lang.Object, java.lang.Object, java.lang.Object)'> (0x00000000ccd7a8f8) 
thrown [s\src\hotspot\share\interpreter\linkResolver.cpp, line 784]
Event: 92.779 Thread 0x0000021c09393580 Exception <a 'java/lang/NoSuchMethodError'{0x00000000ccd7df70}: 'java.lang.Object java.lang.invoke.Invokers$Holder.linkToTargetMethod(java.lang.Object, int, java.lang.Object, java.lang.Object, java.lang.Object, java.lang.Object)'> (0x00000000ccd7df70) 
thrown [s\src\hotspot\share\interpreter\linkResolver.cpp, line 784]
Event: 97.999 Thread 0x0000021c09393580 Implicit null exception at 0x0000021c13fafd20 to 0x0000021c13fb03ac
Event: 98.001 Thread 0x0000021c09393580 Implicit null exception at 0x0000021c13facf20 to 0x0000021c13fad59c
Event: 99.537 Thread 0x0000021c09393580 Exception <a 'java/lang/NoSuchMethodError'{0x00000000ccb66c58}: 'java.lang.Object java.lang.invoke.DirectMethodHandle$Holder.newInvokeSpecial(java.lang.Object, java.lang.Object, java.lang.Object, java.lang.Object, java.lang.Object, java.lang.Object, java.lang.Object, java.lang.Object, int)'> (0x00000000ccb66c58) 
thrown [s\src\hotspot\share\interpreter\linkResolver.cpp, line 784]
Event: 99.541 Thread 0x0000021c09393580 Exception <a 'java/lang/NoSuchMethodError'{0x00000000ccb6b9c0}: 'java.lang.Object java.lang.invoke.DirectMethodHandle$Holder.invokeSpecial(java.lang.Object, java.lang.Object, java.lang.Object, java.lang.Object, java.lang.Object, java.lang.Object, java.lang.Object, java.lang.Object, java.lang.Object, int)'> (0x00000000ccb6b9c0) 
thrown [s\src\hotspot\share\interpreter\linkResolver.cpp, line 784]
Event: 101.485 Thread 0x0000021c09393580 Exception <a 'java/lang/NoSuchMethodError'{0x00000000cc7ba990}: 'java.lang.Object java.lang.invoke.DirectMethodHandle$Holder.newInvokeSpecial(java.lang.Object, java.lang.Object, java.lang.Object, java.lang.Object, java.lang.Object, java.lang.Object, java.lang.Object, int)'> (0x00000000cc7ba990) 
thrown [s\src\hotspot\share\interpreter\linkResolver.cpp, line 784]
Event: 101.495 Thread 0x0000021c09393580 Exception <a 'java/lang/NoSuchMethodError'{0x00000000cc7bf2b0}: 'java.lang.Object java.lang.invoke.DirectMethodHandle$Holder.invokeSpecial(java.lang.Object, java.lang.Object, java.lang.Object, java.lang.Object, java.lang.Object, java.lang.Object, java.lang.Object, java.lang.Object, int)'> (0x00000000cc7bf2b0) 
thrown [s\src\hotspot\share\interpreter\linkResolver.cpp, line 784]
Event: 107.721 Thread 0x0000021c09393580 Exception <a 'java/lang/NoSuchMethodError'{0x00000000ff971530}: 'java.lang.Object java.lang.invoke.DirectMethodHandle$Holder.newInvokeSpecial(java.lang.Object, int, java.lang.Object, int)'> (0x00000000ff971530) 
thrown [s\src\hotspot\share\interpreter\linkResolver.cpp, line 784]
Event: 107.723 Thread 0x0000021c09393580 Exception <a 'java/lang/NoSuchMethodError'{0x00000000ff975280}: 'java.lang.Object java.lang.invoke.DirectMethodHandle$Holder.invokeSpecial(java.lang.Object, java.lang.Object, int, java.lang.Object, int)'> (0x00000000ff975280) 
thrown [s\src\hotspot\share\interpreter\linkResolver.cpp, line 784]
Event: 111.772 Thread 0x0000021c09393580 Exception <a 'java/lang/NoSuchMethodError'{0x00000000cd6ea760}: 'java.lang.Object java.lang.invoke.DirectMethodHandle$Holder.newInvokeSpecial(java.lang.Object, java.lang.Object, java.lang.Object, int, int, java.lang.Object)'> (0x00000000cd6ea760) 
thrown [s\src\hotspot\share\interpreter\linkResolver.cpp, line 784]
Event: 113.835 Thread 0x0000021c09393580 Exception <a 'java/lang/NoSuchMethodError'{0x00000000ccd9e618}: 'java.lang.Object java.lang.invoke.DirectMethodHandle$Holder.invokeStatic(java.lang.Object, java.lang.Object, int, java.lang.Object)'> (0x00000000ccd9e618) 
thrown [s\src\hotspot\share\interpreter\linkResolver.cpp, line 784]
Event: 123.546 Thread 0x0000021c09393580 Exception <a 'java/lang/NoSuchMethodError'{0x00000000cd007758}: 'java.lang.Object java.lang.invoke.DirectMethodHandle$Holder.invokeStatic(java.lang.Object, java.lang.Object, int, int)'> (0x00000000cd007758) 
thrown [s\src\hotspot\share\interpreter\linkResolver.cpp, line 784]
Event: 123.585 Thread 0x0000021c09393580 Exception <a 'java/lang/NoSuchMethodError'{0x00000000cd0660e8}: 'java.lang.Object java.lang.invoke.DirectMethodHandle$Holder.invokeStatic(java.lang.Object, int, int)'> (0x00000000cd0660e8) 
thrown [s\src\hotspot\share\interpreter\linkResolver.cpp, line 784]
Event: 124.846 Thread 0x0000021c09393580 Exception <a 'java/lang/NoSuchMethodError'{0x00000000ccb5d868}: 'java.lang.Object java.lang.invoke.DirectMethodHandle$Holder.newInvokeSpecial(java.lang.Object, java.lang.Object, java.lang.Object, java.lang.Object, int, java.lang.Object)'> (0x00000000ccb5d868) 
thrown [s\src\hotspot\share\interpreter\linkResolver.cpp, line 784]
Event: 124.847 Thread 0x0000021c09393580 Exception <a 'java/lang/NoSuchMethodError'{0x00000000ccb65640}: 'java.lang.Object java.lang.invoke.Invokers$Holder.linkToTargetMethod(java.lang.Object, java.lang.Object, java.lang.Object, int, java.lang.Object, java.lang.Object)'> (0x00000000ccb65640) 
thrown [s\src\hotspot\share\interpreter\linkResolver.cpp, line 784]
Event: 125.414 Thread 0x0000021c09393580 Exception <a 'java/lang/NoSuchMethodError'{0x00000000cc7cded8}: 'java.lang.Object java.lang.invoke.DirectMethodHandle$Holder.invokeStatic(java.lang.Object, java.lang.Object, java.lang.Object, java.lang.Object, java.lang.Object, int, java.lang.Object, java.lang.Object)'> (0x00000000cc7cded8) 
thrown [s\src\hotspot\share\interpreter\linkResolver.cpp, line 784]
Event: 125.415 Thread 0x0000021c09393580 Exception <a 'java/lang/NoSuchMethodError'{0x00000000cc7d6e40}: 'java.lang.Object java.lang.invoke.DirectMethodHandle$Holder.newInvokeSpecial(java.lang.Object, java.lang.Object, java.lang.Object, java.lang.Object, java.lang.Object, int, java.lang.Object)'> (0x00000000cc7d6e40) 
thrown [s\src\hotspot\share\interpreter\linkResolver.cpp, line 784]
Event: 125.416 Thread 0x0000021c09393580 Exception <a 'java/lang/NoSuchMethodError'{0x00000000cc7db310}: 'java.lang.Object java.lang.invoke.DirectMethodHandle$Holder.invokeSpecial(java.lang.Object, java.lang.Object, java.lang.Object, java.lang.Object, java.lang.Object, java.lang.Object, int, java.lang.Object)'> (0x00000000cc7db310) 
thrown [s\src\hotspot\share\interpreter\linkResolver.cpp, line 784]
Event: 125.416 Thread 0x0000021c09393580 Exception <a 'java/lang/NoSuchMethodError'{0x00000000cc7df120}: 'java.lang.Object java.lang.invoke.Invokers$Holder.linkToTargetMethod(java.lang.Object, java.lang.Object, java.lang.Object, java.lang.Object, int, java.lang.Object, java.lang.Object)'> (0x00000000cc7df120) 
thrown [s\src\hotspot\share\interpreter\linkResolver.cpp, line 784]

ZGC Phase Switch (0 events):
No events

VM Operations (20 events):
Event: 122.515 Executing VM operation: HandshakeAllThreads (Deoptimize)
Event: 122.515 Executing VM operation: HandshakeAllThreads (Deoptimize) done
Event: 123.357 Executing VM operation: HandshakeAllThreads (Deoptimize)
Event: 123.357 Executing VM operation: HandshakeAllThreads (Deoptimize) done
Event: 123.357 Executing VM operation: Cleanup
Event: 123.357 Executing VM operation: Cleanup done
Event: 123.721 Executing VM operation: HandshakeAllThreads (Deoptimize)
Event: 123.721 Executing VM operation: HandshakeAllThreads (Deoptimize) done
Event: 124.453 Executing VM operation: HandshakeAllThreads (Deoptimize)
Event: 124.453 Executing VM operation: HandshakeAllThreads (Deoptimize) done
Event: 124.453 Executing VM operation: Cleanup
Event: 124.453 Executing VM operation: Cleanup done
Event: 124.835 Executing VM operation: HandshakeAllThreads (Deoptimize)
Event: 124.835 Executing VM operation: HandshakeAllThreads (Deoptimize) done
Event: 125.370 Executing VM operation: HandshakeAllThreads (Deoptimize)
Event: 125.370 Executing VM operation: HandshakeAllThreads (Deoptimize) done
Event: 125.382 Executing VM operation: HandshakeAllThreads (Deoptimize)
Event: 125.382 Executing VM operation: HandshakeAllThreads (Deoptimize) done
Event: 125.410 Executing VM operation: HandshakeAllThreads (Deoptimize)
Event: 125.410 Executing VM operation: HandshakeAllThreads (Deoptimize) done

Memory protections (0 events):
No events

Nmethod flushes (20 events):
Event: 103.033 Thread 0x0000021c1ea24e80 flushing  nmethod 0x0000021c0cc1a210
Event: 103.033 Thread 0x0000021c1ea24e80 flushing  nmethod 0x0000021c0cc1a590
Event: 103.033 Thread 0x0000021c1ea24e80 flushing  nmethod 0x0000021c0cc1c910
Event: 103.033 Thread 0x0000021c1ea24e80 flushing  nmethod 0x0000021c0cc21b90
Event: 103.033 Thread 0x0000021c1ea24e80 flushing  nmethod 0x0000021c0cc22a10
Event: 103.033 Thread 0x0000021c1ea24e80 flushing  nmethod 0x0000021c0cc26e10
Event: 103.033 Thread 0x0000021c1ea24e80 flushing  nmethod 0x0000021c0cc28110
Event: 103.033 Thread 0x0000021c1ea24e80 flushing  nmethod 0x0000021c0cc30f10
Event: 103.033 Thread 0x0000021c1ea24e80 flushing  nmethod 0x0000021c0cc31990
Event: 103.033 Thread 0x0000021c1ea24e80 flushing  nmethod 0x0000021c0cc3c090
Event: 103.033 Thread 0x0000021c1ea24e80 flushing  nmethod 0x0000021c0cc3f010
Event: 103.033 Thread 0x0000021c1ea24e80 flushing  nmethod 0x0000021c0cc3fd90
Event: 103.033 Thread 0x0000021c1ea24e80 flushing  nmethod 0x0000021c0cc44f10
Event: 103.033 Thread 0x0000021c1ea24e80 flushing  nmethod 0x0000021c0cd50b90
Event: 103.033 Thread 0x0000021c1ea24e80 flushing  nmethod 0x0000021c0cdefd10
Event: 103.033 Thread 0x0000021c1ea24e80 flushing  nmethod 0x0000021c0cdf7810
Event: 103.033 Thread 0x0000021c1ea24e80 flushing  nmethod 0x0000021c0cdf9e10
Event: 103.033 Thread 0x0000021c1ea24e80 flushing  nmethod 0x0000021c0cdfa410
Event: 103.033 Thread 0x0000021c1ea24e80 flushing  nmethod 0x0000021c0d28e410
Event: 103.033 Thread 0x0000021c1ea24e80 flushing  nmethod 0x0000021c0d290210

Events (15 events):
Event: 0.056 Thread 0x0000021c09393580 Thread added: 0x0000021c09393580
Event: 0.277 Thread 0x0000021c09393580 Thread added: 0x0000021c1ebcb6b0
Event: 0.288 Thread 0x0000021c09393580 Thread added: 0x0000021c1ebe1d00
Event: 0.288 Thread 0x0000021c09393580 Thread added: 0x0000021c1ebe5af0
Event: 0.290 Thread 0x0000021c09393580 Thread added: 0x0000021c1ec106d0
Event: 0.290 Thread 0x0000021c09393580 Thread added: 0x0000021c1ec11130
Event: 0.290 Thread 0x0000021c09393580 Thread added: 0x0000021c1ec14710
Event: 0.290 Thread 0x0000021c09393580 Thread added: 0x0000021c1ec1d920
Event: 0.290 Thread 0x0000021c09393580 Thread added: 0x0000021c1ec1e6b0
Event: 0.290 Thread 0x0000021c09393580 Thread added: 0x0000021c1ec21be0
Event: 0.396 Thread 0x0000021c09393580 Thread added: 0x0000021c1edb9570
Event: 0.451 Loaded shared library C:\Program Files\Android\Android Studio\jbr\bin\net.dll
Event: 0.460 Loaded shared library C:\Program Files\Android\Android Studio\jbr\bin\nio.dll
Event: 0.700 Loaded shared library C:\Program Files\Android\Android Studio\jbr\bin\zip.dll
Event: 0.809 Loaded shared library C:\Program Files\Android\Android Studio\jbr\bin\jimage.dll


Dynamic libraries:
0x00007ff601d30000 - 0x00007ff601d3a000 	C:\Program Files\Android\Android Studio\jbr\bin\java.exe
0x00007ffbec280000 - 0x00007ffbec4e7000 	C:\Windows\SYSTEM32\ntdll.dll
0x00007ffbeb9c0000 - 0x00007ffbeba89000 	C:\Windows\System32\KERNEL32.DLL
0x00007ffbe8b60000 - 0x00007ffbe8f51000 	C:\Windows\System32\KERNELBASE.dll
0x00007ffbc1540000 - 0x00007ffbc15ee000 	c:\Users\Admin\AppData\Local\Programs\Trae\resources\app\modules\sandbox\x64\trae_sbox.dll
0x00007ffbec0c0000 - 0x00007ffbec17b000 	C:\Windows\System32\ADVAPI32.dll
0x00007ffbea750000 - 0x00007ffbea7f9000 	C:\Windows\System32\msvcrt.dll
0x00007ffbebeb0000 - 0x00007ffbebf57000 	C:\Windows\System32\sechost.dll
0x00007ffbebc90000 - 0x00007ffbebda8000 	C:\Windows\System32\RPCRT4.dll
0x00007ffbe9360000 - 0x00007ffbe94ab000 	C:\Windows\System32\ucrtbase.dll
0x00007ffb90c40000 - 0x00007ffb90c58000 	C:\Program Files\Android\Android Studio\jbr\bin\jli.dll
0x00007ffbeb680000 - 0x00007ffbeb845000 	C:\Windows\System32\USER32.dll
0x00007ffbe9ff0000 - 0x00007ffbea017000 	C:\Windows\System32\win32u.dll
0x00007ffbea200000 - 0x00007ffbea22b000 	C:\Windows\System32\GDI32.dll
0x00007ffbe9010000 - 0x00007ffbe913a000 	C:\Windows\System32\gdi32full.dll
0x00007ffbe8f60000 - 0x00007ffbe9003000 	C:\Windows\System32\msvcp_win.dll
0x00007ffb89d00000 - 0x00007ffb89d1b000 	C:\Program Files\Android\Android Studio\jbr\bin\VCRUNTIME140.dll
0x00007ffbd8470000 - 0x00007ffbd8703000 	C:\Windows\WinSxS\amd64_microsoft.windows.common-controls_6595b64144ccf1df_6.0.26100.7922_none_3e089e1ee3342171\COMCTL32.dll
0x00007ffbc8c10000 - 0x00007ffbc8c9f000 	c:\Users\Admin\AppData\Local\Programs\Trae\resources\app\modules\sandbox\x64\sbox_ipc.dll
0x00007ffbec180000 - 0x00007ffbec1b1000 	C:\Windows\System32\IMM32.DLL
0x00007ffbddda0000 - 0x00007ffbddfe2000 	C:\Windows\SYSTEM32\dbghelp.dll
0x00007ffbea800000 - 0x00007ffbeab82000 	C:\Windows\System32\combase.dll
0x00007ffbeb420000 - 0x00007ffbeb4f7000 	C:\Windows\System32\OLEAUT32.dll
0x00007ffbd09e0000 - 0x00007ffbd0a1b000 	C:\Windows\SYSTEM32\dbgcore.DLL
0x00007ffb889a0000 - 0x00007ffb889ac000 	C:\Program Files\Android\Android Studio\jbr\bin\vcruntime140_1.dll
0x00007ffb79b40000 - 0x00007ffb79bcd000 	C:\Program Files\Android\Android Studio\jbr\bin\msvcp140.dll
0x00007ffb78ea0000 - 0x00007ffb79b36000 	C:\Program Files\Android\Android Studio\jbr\bin\server\jvm.dll
0x00007ffbeb600000 - 0x00007ffbeb674000 	C:\Windows\System32\WS2_32.dll
0x00007ffbe89c0000 - 0x00007ffbe8a1e000 	C:\Windows\SYSTEM32\POWRPROF.dll
0x00007ffbe3230000 - 0x00007ffbe3265000 	C:\Windows\SYSTEM32\WINMM.dll
0x00007ffbe3220000 - 0x00007ffbe322b000 	C:\Windows\SYSTEM32\VERSION.dll
0x00007ffbe89a0000 - 0x00007ffbe89b4000 	C:\Windows\SYSTEM32\UMPDC.dll
0x00007ffbe78f0000 - 0x00007ffbe790b000 	C:\Windows\SYSTEM32\kernel.appcore.dll
0x00007ffb88990000 - 0x00007ffb8899a000 	C:\Program Files\Android\Android Studio\jbr\bin\jimage.dll
0x00007ffbe9140000 - 0x00007ffbe91e5000 	C:\Windows\System32\bcryptPrimitives.dll
0x00007ffb879b0000 - 0x00007ffb879d0000 	C:\Program Files\Android\Android Studio\jbr\bin\java.dll
0x00007ffb87990000 - 0x00007ffb879a8000 	C:\Program Files\Android\Android Studio\jbr\bin\zip.dll
0x00007ffbeabf0000 - 0x00007ffbeb34f000 	C:\Windows\System32\SHELL32.dll
0x00007ffbe91f0000 - 0x00007ffbe935a000 	C:\Windows\System32\wintypes.dll
0x00007ffbe9780000 - 0x00007ffbe9fe4000 	C:\Windows\System32\windows.storage.dll
0x00007ffbeb8c0000 - 0x00007ffbeb9b7000 	C:\Windows\System32\SHCORE.dll
0x00007ffbeb850000 - 0x00007ffbeb8b7000 	C:\Windows\System32\shlwapi.dll
0x00007ffbe8a80000 - 0x00007ffbe8aa9000 	C:\Windows\SYSTEM32\profapi.dll
0x00007ffb88980000 - 0x00007ffb88990000 	C:\Program Files\Android\Android Studio\jbr\bin\net.dll
0x00007ffbdeb50000 - 0x00007ffbdec77000 	C:\Windows\SYSTEM32\WINHTTP.dll
0x00007ffbe7e60000 - 0x00007ffbe7ecb000 	C:\Windows\system32\mswsock.dll
0x00007ffb7a900000 - 0x00007ffb7a916000 	C:\Program Files\Android\Android Studio\jbr\bin\nio.dll
0x00007ffb7a8f0000 - 0x00007ffb7a900000 	C:\Program Files\Android\Android Studio\jbr\bin\verify.dll

JVMTI agents: none

dbghelp: loaded successfully - version: 4.0.5 - missing functions: none
symbol engine: initialized successfully - sym options: 0x614 - pdb path: .;C:\Program Files\Android\Android Studio\jbr\bin;C:\Windows\SYSTEM32;c:\Users\Admin\AppData\Local\Programs\Trae\resources\app\modules\sandbox\x64;C:\Windows\WinSxS\amd64_microsoft.windows.common-controls_6595b64144ccf1df_6.0.26100.7922_none_3e089e1ee3342171;C:\Program Files\Android\Android Studio\jbr\bin\server

VM Arguments:
java_command: org.jetbrains.kotlin.cli.jvm.K2JVMCompiler @C:\Users\Admin\Downloads\Auspoty\auspoty-flutter\build\workmanager\20260411_10494019592585096806.compiler.options
java_class_path (initial): C:\Users\Admin\.gradle\caches\modules-2\files-2.1\org.jetbrains.kotlin\kotlin-compiler-embeddable\2.1.0\988bf980588bbbcfa1ba19c1ffd7aa869b335a31\kotlin-compiler-embeddable-2.1.0.jar;C:\Users\Admin\.gradle\caches\modules-2\files-2.1\org.jetbrains.kotlin\kotlin-stdlib\2.1.0\85f8b81009cda5890e54ba67d64b5e599c645020\kotlin-stdlib-2.1.0.jar;C:\Users\Admin\.gradle\caches\modules-2\files-2.1\org.jetbrains.kotlin\kotlin-script-runtime\2.1.0\5909da8c57b75a117714ab0e348c86101b7a3284\kotlin-script-runtime-2.1.0.jar;C:\Users\Admin\.gradle\caches\modules-2\files-2.1\org.jetbrains.kotlin\kotlin-reflect\1.6.10\1cbe9c92c12a94eea200d23c2bbaedaf3daf5132\kotlin-reflect-1.6.10.jar;C:\Users\Admin\.gradle\caches\modules-2\files-2.1\org.jetbrains.kotlin\kotlin-daemon-embeddable\2.1.0\420bae1908e4a353f5b56c3c850d24d86367b25d\kotlin-daemon-embeddable-2.1.0.jar;C:\Users\Admin\.gradle\caches\modules-2\files-2.1\org.jetbrains.intellij.deps\trove4j\1.0.20200330\3afb14d5f9ceb459d724e907a21145e8ff394f02\trove4j-1.0.20200330.jar;C:\Users\Admin\.gradle\caches\modules-2\files-2.1\org.jetbrains.kotlinx\kotlinx-coroutines-core-jvm\1.6.4\2c997cd1c0ef33f3e751d3831929aeff1390cb30\kotlinx-coroutines-core-jvm-1.6.4.jar;C:\Users\Admin\.gradle\caches\modules-2\files-2.1\org.jetbrains\annotations\13.0\919f0dfe192fb4e063e7dacadee7f8bb9a2672a9\annotations-13.0.jar
Launcher Type: SUN_STANDARD

[Global flags]
     intx CICompilerCount                          = 3                                         {product} {ergonomic}
     uint ConcGCThreads                            = 1                                         {product} {ergonomic}
     uint G1ConcRefinementThreads                  = 4                                         {product} {ergonomic}
   size_t G1HeapRegionSize                         = 1048576                                   {product} {ergonomic}
    uintx GCDrainStackTargetSize                   = 64                                        {product} {ergonomic}
   size_t InitialHeapSize                          = 58720256                                  {product} {ergonomic}
   size_t MarkStackSize                            = 4194304                                   {product} {ergonomic}
   size_t MaxHeapSize                              = 924844032                                 {product} {ergonomic}
   size_t MaxNewSize                               = 554696704                                 {product} {ergonomic}
   size_t MinHeapDeltaBytes                        = 1048576                                   {product} {ergonomic}
   size_t MinHeapSize                              = 8388608                                   {product} {ergonomic}
    uintx NonNMethodCodeHeapSize                   = 5832780                                {pd product} {ergonomic}
    uintx NonProfiledCodeHeapSize                  = 122912730                              {pd product} {ergonomic}
    uintx ProfiledCodeHeapSize                     = 122912730                              {pd product} {ergonomic}
    uintx ReservedCodeCacheSize                    = 251658240                              {pd product} {ergonomic}
     bool SegmentedCodeCache                       = true                                      {product} {ergonomic}
   size_t SoftMaxHeapSize                          = 924844032                              {manageable} {ergonomic}
     bool UseCompressedOops                        = true                           {product lp64_product} {ergonomic}
     bool UseG1GC                                  = true                                      {product} {ergonomic}
     bool UseLargePagesIndividualAllocation        = false                                  {pd product} {ergonomic}

Logging:
Log output configuration:
 #0: stdout all=warning uptime,level,tags foldmultilines=false
 #1: stderr all=off uptime,level,tags foldmultilines=false

Release file:
JAVA_VERSION="21.0.9" 
MODULES="java.base java.compiler java.datatransfer java.xml java.prefs java.desktop java.instrument java.logging java.management java.security.sasl java.naming java.rmi java.management.rmi java.net.http java.scripting java.security.jgss java.transaction.xa java.sql java.sql.rowset java.xml.crypto java.se java.smartcardio jdk.accessibility jdk.internal.jvmstat jdk.attach jdk.charsets jdk.internal.opt jdk.zipfs jdk.compiler jdk.crypto.ec jdk.crypto.cryptoki jdk.dynalink jdk.hotspot.agent jdk.httpserver jdk.internal.ed jdk.internal.le jdk.internal.vm.ci jdk.jartool jdk.javadoc jdk.jcmd jdk.jdeps jdk.jdwp.agent jdk.jdi jdk.jfr jdk.jlink jdk.jsobject jdk.localedata jdk.management jdk.management.agent jdk.management.jfr jdk.naming.dns jdk.naming.rmi jdk.net jdk.sctp jdk.security.auth jdk.security.jgss jdk.unsupported jdk.unsupported.desktop jdk.xml.dom" 
IMPLEMENTOR="JetBrains s.r.o." 
JAVA_RUNTIME_VERSION="21.0.9+-14787801-b1163.94" 
LIBC="default" 
OS_ARCH="x86_64" 
OS_NAME="Windows" 
SOURCE=".:git:0c757ddc9f2f" 

Environment Variables:
JAVA_HOME=C:\Program Files\Android\Android Studio\jbr
CLASSPATH=C:\Users\Admin\Downloads\Auspoty\auspoty-flutter\android\\gradle\wrapper\gradle-wrapper.jar
PATH=C:\Program Files\Android\Android Studio\jbr\bin;C:\flutter\bin\;c:\Users\Admin\.trae\tools\trae-gopls\current;c:\Users\Admin\.trae\sdks\workspaces\1e5c2ad0\versions\node\current;c:\Users\Admin\.trae\sdks\versions\node\current;C:\Program Files\Microsoft\jdk-21.0.10.7-hotspot\bin;C:\Python314\Scripts\;C:\Python314\;C:\Program Files\Common Files\Oracle\Java\javapath;C:\Users\Admin\Downloads\apktool;C:\Program Files\Git\cmd;C:\Program Files\nodejs\;C:\ProgramData\chocolatey\bin;C:\Program Files\GitHub CLI\;C:\flutter\bin\;C:\Program Files\Common Files\Oracle\Java\javapath;C:\Users\Admin\Downloads\apktool;C:\Program Files\Git\cmd;C:\Users\Admin\.local\bin;C:\Users\Admin\AppData\Local\Microsoft\WindowsApps;C:\Users\Admin\AppData\Local\Python\bin;C:\flutter\bin;C:\Program Files\Git;C:\Program Files\Git\cmd;C:\Windows\System32;C:\Windows\System32\WindowsPowerShell\v1.0;C:\Users\Admin\AppData\Local\Programs\Microsoft VS Code\bin;C:\Users\Admin\AppData\Roaming\npm;C:\Users\Admin\AppData\Local\Programs\cursor\resources\app\bin;C:\Users\Admin\AppData\Local\Programs\Kiro\bin;C:\flutter\bin\mingit\cmd
USERNAME=Admin
LANG=en_US.UTF-8
OS=Windows_NT
PROCESSOR_IDENTIFIER=AMD64 Family 23 Model 24 Stepping 1, AuthenticAMD
TMP=C:\Users\Admin\AppData\Local\Temp
TEMP=C:\Users\Admin\AppData\Local\Temp




Periodic native trim disabled

JNI global refs:
JNI global refs: 9, weak refs: 1

JNI global refs memory usage: 835, weak refs: 833

Process memory usage:
Resident Set Size: 191948K (5% of 3605516K total physical memory with 259520K free physical memory)

OOME stack traces (most recent first):
Classloader memory used:
Loader jdk.internal.loader.ClassLoaders$AppClassLoader                                 : 72452K
Loader bootstrap                                                                       : 11190K

---------------  S Y S T E M  ---------------

OS:
 Windows 11 , 64 bit Build 26100 (10.0.26100.7920)
OS uptime: 0 days 0:23 hours

CPU: total 4 (initial active 4) (4 cores per cpu, 2 threads per core) family 23 model 24 stepping 1 microcode 0x8108109, cx8, cmov, fxsr, ht, mmx, 3dnowpref, sse, sse2, sse3, ssse3, sse4a, sse4.1, sse4.2, popcnt, lzcnt, tsc, tscinvbit, avx, avx2, aes, clmul, bmi1, bmi2, adx, sha, fma, vzeroupper, clflush, clflushopt, rdtscp, f16c
Processor Information for the first 4 processors :
  Max Mhz: 2600, Current Mhz: 2600, Mhz Limit: 2600

Memory: 4k page, system-wide physical 3521M (320M free)
TotalPageFile size 11712M (AvailPageFile size 206M)
current process WorkingSet (physical memory assigned to process): 189M, peak: 227M
current process commit charge ("private bytes"): 320M, peak: 321M

vm_info: OpenJDK 64-Bit Server VM (21.0.9+-14787801-b1163.94) for windows-amd64 JRE (21.0.9+-14787801-b1163.94), built on 2026-01-27T21:15:44Z by "builder" with MS VC++ 16.10 / 16.11 (VS2019)

END.
