#
# There is insufficient memory for the Java Runtime Environment to continue.
# Native memory allocation (malloc) failed to allocate 1741184 bytes. Error detail: Chunk::new
# Possible reasons:
#   The system is out of physical RAM or swap space
#   This process is running with CompressedOops enabled, and the Java Heap may be blocking the growth of the native heap
# Possible solutions:
#   Reduce memory load on the system
#   Increase physical memory or swap space
#   Check if swap backing store is full
#   Decrease Java heap size (-Xmx/-Xms)
#   Decrease number of Java threads
#   Decrease Java thread stack sizes (-Xss)
#   Set larger code cache with -XX:ReservedCodeCacheSize=
#   JVM is running with Unscaled Compressed Oops mode in which the Java heap is
#     placed in the first 4GB address space. The Java Heap base address is the
#     maximum limit for the native heap growth. Please use -XX:HeapBaseMinAddress
#     to set the Java Heap base and to place the Java Heap above 4GB virtual address.
# This output file may be truncated or incomplete.
#
#  Out of Memory Error (arena.cpp:168), pid=3376, tid=12800
#
# JRE version: OpenJDK Runtime Environment (21.0.9) (build 21.0.9+-14787801-b1163.94)
# Java VM: OpenJDK 64-Bit Server VM (21.0.9+-14787801-b1163.94, mixed mode, tiered, compressed oops, compressed class ptrs, g1 gc, windows-amd64)
# No core dump will be written. Minidumps are not enabled by default on client versions of Windows
#

---------------  S U M M A R Y ------------

Command Line: --add-opens=java.base/java.lang=ALL-UNNAMED --add-opens=java.base/java.lang.invoke=ALL-UNNAMED --add-opens=java.base/java.util=ALL-UNNAMED --add-opens=java.prefs/java.util.prefs=ALL-UNNAMED --add-exports=jdk.compiler/com.sun.tools.javac.api=ALL-UNNAMED --add-exports=jdk.compiler/com.sun.tools.javac.util=ALL-UNNAMED --add-opens=java.base/java.util=ALL-UNNAMED --add-opens=java.prefs/java.util.prefs=ALL-UNNAMED --add-opens=java.base/java.nio.charset=ALL-UNNAMED --add-opens=java.base/java.net=ALL-UNNAMED --add-opens=java.base/java.util.concurrent.atomic=ALL-UNNAMED --add-opens=java.xml/javax.xml.namespace=ALL-UNNAMED -XX:MaxMetaspaceSize=1024m -Xmx2048m -Dfile.encoding=UTF-8 -Duser.country=ID -Duser.language=en -Duser.variant -javaagent:C:\Users\Admin\.gradle\wrapper\dists\gradle-8.13-all\54h0s9kvb6g2sinako7ub77ku\gradle-8.13\lib\agents\gradle-instrumentation-agent-8.13.jar org.gradle.launcher.daemon.bootstrap.GradleDaemon 8.13

Host: AMD Ryzen 3 3250U with Radeon Graphics         , 4 cores, 3G,  Windows 11 , 64 bit Build 26100 (10.0.26100.7920)
Time: Sat Apr 11 11:12:12 2026 SE Asia Standard Time elapsed time: 84.781632 seconds (0d 0h 1m 24s)

---------------  T H R E A D  ---------------

Current thread (0x000001a9613f31e0):  JavaThread "C2 CompilerThread0" daemon [_thread_in_native, id=12800, stack(0x0000008498200000,0x0000008498300000) (1024K)]


Current CompileTask:
C2:84781 3061   !   4       java.lang.ClassLoader::loadClass (121 bytes)

Stack: [0x0000008498200000,0x0000008498300000]
Native frames: (J=compiled Java code, j=interpreted, Vv=VM code, C=native code)
V  [jvm.dll+0x6d6c99]
V  [jvm.dll+0x866b83]
V  [jvm.dll+0x8691ae]
V  [jvm.dll+0x869893]
V  [jvm.dll+0x280776]
V  [jvm.dll+0xc07cd]
V  [jvm.dll+0xc0d03]
V  [jvm.dll+0x3b986b]
V  [jvm.dll+0x3856a7]
V  [jvm.dll+0x384b1a]
V  [jvm.dll+0x249462]
V  [jvm.dll+0x248a31]
V  [jvm.dll+0x1c7344]
V  [jvm.dll+0x2581ae]
V  [jvm.dll+0x2566f6]
V  [jvm.dll+0x3f48a6]
V  [jvm.dll+0x80f118]
V  [jvm.dll+0x6d54ed]
C  [ucrtbase.dll+0x37b0]
C  [KERNEL32.DLL+0x2e8d7]
C  [ntdll.dll+0x8c48c]


---------------  P R O C E S S  ---------------

Threads class SMR info:
_java_thread_list=0x000001a967e0a6c0, length=23, elements={
0x000001a949c71f70, 0x000001a9613be9b0, 0x000001a9613d5020, 0x000001a9613d5a80,
0x000001a9613ea510, 0x000001a9613eaf70, 0x000001a9613eb9d0, 0x000001a9613f2450,
0x000001a9613f31e0, 0x000001a96145abb0, 0x000001a96168e480, 0x000001a9673e05a0,
0x000001a94a0eef10, 0x000001a966da4530, 0x000001a9678678d0, 0x000001a961637cc0,
0x000001a9669f39f0, 0x000001a966d07250, 0x000001a966d078e0, 0x000001a966d06530,
0x000001a966d06bc0, 0x000001a9670ac320, 0x000001a9670aa8e0
}

Java Threads: ( => current thread )
  0x000001a949c71f70 JavaThread "main"                              [_thread_blocked, id=3792, stack(0x0000008496d00000,0x0000008496e00000) (1024K)]
  0x000001a9613be9b0 JavaThread "Common-Cleaner"             daemon [_thread_blocked, id=10992, stack(0x0000008497b00000,0x0000008497c00000) (1024K)]
  0x000001a9613d5020 JavaThread "Reference Handler"          daemon [_thread_blocked, id=12980, stack(0x0000008497c00000,0x0000008497d00000) (1024K)]
  0x000001a9613d5a80 JavaThread "Finalizer"                  daemon [_thread_blocked, id=10628, stack(0x0000008497d00000,0x0000008497e00000) (1024K)]
  0x000001a9613ea510 JavaThread "Signal Dispatcher"          daemon [_thread_blocked, id=8800, stack(0x0000008497e00000,0x0000008497f00000) (1024K)]
  0x000001a9613eaf70 JavaThread "Attach Listener"            daemon [_thread_blocked, id=10764, stack(0x0000008497f00000,0x0000008498000000) (1024K)]
  0x000001a9613eb9d0 JavaThread "Service Thread"             daemon [_thread_blocked, id=9384, stack(0x0000008498000000,0x0000008498100000) (1024K)]
  0x000001a9613f2450 JavaThread "Monitor Deflation Thread"   daemon [_thread_blocked, id=5472, stack(0x0000008498100000,0x0000008498200000) (1024K)]
=>0x000001a9613f31e0 JavaThread "C2 CompilerThread0"         daemon [_thread_in_native, id=12800, stack(0x0000008498200000,0x0000008498300000) (1024K)]
  0x000001a96145abb0 JavaThread "C1 CompilerThread0"         daemon [_thread_blocked, id=6056, stack(0x0000008498300000,0x0000008498400000) (1024K)]
  0x000001a96168e480 JavaThread "Notification Thread"        daemon [_thread_blocked, id=10012, stack(0x0000008498400000,0x0000008498500000) (1024K)]
  0x000001a9673e05a0 JavaThread "Daemon health stats"               [_thread_blocked, id=8976, stack(0x0000008497100000,0x0000008497200000) (1024K)]
  0x000001a94a0eef10 JavaThread "Incoming local TCP Connector on port 63271"        [_thread_in_native, id=9864, stack(0x0000008496800000,0x0000008496900000) (1024K)]
  0x000001a966da4530 JavaThread "Daemon periodic checks"            [_thread_blocked, id=7436, stack(0x0000008498800000,0x0000008498900000) (1024K)]
  0x000001a9678678d0 JavaThread "Daemon"                            [_thread_blocked, id=9432, stack(0x0000008498900000,0x0000008498a00000) (1024K)]
  0x000001a961637cc0 JavaThread "Handler for socket connection from /127.0.0.1:63271 to /127.0.0.1:63272"        [_thread_in_native, id=8908, stack(0x0000008498a00000,0x0000008498b00000) (1024K)]
  0x000001a9669f39f0 JavaThread "Cancel handler"                    [_thread_blocked, id=10516, stack(0x0000008498b00000,0x0000008498c00000) (1024K)]
  0x000001a966d07250 JavaThread "Daemon worker"                     [_thread_blocked, id=1812, stack(0x0000008498c00000,0x0000008498d00000) (1024K)]
  0x000001a966d078e0 JavaThread "Asynchronous log dispatcher for DefaultDaemonConnection: socket connection from /127.0.0.1:63271 to /127.0.0.1:63272"        [_thread_blocked, id=12304, stack(0x0000008498d00000,0x0000008498e00000) (1024K)]
  0x000001a966d06530 JavaThread "Stdin handler"                     [_thread_blocked, id=12260, stack(0x0000008498e00000,0x0000008498f00000) (1024K)]
  0x000001a966d06bc0 JavaThread "Daemon client event forwarder"        [_thread_blocked, id=10060, stack(0x0000008498f00000,0x0000008499000000) (1024K)]
  0x000001a9670ac320 JavaThread "Cache worker for journal cache (C:\Users\Admin\.gradle\caches\journal-1)"        [_thread_blocked, id=5044, stack(0x0000008499000000,0x0000008499100000) (1024K)]
  0x000001a9670aa8e0 JavaThread "File lock request listener"        [_thread_in_native, id=2468, stack(0x0000008499100000,0x0000008499200000) (1024K)]
Total: 23

Other Threads:
  0x000001a961345500 VMThread "VM Thread"                           [id=4860, stack(0x0000008497a00000,0x0000008497b00000) (1024K)]
  0x000001a949de81a0 WatcherThread "VM Periodic Task Thread"        [id=12512, stack(0x0000008497900000,0x0000008497a00000) (1024K)]
  0x000001a947d19f80 WorkerThread "GC Thread#0"                     [id=5576, stack(0x0000008497400000,0x0000008497500000) (1024K)]
  0x000001a96626bf70 WorkerThread "GC Thread#1"                     [id=10156, stack(0x0000008498500000,0x0000008498600000) (1024K)]
  0x000001a9615b4080 WorkerThread "GC Thread#2"                     [id=9072, stack(0x0000008498600000,0x0000008498700000) (1024K)]
  0x000001a966265630 WorkerThread "GC Thread#3"                     [id=2812, stack(0x0000008498700000,0x0000008498800000) (1024K)]
  0x000001a949cdfbb0 ConcurrentGCThread "G1 Main Marker"            [id=96, stack(0x0000008497500000,0x0000008497600000) (1024K)]
  0x000001a949c4a650 WorkerThread "G1 Conc#0"                       [id=6460, stack(0x0000008497600000,0x0000008497700000) (1024K)]
  0x000001a949d326c0 ConcurrentGCThread "G1 Refine#0"               [id=10768, stack(0x0000008497700000,0x0000008497800000) (1024K)]
  0x000001a949d38210 ConcurrentGCThread "G1 Service"                [id=3700, stack(0x0000008497800000,0x0000008497900000) (1024K)]
Total: 10

Threads with active compile tasks:
C2 CompilerThread0  84908 3061   !   4       java.lang.ClassLoader::loadClass (121 bytes)
Total: 1

VM state: not at safepoint (normal execution)

VM Mutex/Monitor currently owned by a thread: None

Heap address: 0x0000000080000000, size: 2048 MB, Compressed Oops mode: 32-bit

CDS archive(s) not mapped
Compressed class space mapped at: 0x0000000100000000-0x0000000134000000, reserved size: 872415232
Narrow klass base: 0x0000000000000000, Narrow klass shift: 3, Narrow klass range: 0x134000000

GC Precious Log:
 CardTable entry size: 512
 Card Set container configuration: InlinePtr #cards 5 size 8 Array Of Cards #cards 12 size 40 Howl #buckets 4 coarsen threshold 1843 Howl Bitmap #cards 512 size 80 coarsen threshold 460 Card regions per heap region 1 cards per card region 2048
 CPUs: 4 total, 4 available
 Memory: 3521M
 Large Page Support: Disabled
 NUMA Support: Disabled
 Compressed Oops: Enabled (32-bit)
 Heap Region Size: 1M
 Heap Min Capacity: 8M
 Heap Initial Capacity: 56M
 Heap Max Capacity: 2G
 Pre-touch: Disabled
 Parallel Workers: 4
 Concurrent Workers: 1
 Concurrent Refinement Workers: 4
 Periodic GC: Disabled

Heap:
 garbage-first heap   total 57344K, used 43069K [0x0000000080000000, 0x0000000100000000)
  region size 1024K, 26 young (26624K), 2 survivors (2048K)
 Metaspace       used 25600K, committed 25984K, reserved 917504K
  class space    used 3169K, committed 3328K, reserved 851968K

Heap Regions: E=young(eden), S=young(survivor), O=old, HS=humongous(starts), HC=humongous(continues), CS=collection set, F=free, TAMS=top-at-mark-start, PB=parsable bottom
|   0|0x0000000080000000, 0x0000000080100000, 0x0000000080100000|100%|HS|  |TAMS 0x0000000080000000| PB 0x0000000080000000| Complete 
|   1|0x0000000080100000, 0x0000000080200000, 0x0000000080200000|100%|HC|  |TAMS 0x0000000080100000| PB 0x0000000080100000| Complete 
|   2|0x0000000080200000, 0x0000000080300000, 0x0000000080300000|100%|HC|  |TAMS 0x0000000080200000| PB 0x0000000080200000| Complete 
|   3|0x0000000080300000, 0x0000000080400000, 0x0000000080400000|100%| O|  |TAMS 0x0000000080300000| PB 0x0000000080300000| Untracked 
|   4|0x0000000080400000, 0x0000000080500000, 0x0000000080500000|100%| O|  |TAMS 0x0000000080400000| PB 0x0000000080400000| Untracked 
|   5|0x0000000080500000, 0x0000000080600000, 0x0000000080600000|100%| O|  |TAMS 0x0000000080500000| PB 0x0000000080500000| Untracked 
|   6|0x0000000080600000, 0x0000000080700000, 0x0000000080700000|100%| O|  |TAMS 0x0000000080600000| PB 0x0000000080600000| Untracked 
|   7|0x0000000080700000, 0x0000000080800000, 0x0000000080800000|100%| O|  |TAMS 0x0000000080700000| PB 0x0000000080700000| Untracked 
|   8|0x0000000080800000, 0x0000000080900000, 0x0000000080900000|100%| O|  |TAMS 0x0000000080800000| PB 0x0000000080800000| Untracked 
|   9|0x0000000080900000, 0x0000000080a00000, 0x0000000080a00000|100%| O|  |TAMS 0x0000000080900000| PB 0x0000000080900000| Untracked 
|  10|0x0000000080a00000, 0x0000000080b00000, 0x0000000080b00000|100%| O|Cm|TAMS 0x0000000080a00000| PB 0x0000000080a00000| Complete 
|  11|0x0000000080b00000, 0x0000000080c00000, 0x0000000080c00000|100%|HS|  |TAMS 0x0000000080b00000| PB 0x0000000080b00000| Complete 
|  12|0x0000000080c00000, 0x0000000080d00000, 0x0000000080d00000|100%| O|  |TAMS 0x0000000080c00000| PB 0x0000000080c00000| Untracked 
|  13|0x0000000080d00000, 0x0000000080e00000, 0x0000000080e00000|100%| O|  |TAMS 0x0000000080d00000| PB 0x0000000080d00000| Untracked 
|  14|0x0000000080e00000, 0x0000000080f00000, 0x0000000080f00000|100%| O|  |TAMS 0x0000000080e00000| PB 0x0000000080e00000| Untracked 
|  15|0x0000000080f00000, 0x0000000081000000, 0x0000000081000000|100%| O|  |TAMS 0x0000000080f00000| PB 0x0000000080f00000| Untracked 
|  16|0x0000000081000000, 0x0000000081100000, 0x0000000081100000|100%| O|  |TAMS 0x0000000081000000| PB 0x0000000081000000| Untracked 
|  17|0x0000000081100000, 0x0000000081200000, 0x0000000081200000|100%| O|  |TAMS 0x0000000081100000| PB 0x0000000081100000| Untracked 
|  18|0x0000000081200000, 0x00000000812ea7e0, 0x0000000081300000| 91%| O|  |TAMS 0x0000000081200000| PB 0x0000000081200000| Untracked 
|  19|0x0000000081300000, 0x0000000081300000, 0x0000000081400000|  0%| F|  |TAMS 0x0000000081300000| PB 0x0000000081300000| Untracked 
|  20|0x0000000081400000, 0x0000000081400000, 0x0000000081500000|  0%| F|  |TAMS 0x0000000081400000| PB 0x0000000081400000| Untracked 
|  21|0x0000000081500000, 0x0000000081500000, 0x0000000081600000|  0%| F|  |TAMS 0x0000000081500000| PB 0x0000000081500000| Untracked 
|  22|0x0000000081600000, 0x0000000081600000, 0x0000000081700000|  0%| F|  |TAMS 0x0000000081600000| PB 0x0000000081600000| Untracked 
|  23|0x0000000081700000, 0x0000000081700000, 0x0000000081800000|  0%| F|  |TAMS 0x0000000081700000| PB 0x0000000081700000| Untracked 
|  24|0x0000000081800000, 0x0000000081800000, 0x0000000081900000|  0%| F|  |TAMS 0x0000000081800000| PB 0x0000000081800000| Untracked 
|  25|0x0000000081900000, 0x0000000081900000, 0x0000000081a00000|  0%| F|  |TAMS 0x0000000081900000| PB 0x0000000081900000| Untracked 
|  26|0x0000000081a00000, 0x0000000081a00000, 0x0000000081b00000|  0%| F|  |TAMS 0x0000000081a00000| PB 0x0000000081a00000| Untracked 
|  27|0x0000000081b00000, 0x0000000081b00000, 0x0000000081c00000|  0%| F|  |TAMS 0x0000000081b00000| PB 0x0000000081b00000| Untracked 
|  28|0x0000000081c00000, 0x0000000081c00000, 0x0000000081d00000|  0%| F|  |TAMS 0x0000000081c00000| PB 0x0000000081c00000| Untracked 
|  29|0x0000000081d00000, 0x0000000081d00000, 0x0000000081e00000|  0%| F|  |TAMS 0x0000000081d00000| PB 0x0000000081d00000| Untracked 
|  30|0x0000000081e00000, 0x0000000081e23da0, 0x0000000081f00000| 14%| E|  |TAMS 0x0000000081e00000| PB 0x0000000081e00000| Complete 
|  31|0x0000000081f00000, 0x0000000082000000, 0x0000000082000000|100%| E|CS|TAMS 0x0000000081f00000| PB 0x0000000081f00000| Complete 
|  32|0x0000000082000000, 0x0000000082100000, 0x0000000082100000|100%| E|  |TAMS 0x0000000082000000| PB 0x0000000082000000| Complete 
|  33|0x0000000082100000, 0x0000000082200000, 0x0000000082200000|100%| E|CS|TAMS 0x0000000082100000| PB 0x0000000082100000| Complete 
|  34|0x0000000082200000, 0x0000000082300000, 0x0000000082300000|100%| E|CS|TAMS 0x0000000082200000| PB 0x0000000082200000| Complete 
|  35|0x0000000082300000, 0x0000000082400000, 0x0000000082400000|100%| E|CS|TAMS 0x0000000082300000| PB 0x0000000082300000| Complete 
|  36|0x0000000082400000, 0x0000000082500000, 0x0000000082500000|100%| E|CS|TAMS 0x0000000082400000| PB 0x0000000082400000| Complete 
|  37|0x0000000082500000, 0x0000000082600000, 0x0000000082600000|100%| E|CS|TAMS 0x0000000082500000| PB 0x0000000082500000| Complete 
|  38|0x0000000082600000, 0x0000000082700000, 0x0000000082700000|100%| E|CS|TAMS 0x0000000082600000| PB 0x0000000082600000| Complete 
|  39|0x0000000082700000, 0x0000000082800000, 0x0000000082800000|100%| E|CS|TAMS 0x0000000082700000| PB 0x0000000082700000| Complete 
|  40|0x0000000082800000, 0x0000000082900000, 0x0000000082900000|100%| E|CS|TAMS 0x0000000082800000| PB 0x0000000082800000| Complete 
|  41|0x0000000082900000, 0x0000000082a00000, 0x0000000082a00000|100%| E|CS|TAMS 0x0000000082900000| PB 0x0000000082900000| Complete 
|  42|0x0000000082a00000, 0x0000000082b00000, 0x0000000082b00000|100%| E|CS|TAMS 0x0000000082a00000| PB 0x0000000082a00000| Complete 
|  43|0x0000000082b00000, 0x0000000082c00000, 0x0000000082c00000|100%| E|CS|TAMS 0x0000000082b00000| PB 0x0000000082b00000| Complete 
|  44|0x0000000082c00000, 0x0000000082d00000, 0x0000000082d00000|100%| E|CS|TAMS 0x0000000082c00000| PB 0x0000000082c00000| Complete 
|  45|0x0000000082d00000, 0x0000000082e00000, 0x0000000082e00000|100%| E|CS|TAMS 0x0000000082d00000| PB 0x0000000082d00000| Complete 
|  46|0x0000000082e00000, 0x0000000082e24ff8, 0x0000000082f00000| 14%| S|CS|TAMS 0x0000000082e00000| PB 0x0000000082e00000| Complete 
|  47|0x0000000082f00000, 0x0000000083000000, 0x0000000083000000|100%| S|CS|TAMS 0x0000000082f00000| PB 0x0000000082f00000| Complete 
|  48|0x0000000083000000, 0x0000000083100000, 0x0000000083100000|100%| E|CS|TAMS 0x0000000083000000| PB 0x0000000083000000| Complete 
|  49|0x0000000083100000, 0x0000000083200000, 0x0000000083200000|100%| E|CS|TAMS 0x0000000083100000| PB 0x0000000083100000| Complete 
|  50|0x0000000083200000, 0x0000000083300000, 0x0000000083300000|100%| E|CS|TAMS 0x0000000083200000| PB 0x0000000083200000| Complete 
|  51|0x0000000083300000, 0x0000000083400000, 0x0000000083400000|100%| E|CS|TAMS 0x0000000083300000| PB 0x0000000083300000| Complete 
|  52|0x0000000083400000, 0x0000000083500000, 0x0000000083500000|100%| E|CS|TAMS 0x0000000083400000| PB 0x0000000083400000| Complete 
|  53|0x0000000083500000, 0x0000000083600000, 0x0000000083600000|100%| E|CS|TAMS 0x0000000083500000| PB 0x0000000083500000| Complete 
|  54|0x0000000083600000, 0x0000000083700000, 0x0000000083700000|100%| E|CS|TAMS 0x0000000083600000| PB 0x0000000083600000| Complete 
|  55|0x0000000083700000, 0x0000000083800000, 0x0000000083800000|100%| E|CS|TAMS 0x0000000083700000| PB 0x0000000083700000| Complete 

Card table byte_map: [0x000001a95ca20000,0x000001a95ce20000] _byte_map_base: 0x000001a95c620000

Marking Bits: (CMBitMap*) 0x000001a94a0cf730
 Bits: [0x000001a95ce20000, 0x000001a95ee20000)

Polling page: 0x000001a947e50000

Metaspace:

Usage:
  Non-class:     21.91 MB used.
      Class:      3.09 MB used.
       Both:     25.00 MB used.

Virtual space:
  Non-class space:       64.00 MB reserved,      22.12 MB ( 35%) committed,  1 nodes.
      Class space:      832.00 MB reserved,       3.25 MB ( <1%) committed,  1 nodes.
             Both:      896.00 MB reserved,      25.38 MB (  3%) committed. 

Chunk freelists:
   Non-Class:  9.14 MB
       Class:  12.77 MB
        Both:  21.90 MB

MaxMetaspaceSize: 1.00 GB
CompressedClassSpaceSize: 832.00 MB
Initial GC threshold: 21.00 MB
Current GC threshold: 35.12 MB
CDS: off
 - commit_granule_bytes: 65536.
 - commit_granule_words: 8192.
 - virtual_space_node_default_size: 8388608.
 - enlarge_chunks_in_place: 1.
 - use_allocation_guard: 0.


Internal statistics:

num_allocs_failed_limit: 3.
num_arena_births: 448.
num_arena_deaths: 0.
num_vsnodes_births: 2.
num_vsnodes_deaths: 0.
num_space_committed: 406.
num_space_uncommitted: 0.
num_chunks_returned_to_freelist: 3.
num_chunks_taken_from_freelist: 1002.
num_chunk_merges: 3.
num_chunk_splits: 646.
num_chunks_enlarged: 448.
num_inconsistent_stats: 0.

CodeHeap 'non-profiled nmethods': size=120000Kb used=1734Kb max_used=1734Kb free=118265Kb
 bounds [0x000001a954cb0000, 0x000001a954f20000, 0x000001a95c1e0000]
CodeHeap 'profiled nmethods': size=120000Kb used=6239Kb max_used=6239Kb free=113760Kb
 bounds [0x000001a94d1e0000, 0x000001a94d800000, 0x000001a954710000]
CodeHeap 'non-nmethods': size=5760Kb used=1374Kb max_used=1393Kb free=4385Kb
 bounds [0x000001a954710000, 0x000001a954980000, 0x000001a954cb0000]
CodeCache: size=245760Kb, used=9347Kb, max_used=9366Kb, free=236410Kb
 total_blobs=3638, nmethods=3082, adapters=460, full_count=0
Compilation: enabled, stopped_count=0, restarted_count=0

Compilation events (20 events):
Event: 82.473 Thread 0x000001a96145abb0 nmethod 3057 0x000001a94d7e3910 code [0x000001a94d7e3ae0, 0x000001a94d7e3f98]
Event: 82.509 Thread 0x000001a9613f31e0 3058  s    4       java.lang.Throwable::fillInStackTrace (29 bytes)
Event: 82.512 Thread 0x000001a9613f31e0 nmethod 3058 0x000001a954e5fd90 code [0x000001a954e5ff40, 0x000001a954e60308]
Event: 82.533 Thread 0x000001a96145abb0 3060       3       java.lang.invoke.MemberName$Factory::resolveOrNull (54 bytes)
Event: 82.534 Thread 0x000001a96145abb0 nmethod 3060 0x000001a94d7e4110 code [0x000001a94d7e42e0, 0x000001a94d7e4578]
Event: 82.545 Thread 0x000001a9613f31e0 3061   !   4       java.lang.ClassLoader::loadClass (121 bytes)
Event: 82.566 Thread 0x000001a96145abb0 3062       3       java.util.concurrent.locks.AbstractQueuedSynchronizer$ConditionObject::unlinkCancelledWaiters (91 bytes)
Event: 82.566 Thread 0x000001a96145abb0 nmethod 3062 0x000001a94d7e4690 code [0x000001a94d7e4860, 0x000001a94d7e4cc0]
Event: 82.566 Thread 0x000001a96145abb0 3063       3       java.util.concurrent.locks.AbstractQueuedSynchronizer$ConditionObject::enableWait (84 bytes)
Event: 82.567 Thread 0x000001a96145abb0 nmethod 3063 0x000001a94d7e4e10 code [0x000001a94d7e5040, 0x000001a94d7e5760]
Event: 82.629 Thread 0x000001a96145abb0 3065       1       java.lang.invoke.MethodHandleImpl$IntrinsicMethodHandle::getTarget (5 bytes)
Event: 82.629 Thread 0x000001a96145abb0 nmethod 3065 0x000001a954e60a10 code [0x000001a954e60ba0, 0x000001a954e60c68]
Event: 83.160 Thread 0x000001a96145abb0 3067       1       jdk.internal.event.ThreadSleepEvent::isEnabled (2 bytes)
Event: 83.160 Thread 0x000001a96145abb0 nmethod 3067 0x000001a954e60d10 code [0x000001a954e60ea0, 0x000001a954e60f68]
Event: 84.469 Thread 0x000001a96145abb0 3070       3       javax.management.ObjectName::<init> (15 bytes)
Event: 84.469 Thread 0x000001a96145abb0 nmethod 3070 0x000001a94d7e5a10 code [0x000001a94d7e5bc0, 0x000001a94d7e5d60]
Event: 84.469 Thread 0x000001a96145abb0 3071       3       sun.management.Util::newObjectName (11 bytes)
Event: 84.472 Thread 0x000001a96145abb0 nmethod 3071 0x000001a94d7e5e10 code [0x000001a94d7e6240, 0x000001a94d7e8948]
Event: 84.472 Thread 0x000001a96145abb0 3073       3       sun.management.MemoryPoolImpl::getObjectName (10 bytes)
Event: 84.776 Thread 0x000001a96145abb0 nmethod 3073 0x000001a94d7e9510 code [0x000001a94d7e9960, 0x000001a94d7ec088]

GC Heap History (16 events):
Event: 13.031 GC heap before
{Heap before GC invocations=0 (full 0):
 garbage-first heap   total 57344K, used 13312K [0x0000000080000000, 0x0000000100000000)
  region size 1024K, 13 young (13312K), 0 survivors (0K)
 Metaspace       used 7827K, committed 8000K, reserved 917504K
  class space    used 739K, committed 832K, reserved 851968K
}
Event: 13.639 GC heap after
{Heap after GC invocations=1 (full 0):
 garbage-first heap   total 57344K, used 1024K [0x0000000080000000, 0x0000000100000000)
  region size 1024K, 1 young (1024K), 1 survivors (1024K)
 Metaspace       used 7827K, committed 8000K, reserved 917504K
  class space    used 739K, committed 832K, reserved 851968K
}
Event: 21.443 GC heap before
{Heap before GC invocations=1 (full 0):
 garbage-first heap   total 57344K, used 25600K [0x0000000080000000, 0x0000000100000000)
  region size 1024K, 25 young (25600K), 1 survivors (1024K)
 Metaspace       used 8509K, committed 8640K, reserved 917504K
  class space    used 783K, committed 832K, reserved 851968K
}
Event: 21.450 GC heap after
{Heap after GC invocations=2 (full 0):
 garbage-first heap   total 57344K, used 2452K [0x0000000080000000, 0x0000000100000000)
  region size 1024K, 3 young (3072K), 3 survivors (3072K)
 Metaspace       used 8509K, committed 8640K, reserved 917504K
  class space    used 783K, committed 832K, reserved 851968K
}
Event: 32.701 GC heap before
{Heap before GC invocations=2 (full 0):
 garbage-first heap   total 57344K, used 35220K [0x0000000080000000, 0x0000000100000000)
  region size 1024K, 33 young (33792K), 3 survivors (3072K)
 Metaspace       used 11675K, committed 11840K, reserved 917504K
  class space    used 1261K, committed 1344K, reserved 851968K
}
Event: 32.716 GC heap after
{Heap after GC invocations=3 (full 0):
 garbage-first heap   total 57344K, used 10433K [0x0000000080000000, 0x0000000100000000)
  region size 1024K, 5 young (5120K), 5 survivors (5120K)
 Metaspace       used 11675K, committed 11840K, reserved 917504K
  class space    used 1261K, committed 1344K, reserved 851968K
}
Event: 38.468 GC heap before
{Heap before GC invocations=3 (full 0):
 garbage-first heap   total 57344K, used 39105K [0x0000000080000000, 0x0000000100000000)
  region size 1024K, 33 young (33792K), 5 survivors (5120K)
 Metaspace       used 12605K, committed 12800K, reserved 917504K
  class space    used 1377K, committed 1472K, reserved 851968K
}
Event: 38.479 GC heap after
{Heap after GC invocations=4 (full 0):
 garbage-first heap   total 57344K, used 11233K [0x0000000080000000, 0x0000000100000000)
  region size 1024K, 1 young (1024K), 1 survivors (1024K)
 Metaspace       used 12605K, committed 12800K, reserved 917504K
  class space    used 1377K, committed 1472K, reserved 851968K
}
Event: 41.558 GC heap before
{Heap before GC invocations=4 (full 0):
 garbage-first heap   total 57344K, used 40929K [0x0000000080000000, 0x0000000100000000)
  region size 1024K, 30 young (30720K), 1 survivors (1024K)
 Metaspace       used 12663K, committed 12864K, reserved 917504K
  class space    used 1379K, committed 1472K, reserved 851968K
}
Event: 41.561 GC heap after
{Heap after GC invocations=5 (full 0):
 garbage-first heap   total 57344K, used 11624K [0x0000000080000000, 0x0000000100000000)
  region size 1024K, 1 young (1024K), 1 survivors (1024K)
 Metaspace       used 12663K, committed 12864K, reserved 917504K
  class space    used 1379K, committed 1472K, reserved 851968K
}
Event: 45.329 GC heap before
{Heap before GC invocations=5 (full 0):
 garbage-first heap   total 57344K, used 46440K [0x0000000080000000, 0x0000000100000000)
  region size 1024K, 33 young (33792K), 1 survivors (1024K)
 Metaspace       used 12751K, committed 12928K, reserved 917504K
  class space    used 1381K, committed 1472K, reserved 851968K
}
Event: 45.336 GC heap after
{Heap after GC invocations=6 (full 0):
 garbage-first heap   total 57344K, used 15974K [0x0000000080000000, 0x0000000100000000)
  region size 1024K, 5 young (5120K), 5 survivors (5120K)
 Metaspace       used 12751K, committed 12928K, reserved 917504K
  class space    used 1381K, committed 1472K, reserved 851968K
}
Event: 64.266 GC heap before
{Heap before GC invocations=6 (full 0):
 garbage-first heap   total 57344K, used 44646K [0x0000000080000000, 0x0000000100000000)
  region size 1024K, 33 young (33792K), 5 survivors (5120K)
 Metaspace       used 19468K, committed 19776K, reserved 917504K
  class space    used 2261K, committed 2432K, reserved 851968K
}
Event: 64.287 GC heap after
{Heap after GC invocations=7 (full 0):
 garbage-first heap   total 57344K, used 19587K [0x0000000080000000, 0x0000000100000000)
  region size 1024K, 4 young (4096K), 4 survivors (4096K)
 Metaspace       used 19468K, committed 19776K, reserved 917504K
  class space    used 2261K, committed 2432K, reserved 851968K
}
Event: 75.155 GC heap before
{Heap before GC invocations=7 (full 0):
 garbage-first heap   total 57344K, used 25731K [0x0000000080000000, 0x0000000100000000)
  region size 1024K, 12 young (12288K), 4 survivors (4096K)
 Metaspace       used 21178K, committed 21504K, reserved 917504K
  class space    used 2497K, committed 2624K, reserved 851968K
}
Event: 75.177 GC heap after
{Heap after GC invocations=8 (full 0):
 garbage-first heap   total 57344K, used 20541K [0x0000000080000000, 0x0000000100000000)
  region size 1024K, 2 young (2048K), 2 survivors (2048K)
 Metaspace       used 21178K, committed 21504K, reserved 917504K
  class space    used 2497K, committed 2624K, reserved 851968K
}

Dll operation events (3 events):
Event: 3.045 Loaded shared library C:\Program Files\Android\Android Studio\jbr\bin\java.dll
Event: 3.076 Loaded shared library C:\Program Files\Android\Android Studio\jbr\bin\zip.dll
Event: 23.673 Loaded shared library C:\Program Files\Android\Android Studio\jbr\bin\verify.dll

Deoptimization events (20 events):
Event: 79.661 Thread 0x000001a966d07250 Uncommon trap: trap_request=0xffffffc6 fr.pc=0x000001a954e2fbcc relative=0x000000000000088c
Event: 79.661 Thread 0x000001a966d07250 Uncommon trap: reason=bimorphic_or_optimized_type_check action=maybe_recompile pc=0x000001a954e2fbcc method=java.util.HashMap.putVal(ILjava/lang/Object;Ljava/lang/Object;ZZ)Ljava/lang/Object; @ 91 c2
Event: 79.661 Thread 0x000001a966d07250 DEOPT PACKING pc=0x000001a954e2fbcc sp=0x0000008498cfc930
Event: 79.661 Thread 0x000001a966d07250 DEOPT UNPACKING pc=0x000001a9547643a2 sp=0x0000008498cfc8c0 mode 2
Event: 79.661 Thread 0x000001a966d07250 Uncommon trap: trap_request=0xffffffc6 fr.pc=0x000001a954e2fbcc relative=0x000000000000088c
Event: 79.661 Thread 0x000001a966d07250 Uncommon trap: reason=bimorphic_or_optimized_type_check action=maybe_recompile pc=0x000001a954e2fbcc method=java.util.HashMap.putVal(ILjava/lang/Object;Ljava/lang/Object;ZZ)Ljava/lang/Object; @ 91 c2
Event: 79.661 Thread 0x000001a966d07250 DEOPT PACKING pc=0x000001a954e2fbcc sp=0x0000008498cfc930
Event: 79.661 Thread 0x000001a966d07250 DEOPT UNPACKING pc=0x000001a9547643a2 sp=0x0000008498cfc8c0 mode 2
Event: 79.686 Thread 0x000001a966d07250 Uncommon trap: trap_request=0xffffff45 fr.pc=0x000001a954d53728 relative=0x0000000000000268
Event: 79.686 Thread 0x000001a966d07250 Uncommon trap: reason=unstable_if action=reinterpret pc=0x000001a954d53728 method=java.util.concurrent.ConcurrentHashMap.get(Ljava/lang/Object;)Ljava/lang/Object; @ 76 c2
Event: 79.686 Thread 0x000001a966d07250 DEOPT PACKING pc=0x000001a954d53728 sp=0x0000008498cfbe80
Event: 79.686 Thread 0x000001a966d07250 DEOPT UNPACKING pc=0x000001a9547643a2 sp=0x0000008498cfbde8 mode 2
Event: 81.073 Thread 0x000001a966d07250 Uncommon trap: trap_request=0xffffff45 fr.pc=0x000001a954e3e40c relative=0x0000000000000e4c
Event: 81.073 Thread 0x000001a966d07250 Uncommon trap: reason=unstable_if action=reinterpret pc=0x000001a954e3e40c method=java.lang.invoke.LambdaForm$Name.replaceNames([Ljava/lang/invoke/LambdaForm$Name;[Ljava/lang/invoke/LambdaForm$Name;II)Ljava/lang/invoke/LambdaForm$Name; @ 3 c2
Event: 81.073 Thread 0x000001a966d07250 DEOPT PACKING pc=0x000001a954e3e40c sp=0x0000008498cfd4f0
Event: 81.073 Thread 0x000001a966d07250 DEOPT UNPACKING pc=0x000001a9547643a2 sp=0x0000008498cfd4b8 mode 2
Event: 82.499 Thread 0x000001a966d07250 Uncommon trap: trap_request=0xffffff45 fr.pc=0x000001a954d19bd4 relative=0x0000000000000114
Event: 82.499 Thread 0x000001a966d07250 Uncommon trap: reason=unstable_if action=reinterpret pc=0x000001a954d19bd4 method=java.lang.ThreadLocal$ThreadLocalMap.getEntry(Ljava/lang/ThreadLocal;)Ljava/lang/ThreadLocal$ThreadLocalMap$Entry; @ 29 c2
Event: 82.499 Thread 0x000001a966d07250 DEOPT PACKING pc=0x000001a954d19bd4 sp=0x0000008498cfc210
Event: 82.499 Thread 0x000001a966d07250 DEOPT UNPACKING pc=0x000001a9547643a2 sp=0x0000008498cfc0c8 mode 2

Classes loaded (20 events):
Event: 80.963 Loading class jdk/internal/org/objectweb/asm/ClassReader
Event: 80.965 Loading class jdk/internal/org/objectweb/asm/ClassReader done
Event: 80.999 Loading class sun/reflect/generics/scope/ConstructorScope
Event: 80.999 Loading class sun/reflect/generics/scope/ConstructorScope done
Event: 82.436 Loading class java/nio/file/attribute/PosixFilePermission
Event: 82.437 Loading class java/nio/file/attribute/PosixFilePermission done
Event: 82.439 Loading class java/nio/file/attribute/PosixFilePermissions
Event: 82.439 Loading class java/nio/file/attribute/PosixFilePermissions done
Event: 82.439 Loading class java/nio/file/attribute/PosixFilePermissions$1
Event: 82.439 Loading class java/nio/file/attribute/PosixFilePermissions$1 done
Event: 82.526 Loading class java/util/concurrent/ArrayBlockingQueue
Event: 82.527 Loading class java/util/concurrent/ArrayBlockingQueue done
Event: 82.527 Loading class java/util/concurrent/locks/ReentrantLock$FairSync
Event: 82.528 Loading class java/util/concurrent/locks/ReentrantLock$FairSync done
Event: 82.550 Loading class sun/misc/Unsafe
Event: 82.554 Loading class sun/misc/Unsafe done
Event: 83.711 Loading class java/net/DatagramPacket
Event: 83.712 Loading class java/net/DatagramPacket done
Event: 83.712 Loading class sun/nio/ch/DatagramChannelImpl$DatagramPackets
Event: 83.713 Loading class sun/nio/ch/DatagramChannelImpl$DatagramPackets done

Classes unloaded (0 events):
No events

Classes redefined (0 events):
No events

Internal exceptions (20 events):
Event: 66.399 Thread 0x000001a94a0eef10 Implicit null exception at 0x000001a954d58fd6 to 0x000001a954d59234
Event: 73.783 Thread 0x000001a9678678d0 Exception <a 'sun/nio/fs/WindowsException'{0x00000000832e6e28}> (0x00000000832e6e28) 
thrown [s\src\hotspot\share\prims\jni.cpp, line 537]
Event: 73.874 Thread 0x000001a9678678d0 Exception <a 'java/lang/NoSuchMethodError'{0x00000000832fde38}: 'void java.lang.invoke.DirectMethodHandle$Holder.invokeSpecial(java.lang.Object, java.lang.Object, java.lang.Object)'> (0x00000000832fde38) 
thrown [s\src\hotspot\share\interpreter\linkResolver.cpp, line 784]
Event: 75.562 Thread 0x000001a966da4530 Exception <a 'sun/nio/fs/WindowsException'{0x00000000837333b8}> (0x00000000837333b8) 
thrown [s\src\hotspot\share\prims\jni.cpp, line 537]
Event: 75.569 Thread 0x000001a966da4530 Exception <a 'sun/nio/fs/WindowsException'{0x0000000083745938}> (0x0000000083745938) 
thrown [s\src\hotspot\share\prims\jni.cpp, line 537]
Event: 75.569 Thread 0x000001a966da4530 Implicit null exception at 0x000001a954cde820 to 0x000001a954cdee6c
Event: 75.569 Thread 0x000001a966da4530 Exception <a 'sun/nio/fs/WindowsException'{0x0000000083747168}> (0x0000000083747168) 
thrown [s\src\hotspot\share\prims\jni.cpp, line 537]
Event: 75.570 Thread 0x000001a966da4530 Exception <a 'sun/nio/fs/WindowsException'{0x00000000837b7d20}> (0x00000000837b7d20) 
thrown [s\src\hotspot\share\prims\jni.cpp, line 537]
Event: 75.571 Thread 0x000001a966da4530 Exception <a 'sun/nio/fs/WindowsException'{0x00000000837b9550}> (0x00000000837b9550) 
thrown [s\src\hotspot\share\prims\jni.cpp, line 537]
Event: 75.579 Thread 0x000001a966da4530 Exception <a 'sun/nio/fs/WindowsException'{0x00000000837c0a68}> (0x00000000837c0a68) 
thrown [s\src\hotspot\share\prims\jni.cpp, line 537]
Event: 76.301 Thread 0x000001a966d07250 Exception <a 'java/lang/NoSuchMethodError'{0x0000000083412118}: 'long java.lang.invoke.DirectMethodHandle$Holder.invokeInterface(java.lang.Object, java.lang.Object)'> (0x0000000083412118) 
thrown [s\src\hotspot\share\interpreter\linkResolver.cpp, line 784]
Event: 78.578 Thread 0x000001a966d07250 Exception <a 'java/lang/NoSuchMethodError'{0x00000000830bd2d0}: 'java.lang.Object java.lang.invoke.DirectMethodHandle$Holder.invokeVirtual(java.lang.Object, java.lang.Object, java.lang.Object, java.lang.Object, java.lang.Object, java.lang.Object, java.lang.Object, java.lang.Object, java.lang.Object, java.lang.Object, java.lang.Object, java.lang.Object)'> (0x00000000830bd2d0) 
thrown [s\src\hotspot\share\interpreter\linkResolver.cpp, line 784]
Event: 78.580 Thread 0x000001a966d07250 Exception <a 'java/lang/NoSuchMethodError'{0x00000000830c2420}: 'java.lang.Object java.lang.invoke.DirectMethodHandle$Holder.invokeSpecial(java.lang.Object, java.lang.Object, java.lang.Object, java.lang.Object, java.lang.Object, java.lang.Object, java.lang.Object, java.lang.Object, java.lang.Object, java.lang.Object, java.lang.Object, java.lang.Object, java.lang.Object)'> (0x00000000830c2420) 
thrown [s\src\hotspot\share\interpreter\linkResolver.cpp, line 784]
Event: 80.823 Thread 0x000001a966d07250 Exception <a 'java/lang/NoSuchMethodError'{0x0000000082917280}: 'java.lang.Object java.lang.invoke.DirectMethodHandle$Holder.newInvokeSpecial(java.lang.Object, java.lang.Object, java.lang.Object, java.lang.Object, java.lang.Object, java.lang.Object)'> (0x0000000082917280) 
thrown [s\src\hotspot\share\interpreter\linkResolver.cpp, line 784]
Event: 81.066 Thread 0x000001a966d07250 Exception <a 'java/lang/NoSuchMethodError'{0x00000000827e0110}: 'void java.lang.invoke.DelegatingMethodHandle$Holder.reinvoke_L(java.lang.Object, java.lang.Object, java.lang.Object, java.lang.Object, java.lang.Object, java.lang.Object, java.lang.Object, java.lang.Object, java.lang.Object, java.lang.Object)'> (0x00000000827e0110) 
thrown [s\src\hotspot\share\interpreter\linkResolver.cpp, line 784]
Event: 81.067 Thread 0x000001a966d07250 Exception <a 'java/lang/NoSuchMethodError'{0x00000000827e7bf0}: 'java.lang.Object java.lang.invoke.Invokers$Holder.invoker(java.lang.Object, java.lang.Object, java.lang.Object, java.lang.Object, java.lang.Object, java.lang.Object, java.lang.Object, java.lang.Object, java.lang.Object, java.lang.Object)'> (0x00000000827e7bf0) 
thrown [s\src\hotspot\share\interpreter\linkResolver.cpp, line 784]
Event: 82.449 Thread 0x000001a966d07250 Exception <a 'java/lang/NoSuchMethodError'{0x0000000082016530}: 'void java.lang.invoke.DirectMethodHandle$Holder.invokeInterface(java.lang.Object, java.lang.Object)'> (0x0000000082016530) 
thrown [s\src\hotspot\share\interpreter\linkResolver.cpp, line 784]
Event: 82.451 Thread 0x000001a966d07250 Exception <a 'java/lang/IncompatibleClassChangeError'{0x0000000082019cb0}: Found class java.lang.Object, but interface was expected> (0x0000000082019cb0) 
thrown [s\src\hotspot\share\interpreter\linkResolver.cpp, line 851]
Event: 82.533 Thread 0x000001a966d07250 Exception <a 'java/lang/NoSuchMethodError'{0x0000000081f3d7c8}: 'java.lang.Object java.lang.invoke.DirectMethodHandle$Holder.newInvokeSpecial(java.lang.Object, java.lang.Object, int)'> (0x0000000081f3d7c8) 
thrown [s\src\hotspot\share\interpreter\linkResolver.cpp, line 784]
Event: 82.713 Thread 0x000001a966d07250 Exception <a 'sun/nio/fs/WindowsException'{0x0000000081f8d890}> (0x0000000081f8d890) 
thrown [s\src\hotspot\share\prims\jni.cpp, line 537]

ZGC Phase Switch (0 events):
No events

VM Operations (20 events):
Event: 75.543 Executing VM operation: G1PauseRemark done
Event: 75.553 Executing VM operation: G1PauseCleanup
Event: 75.562 Executing VM operation: G1PauseCleanup done
Event: 76.572 Executing VM operation: Cleanup
Event: 76.692 Executing VM operation: Cleanup done
Event: 77.697 Executing VM operation: Cleanup
Event: 77.698 Executing VM operation: Cleanup done
Event: 78.708 Executing VM operation: Cleanup
Event: 78.956 Executing VM operation: Cleanup done
Event: 79.959 Executing VM operation: Cleanup
Event: 80.278 Executing VM operation: Cleanup done
Event: 81.283 Executing VM operation: Cleanup
Event: 81.283 Executing VM operation: Cleanup done
Event: 82.290 Executing VM operation: Cleanup
Event: 82.290 Executing VM operation: Cleanup done
Event: 82.528 Executing VM operation: HandshakeAllThreads (Deoptimize)
Event: 82.528 Executing VM operation: HandshakeAllThreads (Deoptimize) done
Event: 83.534 Executing VM operation: Cleanup
Event: 83.534 Executing VM operation: Cleanup done
Event: 84.545 Executing VM operation: Cleanup

Memory protections (0 events):
No events

Nmethod flushes (0 events):
No events

Events (20 events):
Event: 7.535 Loaded shared library C:\Program Files\Android\Android Studio\jbr\bin\zip.dll
Event: 7.776 Thread 0x000001a949c71f70 Thread added: 0x000001a96168e480
Event: 19.407 Loaded shared library C:\Program Files\Android\Android Studio\jbr\bin\jimage.dll
Event: 25.798 Loaded shared library C:\Users\Admin\.gradle\native\1def1411415f61bf3af743bc5b6707747c0891f09f0c88961ee8f79bc544acac\windows-amd64\native-platform.dll
Event: 25.948 Loaded shared library C:\Users\Admin\.gradle\native\0.2.7\x86_64-windows-gnu\gradle-fileevents.dll
Event: 52.533 Loaded shared library C:\Program Files\Android\Android Studio\jbr\bin\management.dll
Event: 52.549 Loaded shared library C:\Program Files\Android\Android Studio\jbr\bin\management_ext.dll
Event: 53.463 Thread 0x000001a949c71f70 Thread added: 0x000001a9673e05a0
Event: 58.726 Loaded shared library C:\Program Files\Android\Android Studio\jbr\bin\extnet.dll
Event: 63.661 Thread 0x000001a949c71f70 Thread added: 0x000001a94a0eef10
Event: 64.817 Thread 0x000001a949c71f70 Thread added: 0x000001a966da4530
Event: 70.060 Thread 0x000001a94a0eef10 Thread added: 0x000001a9678678d0
Event: 70.246 Thread 0x000001a9678678d0 Thread added: 0x000001a961637cc0
Event: 73.755 Thread 0x000001a9678678d0 Thread added: 0x000001a9669f39f0
Event: 74.197 Thread 0x000001a9678678d0 Thread added: 0x000001a966d07250
Event: 74.678 Thread 0x000001a966d07250 Thread added: 0x000001a966d078e0
Event: 74.909 Thread 0x000001a966d07250 Thread added: 0x000001a966d06530
Event: 74.914 Thread 0x000001a966d07250 Thread added: 0x000001a966d06bc0
Event: 82.529 Thread 0x000001a966d07250 Thread added: 0x000001a9670ac320
Event: 83.709 Thread 0x000001a966d07250 Thread added: 0x000001a9670aa8e0


Dynamic libraries:
0x00007ff601d30000 - 0x00007ff601d3a000 	C:\Program Files\Android\Android Studio\jbr\bin\java.exe
0x00007ffbec280000 - 0x00007ffbec4e7000 	C:\Windows\SYSTEM32\ntdll.dll
0x00007ffbeb9c0000 - 0x00007ffbeba89000 	C:\Windows\System32\KERNEL32.DLL
0x00007ffbe8b60000 - 0x00007ffbe8f51000 	C:\Windows\System32\KERNELBASE.dll
0x00007ffbc1540000 - 0x00007ffbc15ee000 	c:\Users\Admin\AppData\Local\Programs\Trae\resources\app\modules\sandbox\x64\trae_sbox.dll
0x00007ffbec0c0000 - 0x00007ffbec17b000 	C:\Windows\System32\ADVAPI32.dll
0x00007ffbea750000 - 0x00007ffbea7f9000 	C:\Windows\System32\msvcrt.dll
0x00007ffbebeb0000 - 0x00007ffbebf57000 	C:\Windows\System32\sechost.dll
0x00007ffbebc90000 - 0x00007ffbebda8000 	C:\Windows\System32\RPCRT4.dll
0x00007ffbe9360000 - 0x00007ffbe94ab000 	C:\Windows\System32\ucrtbase.dll
0x00007ffb90c40000 - 0x00007ffb90c58000 	C:\Program Files\Android\Android Studio\jbr\bin\jli.dll
0x00007ffbeb680000 - 0x00007ffbeb845000 	C:\Windows\System32\USER32.dll
0x00007ffbe9ff0000 - 0x00007ffbea017000 	C:\Windows\System32\win32u.dll
0x00007ffbea200000 - 0x00007ffbea22b000 	C:\Windows\System32\GDI32.dll
0x00007ffbe9010000 - 0x00007ffbe913a000 	C:\Windows\System32\gdi32full.dll
0x00007ffbe8f60000 - 0x00007ffbe9003000 	C:\Windows\System32\msvcp_win.dll
0x00007ffb89d00000 - 0x00007ffb89d1b000 	C:\Program Files\Android\Android Studio\jbr\bin\VCRUNTIME140.dll
0x00007ffbd8470000 - 0x00007ffbd8703000 	C:\Windows\WinSxS\amd64_microsoft.windows.common-controls_6595b64144ccf1df_6.0.26100.7922_none_3e089e1ee3342171\COMCTL32.dll
0x00007ffbc8c10000 - 0x00007ffbc8c9f000 	c:\Users\Admin\AppData\Local\Programs\Trae\resources\app\modules\sandbox\x64\sbox_ipc.dll
0x00007ffbec180000 - 0x00007ffbec1b1000 	C:\Windows\System32\IMM32.DLL
0x00007ffb889a0000 - 0x00007ffb889ac000 	C:\Program Files\Android\Android Studio\jbr\bin\vcruntime140_1.dll
0x00007ffb79b40000 - 0x00007ffb79bcd000 	C:\Program Files\Android\Android Studio\jbr\bin\msvcp140.dll
0x00007ffbddda0000 - 0x00007ffbddfe2000 	C:\Windows\SYSTEM32\dbghelp.dll
0x00007ffbea800000 - 0x00007ffbeab82000 	C:\Windows\System32\combase.dll
0x00007ffbeb420000 - 0x00007ffbeb4f7000 	C:\Windows\System32\OLEAUT32.dll
0x00007ffbd09e0000 - 0x00007ffbd0a1b000 	C:\Windows\SYSTEM32\dbgcore.DLL
0x00007ffb78ea0000 - 0x00007ffb79b36000 	C:\Program Files\Android\Android Studio\jbr\bin\server\jvm.dll
0x00007ffbeb600000 - 0x00007ffbeb674000 	C:\Windows\System32\WS2_32.dll
0x00007ffbe89c0000 - 0x00007ffbe8a1e000 	C:\Windows\SYSTEM32\POWRPROF.dll
0x00007ffbe3230000 - 0x00007ffbe3265000 	C:\Windows\SYSTEM32\WINMM.dll
0x00007ffbe3220000 - 0x00007ffbe322b000 	C:\Windows\SYSTEM32\VERSION.dll
0x00007ffbe89a0000 - 0x00007ffbe89b4000 	C:\Windows\SYSTEM32\UMPDC.dll
0x00007ffbe78f0000 - 0x00007ffbe790b000 	C:\Windows\SYSTEM32\kernel.appcore.dll
0x00007ffb88990000 - 0x00007ffb8899a000 	C:\Program Files\Android\Android Studio\jbr\bin\jimage.dll
0x00007ffbe9140000 - 0x00007ffbe91e5000 	C:\Windows\System32\bcryptPrimitives.dll
0x00007ffbc6520000 - 0x00007ffbc652e000 	C:\Program Files\Android\Android Studio\jbr\bin\instrument.dll
0x00007ffb879b0000 - 0x00007ffb879d0000 	C:\Program Files\Android\Android Studio\jbr\bin\java.dll
0x00007ffbeabf0000 - 0x00007ffbeb34f000 	C:\Windows\System32\Shell32.dll
0x00007ffbe91f0000 - 0x00007ffbe935a000 	C:\Windows\System32\wintypes.dll
0x00007ffbe9780000 - 0x00007ffbe9fe4000 	C:\Windows\System32\windows.storage.dll
0x00007ffbeb8c0000 - 0x00007ffbeb9b7000 	C:\Windows\System32\shcore.dll
0x00007ffbe66a0000 - 0x00007ffbe674a000 	C:\Windows\system32\uxtheme.dll
0x00007ffbeb850000 - 0x00007ffbeb8b7000 	C:\Windows\System32\shlwapi.dll
0x00007ffbebdb0000 - 0x00007ffbebe5e000 	C:\Windows\System32\clbcatq.dll
0x00007ffbebae0000 - 0x00007ffbebc75000 	C:\Windows\System32\ole32.dll
0x00007ffbe86f0000 - 0x00007ffbe8747000 	C:\Windows\SYSTEM32\CFGMGR32.dll
0x00007ffbe4450000 - 0x00007ffbe4553000 	C:\Windows\system32\propsys.dll
0x00007ffbe7a10000 - 0x00007ffbe7a46000 	C:\Windows\SYSTEM32\ntmarta.dll
0x00007ffbe64e0000 - 0x00007ffbe657f000 	C:\Windows\SYSTEM32\apphelp.dll
0x00007ffbe7b90000 - 0x00007ffbe7bd9000 	C:\Windows\System32\SspiCli.dll
0x00007ffbe8a50000 - 0x00007ffbe8a7a000 	C:\Windows\SYSTEM32\bcrypt.dll
0x00007ffbe8a80000 - 0x00007ffbe8aa9000 	C:\Windows\SYSTEM32\profapi.dll
0x00007ffb87990000 - 0x00007ffb879a8000 	C:\Program Files\Android\Android Studio\jbr\bin\zip.dll
0x00007ffb88980000 - 0x00007ffb88990000 	C:\Program Files\Android\Android Studio\jbr\bin\net.dll
0x00007ffbdeb50000 - 0x00007ffbdec77000 	C:\Windows\SYSTEM32\WINHTTP.dll
0x00007ffbe7e60000 - 0x00007ffbe7ecb000 	C:\Windows\system32\mswsock.dll
0x00007ffb7a900000 - 0x00007ffb7a916000 	C:\Program Files\Android\Android Studio\jbr\bin\nio.dll
0x00007ffb7a8f0000 - 0x00007ffb7a900000 	C:\Program Files\Android\Android Studio\jbr\bin\verify.dll
0x00007ffbc6540000 - 0x00007ffbc6567000 	C:\Users\Admin\.gradle\native\1def1411415f61bf3af743bc5b6707747c0891f09f0c88961ee8f79bc544acac\windows-amd64\native-platform.dll
0x00007ffbc64a0000 - 0x00007ffbc6518000 	C:\Users\Admin\.gradle\native\0.2.7\x86_64-windows-gnu\gradle-fileevents.dll
0x00007ffbc6580000 - 0x00007ffbc6589000 	C:\Program Files\Android\Android Studio\jbr\bin\management.dll
0x00007ffbc6570000 - 0x00007ffbc657b000 	C:\Program Files\Android\Android Studio\jbr\bin\management_ext.dll
0x00007ffbeb410000 - 0x00007ffbeb418000 	C:\Windows\System32\PSAPI.DLL
0x00007ffbe7350000 - 0x00007ffbe7383000 	C:\Windows\SYSTEM32\IPHLPAPI.DLL
0x00007ffbeb400000 - 0x00007ffbeb40a000 	C:\Windows\System32\NSI.dll
0x00007ffbc6530000 - 0x00007ffbc6539000 	C:\Program Files\Android\Android Studio\jbr\bin\extnet.dll
0x00007ffbe8140000 - 0x00007ffbe815b000 	C:\Windows\SYSTEM32\CRYPTSP.dll
0x00007ffbe7850000 - 0x00007ffbe7889000 	C:\Windows\system32\rsaenh.dll
0x00007ffbe7f10000 - 0x00007ffbe7f42000 	C:\Windows\SYSTEM32\USERENV.dll
0x00007ffbe8160000 - 0x00007ffbe816c000 	C:\Windows\SYSTEM32\CRYPTBASE.dll
0x00007ffbc6490000 - 0x00007ffbc6498000 	C:\Windows\system32\wshunix.dll

JVMTI agents:
C:\Users\Admin\.gradle\wrapper\dists\gradle-8.13-all\54h0s9kvb6g2sinako7ub77ku\gradle-8.13\lib\agents\gradle-instrumentation-agent-8.13.jar path:C:\Program Files\Android\Android Studio\jbr\bin\instrument.dll, loaded, initialized, instrumentlib options:none

dbghelp: loaded successfully - version: 4.0.5 - missing functions: none
symbol engine: initialized successfully - sym options: 0x614 - pdb path: .;C:\Program Files\Android\Android Studio\jbr\bin;C:\Windows\SYSTEM32;c:\Users\Admin\AppData\Local\Programs\Trae\resources\app\modules\sandbox\x64;C:\Windows\WinSxS\amd64_microsoft.windows.common-controls_6595b64144ccf1df_6.0.26100.7922_none_3e089e1ee3342171;C:\Program Files\Android\Android Studio\jbr\bin\server;C:\Users\Admin\.gradle\native\1def1411415f61bf3af743bc5b6707747c0891f09f0c88961ee8f79bc544acac\windows-amd64;C:\Users\Admin\.gradle\native\0.2.7\x86_64-windows-gnu

VM Arguments:
jvm_args: --add-opens=java.base/java.lang=ALL-UNNAMED --add-opens=java.base/java.lang.invoke=ALL-UNNAMED --add-opens=java.base/java.util=ALL-UNNAMED --add-opens=java.prefs/java.util.prefs=ALL-UNNAMED --add-exports=jdk.compiler/com.sun.tools.javac.api=ALL-UNNAMED --add-exports=jdk.compiler/com.sun.tools.javac.util=ALL-UNNAMED --add-opens=java.base/java.util=ALL-UNNAMED --add-opens=java.prefs/java.util.prefs=ALL-UNNAMED --add-opens=java.base/java.nio.charset=ALL-UNNAMED --add-opens=java.base/java.net=ALL-UNNAMED --add-opens=java.base/java.util.concurrent.atomic=ALL-UNNAMED --add-opens=java.xml/javax.xml.namespace=ALL-UNNAMED -XX:MaxMetaspaceSize=1024m -Xmx2048m -Dfile.encoding=UTF-8 -Duser.country=ID -Duser.language=en -Duser.variant -javaagent:C:\Users\Admin\.gradle\wrapper\dists\gradle-8.13-all\54h0s9kvb6g2sinako7ub77ku\gradle-8.13\lib\agents\gradle-instrumentation-agent-8.13.jar 
java_command: org.gradle.launcher.daemon.bootstrap.GradleDaemon 8.13
java_class_path (initial): C:\Users\Admin\.gradle\wrapper\dists\gradle-8.13-all\54h0s9kvb6g2sinako7ub77ku\gradle-8.13\lib\gradle-daemon-main-8.13.jar
Launcher Type: SUN_STANDARD

[Global flags]
     intx CICompilerCount                          = 3                                         {product} {ergonomic}
   size_t CompressedClassSpaceSize                 = 872415232                                 {product} {ergonomic}
     uint ConcGCThreads                            = 1                                         {product} {ergonomic}
     uint G1ConcRefinementThreads                  = 4                                         {product} {ergonomic}
   size_t G1HeapRegionSize                         = 1048576                                   {product} {ergonomic}
    uintx GCDrainStackTargetSize                   = 64                                        {product} {ergonomic}
   size_t InitialHeapSize                          = 58720256                                  {product} {ergonomic}
   size_t MarkStackSize                            = 4194304                                   {product} {ergonomic}
   size_t MaxHeapSize                              = 2147483648                                {product} {command line}
   size_t MaxMetaspaceSize                         = 1073741824                                {product} {command line}
   size_t MaxNewSize                               = 1287651328                                {product} {ergonomic}
   size_t MinHeapDeltaBytes                        = 1048576                                   {product} {ergonomic}
   size_t MinHeapSize                              = 8388608                                   {product} {ergonomic}
    uintx NonNMethodCodeHeapSize                   = 5832780                                {pd product} {ergonomic}
    uintx NonProfiledCodeHeapSize                  = 122912730                              {pd product} {ergonomic}
    uintx ProfiledCodeHeapSize                     = 122912730                              {pd product} {ergonomic}
    uintx ReservedCodeCacheSize                    = 251658240                              {pd product} {ergonomic}
     bool SegmentedCodeCache                       = true                                      {product} {ergonomic}
   size_t SoftMaxHeapSize                          = 2147483648                             {manageable} {ergonomic}
     bool UseCompressedOops                        = true                           {product lp64_product} {ergonomic}
     bool UseG1GC                                  = true                                      {product} {ergonomic}
     bool UseLargePagesIndividualAllocation        = false                                  {pd product} {ergonomic}

Logging:
Log output configuration:
 #0: stdout all=warning uptime,level,tags foldmultilines=false
 #1: stderr all=off uptime,level,tags foldmultilines=false

Release file:
JAVA_VERSION="21.0.9" 
MODULES="java.base java.compiler java.datatransfer java.xml java.prefs java.desktop java.instrument java.logging java.management java.security.sasl java.naming java.rmi java.management.rmi java.net.http java.scripting java.security.jgss java.transaction.xa java.sql java.sql.rowset java.xml.crypto java.se java.smartcardio jdk.accessibility jdk.internal.jvmstat jdk.attach jdk.charsets jdk.internal.opt jdk.zipfs jdk.compiler jdk.crypto.ec jdk.crypto.cryptoki jdk.dynalink jdk.hotspot.agent jdk.httpserver jdk.internal.ed jdk.internal.le jdk.internal.vm.ci jdk.jartool jdk.javadoc jdk.jcmd jdk.jdeps jdk.jdwp.agent jdk.jdi jdk.jfr jdk.jlink jdk.jsobject jdk.localedata jdk.management jdk.management.agent jdk.management.jfr jdk.naming.dns jdk.naming.rmi jdk.net jdk.sctp jdk.security.auth jdk.security.jgss jdk.unsupported jdk.unsupported.desktop jdk.xml.dom" 
IMPLEMENTOR="JetBrains s.r.o." 
JAVA_RUNTIME_VERSION="21.0.9+-14787801-b1163.94" 
LIBC="default" 
OS_ARCH="x86_64" 
OS_NAME="Windows" 
SOURCE=".:git:0c757ddc9f2f" 

Environment Variables:
JAVA_HOME=C:\Program Files\Android\Android Studio\jbr
CLASSPATH=C:\Users\Admin\Downloads\Auspoty\auspoty-flutter\android\\gradle\wrapper\gradle-wrapper.jar
PATH=C:\Program Files\Android\Android Studio\jbr\bin;C:\flutter\bin\;c:\Users\Admin\.trae\tools\trae-gopls\current;c:\Users\Admin\.trae\sdks\workspaces\1e5c2ad0\versions\node\current;c:\Users\Admin\.trae\sdks\versions\node\current;C:\Program Files\Microsoft\jdk-21.0.10.7-hotspot\bin;C:\Python314\Scripts\;C:\Python314\;C:\Program Files\Common Files\Oracle\Java\javapath;C:\Users\Admin\Downloads\apktool;C:\Program Files\Git\cmd;C:\Program Files\nodejs\;C:\ProgramData\chocolatey\bin;C:\Program Files\GitHub CLI\;C:\flutter\bin\;C:\Program Files\Common Files\Oracle\Java\javapath;C:\Users\Admin\Downloads\apktool;C:\Program Files\Git\cmd;C:\Users\Admin\.local\bin;C:\Users\Admin\AppData\Local\Microsoft\WindowsApps;C:\Users\Admin\AppData\Local\Python\bin;C:\flutter\bin;C:\Program Files\Git;C:\Program Files\Git\cmd;C:\Windows\System32;C:\Windows\System32\WindowsPowerShell\v1.0;C:\Users\Admin\AppData\Local\Programs\Microsoft VS Code\bin;C:\Users\Admin\AppData\Roaming\npm;C:\Users\Admin\AppData\Local\Programs\cursor\resources\app\bin;C:\Users\Admin\AppData\Local\Programs\Kiro\bin;C:\flutter\bin\mingit\cmd
USERNAME=Admin
LANG=en_US.UTF-8
OS=Windows_NT
PROCESSOR_IDENTIFIER=AMD64 Family 23 Model 24 Stepping 1, AuthenticAMD
TMP=C:\Users\Admin\AppData\Local\Temp
TEMP=C:\Users\Admin\AppData\Local\Temp




Periodic native trim disabled

JNI global refs:
JNI global refs: 22, weak refs: 0

JNI global refs memory usage: 835, weak refs: 833

Process memory usage:
Resident Set Size: 121588K (3% of 3605516K total physical memory with 153388K free physical memory)

OOME stack traces (most recent first):
Classloader memory used:
Loader bootstrap                                                                       : 16170K
Loader org.gradle.internal.classloader.VisitableURLClassLoader                         : 8524K
Loader org.gradle.initialization.MixInLegacyTypesClassLoader                           : 555K
Loader jdk.internal.loader.ClassLoaders$AppClassLoader                                 : 234K
Loader jdk.internal.loader.ClassLoaders$PlatformClassLoader                            : 116K

Classes loaded by more than one classloader:
Class org.gradle.internal.classloader.FilteringClassLoader                            : loaded 2 times (x 105B)
Class org.gradle.internal.classloader.ClassLoaderHierarchy                            : loaded 2 times (x 70B)
Class org.gradle.api.internal.classpath.ManifestUtil                                  : loaded 2 times (x 71B)
Class org.gradle.internal.classloader.ClassLoaderVisitor                              : loaded 2 times (x 76B)
Class org.gradle.api.internal.classpath.EffectiveClassPath                            : loaded 2 times (x 90B)
Class org.gradle.api.internal.DefaultClassPathProvider                                : loaded 2 times (x 76B)
Class [Lorg.gradle.api.internal.ClassPathProvider;                                    : loaded 2 times (x 69B)
Class org.gradle.api.internal.ClassPathProvider                                       : loaded 2 times (x 70B)
Class org.gradle.internal.service.UnknownServiceException                             : loaded 2 times (x 83B)
Class org.gradle.internal.classpath.TransformedClassPath                              : loaded 2 times (x 96B)
Class org.gradle.internal.classloader.InstrumentingClassLoader                        : loaded 2 times (x 70B)
Class org.gradle.internal.service.ServiceLocator                                      : loaded 2 times (x 70B)
Class org.gradle.internal.InternalTransformer                                         : loaded 2 times (x 70B)
Class org.gradle.internal.classloader.ClasspathUtil$1                                 : loaded 2 times (x 76B)
Class org.gradle.api.internal.classpath.DefaultModuleRegistry$DefaultModule           : loaded 2 times (x 86B)
Class org.gradle.api.internal.classpath.Module                                        : loaded 2 times (x 70B)
Class org.gradle.api.internal.classpath.UnknownModuleException                        : loaded 2 times (x 82B)
Class org.gradle.api.internal.DefaultClassPathRegistry                                : loaded 2 times (x 76B)
Class org.gradle.api.internal.ClassPathRegistry                                       : loaded 2 times (x 70B)
Class org.gradle.internal.classpath.DefaultClassPath$ImmutableUniqueList              : loaded 2 times (x 199B)
Class org.gradle.internal.classpath.ClassPath                                         : loaded 2 times (x 70B)
Class org.gradle.api.UncheckedIOException                                             : loaded 2 times (x 82B)
Class org.gradle.internal.installation.GradleInstallation$1                           : loaded 2 times (x 75B)
Class org.gradle.api.internal.classpath.ModuleRegistry                                : loaded 2 times (x 70B)
Class org.gradle.api.internal.classpath.DefaultModuleRegistry                         : loaded 2 times (x 86B)
Class org.gradle.internal.service.ServiceLookupException                              : loaded 2 times (x 82B)
Class org.gradle.internal.classloader.ClassLoaderFactory                              : loaded 2 times (x 70B)
Class org.gradle.internal.service.CachingServiceLocator                               : loaded 2 times (x 82B)
Class org.gradle.internal.classloader.ClasspathUtil                                   : loaded 2 times (x 71B)
Class org.gradle.api.specs.Spec                                                       : loaded 2 times (x 70B)
Class org.gradle.internal.classloader.VisitableURLClassLoader$InstrumentingVisitableURLClassLoader: loaded 2 times (x 123B)
Class org.gradle.internal.classloader.VisitableURLClassLoader$Spec                    : loaded 2 times (x 74B)
Class org.gradle.internal.classpath.DefaultClassPath                                  : loaded 2 times (x 90B)
Class org.gradle.internal.classloader.ClassLoaderSpec                                 : loaded 2 times (x 71B)
Class org.gradle.internal.classloader.VisitableURLClassLoader                         : loaded 2 times (x 117B)
Class org.gradle.internal.Cast                                                        : loaded 2 times (x 71B)
Class org.gradle.api.Action                                                           : loaded 2 times (x 70B)
Class org.gradle.internal.classpath.DefaultClassPath$ImmutableUniqueList$Builder      : loaded 2 times (x 75B)
Class org.gradle.api.GradleException                                                  : loaded 2 times (x 82B)
Class org.gradle.internal.IoActions                                                   : loaded 2 times (x 71B)
Class org.gradle.internal.classloader.SystemClassLoaderSpec                           : loaded 2 times (x 71B)
Class org.gradle.api.internal.classpath.GlobalCacheRootsProvider                      : loaded 2 times (x 70B)
Class org.gradle.internal.installation.CurrentGradleInstallationLocator               : loaded 2 times (x 71B)
Class org.gradle.internal.service.DefaultServiceLocator                               : loaded 2 times (x 83B)
Class org.gradle.internal.installation.CurrentGradleInstallation                      : loaded 2 times (x 73B)
Class org.gradle.util.internal.GUtil                                                  : loaded 2 times (x 71B)
Class org.gradle.internal.installation.GradleInstallation                             : loaded 2 times (x 75B)

---------------  S Y S T E M  ---------------

OS:
 Windows 11 , 64 bit Build 26100 (10.0.26100.7920)
OS uptime: 0 days 0:45 hours

CPU: total 4 (initial active 4) (4 cores per cpu, 2 threads per core) family 23 model 24 stepping 1 microcode 0x8108109, cx8, cmov, fxsr, ht, mmx, 3dnowpref, sse, sse2, sse3, ssse3, sse4a, sse4.1, sse4.2, popcnt, lzcnt, tsc, tscinvbit, avx, avx2, aes, clmul, bmi1, bmi2, adx, sha, fma, vzeroupper, clflush, clflushopt, rdtscp, f16c
Processor Information for the first 4 processors :
  Max Mhz: 2600, Current Mhz: 2600, Mhz Limit: 2600

Memory: 4k page, system-wide physical 3521M (142M free)
TotalPageFile size 11713M (AvailPageFile size 13M)
current process WorkingSet (physical memory assigned to process): 118M, peak: 121M
current process commit charge ("private bytes"): 188M, peak: 191M

vm_info: OpenJDK 64-Bit Server VM (21.0.9+-14787801-b1163.94) for windows-amd64 JRE (21.0.9+-14787801-b1163.94), built on 2026-01-27T21:15:44Z by "builder" with MS VC++ 16.10 / 16.11 (VS2019)

END.
